C:\web\trepdev\trepidation\vms-source\code\cgame\.\Debug\cgame.dll.intermediate.manifest
C:\WEB\TREPDEV\TREPIDATION\VMS-SOURCE\CODE\CGAME\DEBUG\BG_MISC.OBJ
C:\WEB\TREPDEV\TREPIDATION\VMS-SOURCE\CODE\CGAME\DEBUG\BG_MISC.SBR
C:\WEB\TREPDEV\TREPIDATION\VMS-SOURCE\CODE\CGAME\DEBUG\BG_PMOVE.OBJ
C:\WEB\TREPDEV\TREPIDATION\VMS-SOURCE\CODE\CGAME\DEBUG\BG_PMOVE.SBR
C:\WEB\TREPDEV\TREPIDATION\VMS-SOURCE\CODE\CGAME\DEBUG\BG_SLIDEMOVE.OBJ
C:\WEB\TREPDEV\TREPIDATION\VMS-SOURCE\CODE\CGAME\DEBUG\BG_SLIDEMOVE.SBR
C:\WEB\TREPDEV\TREPIDATION\VMS-SOURCE\CODE\CGAME\DEBUG\CG_CONSOLECMDS.OBJ
C:\WEB\TREPDEV\TREPIDATION\VMS-SOURCE\CODE\CGAME\DEBUG\CG_CONSOLECMDS.SBR
C:\WEB\TREPDEV\TREPIDATION\VMS-SOURCE\CODE\CGAME\DEBUG\CG_DRAW.OBJ
C:\WEB\TREPDEV\TREPIDATION\VMS-SOURCE\CODE\CGAME\DEBUG\CG_DRAW.SBR
C:\WEB\TREPDEV\TREPIDATION\VMS-SOURCE\CODE\CGAME\DEBUG\CG_DRAWTOOLS.OBJ
C:\WEB\TREPDEV\TREPIDATION\VMS-SOURCE\CODE\CGAME\DEBUG\CG_DRAWTOOLS.SBR
C:\WEB\TREPDEV\TREPIDATION\VMS-SOURCE\CODE\CGAME\DEBUG\CG_EFFECTS.OBJ
C:\WEB\TREPDEV\TREPIDATION\VMS-SOURCE\CODE\CGAME\DEBUG\CG_EFFECTS.SBR
C:\WEB\TREPDEV\TREPIDATION\VMS-SOURCE\CODE\CGAME\DEBUG\CG_ENTS.OBJ
C:\WEB\TREPDEV\TREPIDATION\VMS-SOURCE\CODE\CGAME\DEBUG\CG_ENTS.SBR
C:\WEB\TREPDEV\TREPIDATION\VMS-SOURCE\CODE\CGAME\DEBUG\CG_EVENT.OBJ
C:\WEB\TREPDEV\TREPIDATION\VMS-SOURCE\CODE\CGAME\DEBUG\CG_EVENT.SBR
C:\WEB\TREPDEV\TREPIDATION\VMS-SOURCE\CODE\CGAME\DEBUG\CG_INFO.OBJ
C:\WEB\TREPDEV\TREPIDATION\VMS-SOURCE\CODE\CGAME\DEBUG\CG_INFO.SBR
C:\WEB\TREPDEV\TREPIDATION\VMS-SOURCE\CODE\CGAME\DEBUG\CG_LOCALENTS.OBJ
C:\WEB\TREPDEV\TREPIDATION\VMS-SOURCE\CODE\CGAME\DEBUG\CG_LOCALENTS.SBR
C:\WEB\TREPDEV\TREPIDATION\VMS-SOURCE\CODE\CGAME\DEBUG\CG_MAIN.OBJ
C:\WEB\TREPDEV\TREPIDATION\VMS-SOURCE\CODE\CGAME\DEBUG\CG_MAIN.SBR
C:\WEB\TREPDEV\TREPIDATION\VMS-SOURCE\CODE\CGAME\DEBUG\CG_MARKS.OBJ
C:\WEB\TREPDEV\TREPIDATION\VMS-SOURCE\CODE\CGAME\DEBUG\CG_MARKS.SBR
C:\WEB\TREPDEV\TREPIDATION\VMS-SOURCE\CODE\CGAME\DEBUG\CG_PLAYERS.OBJ
C:\WEB\TREPDEV\TREPIDATION\VMS-SOURCE\CODE\CGAME\DEBUG\CG_PLAYERS.SBR
C:\WEB\TREPDEV\TREPIDATION\VMS-SOURCE\CODE\CGAME\DEBUG\CG_PLAYERSTATE.OBJ
C:\WEB\TREPDEV\TREPIDATION\VMS-SOURCE\CODE\CGAME\DEBUG\CG_PLAYERSTATE.SBR
C:\WEB\TREPDEV\TREPIDATION\VMS-SOURCE\CODE\CGAME\DEBUG\CG_PREDICT.OBJ
C:\WEB\TREPDEV\TREPIDATION\VMS-SOURCE\CODE\CGAME\DEBUG\CG_PREDICT.SBR
C:\WEB\TREPDEV\TREPIDATION\VMS-SOURCE\CODE\CGAME\DEBUG\CG_SCANNER.OBJ
C:\WEB\TREPDEV\TREPIDATION\VMS-SOURCE\CODE\CGAME\DEBUG\CG_SCANNER.SBR
C:\WEB\TREPDEV\TREPIDATION\VMS-SOURCE\CODE\CGAME\DEBUG\CG_SCOREBOARD.OBJ
C:\WEB\TREPDEV\TREPIDATION\VMS-SOURCE\CODE\CGAME\DEBUG\CG_SCOREBOARD.SBR
C:\WEB\TREPDEV\TREPIDATION\VMS-SOURCE\CODE\CGAME\DEBUG\CG_SERVERCMDS.OBJ
C:\WEB\TREPDEV\TREPIDATION\VMS-SOURCE\CODE\CGAME\DEBUG\CG_SERVERCMDS.SBR
C:\WEB\TREPDEV\TREPIDATION\VMS-SOURCE\CODE\CGAME\DEBUG\CG_SNAPSHOT.OBJ
C:\WEB\TREPDEV\TREPIDATION\VMS-SOURCE\CODE\CGAME\DEBUG\CG_SNAPSHOT.SBR
C:\WEB\TREPDEV\TREPIDATION\VMS-SOURCE\CODE\CGAME\DEBUG\CG_SYSCALLS.OBJ
C:\WEB\TREPDEV\TREPIDATION\VMS-SOURCE\CODE\CGAME\DEBUG\CG_SYSCALLS.SBR
C:\WEB\TREPDEV\TREPIDATION\VMS-SOURCE\CODE\CGAME\DEBUG\CG_UNLAGGED.OBJ
C:\WEB\TREPDEV\TREPIDATION\VMS-SOURCE\CODE\CGAME\DEBUG\CG_UNLAGGED.SBR
C:\WEB\TREPDEV\TREPIDATION\VMS-SOURCE\CODE\CGAME\DEBUG\CG_VIEW.OBJ
C:\WEB\TREPDEV\TREPIDATION\VMS-SOURCE\CODE\CGAME\DEBUG\CG_VIEW.SBR
C:\WEB\TREPDEV\TREPIDATION\VMS-SOURCE\CODE\CGAME\DEBUG\CG_WEAPONS.OBJ
C:\WEB\TREPDEV\TREPIDATION\VMS-SOURCE\CODE\CGAME\DEBUG\CG_WEAPONS.SBR
C:\WEB\TREPDEV\TREPIDATION\VMS-SOURCE\CODE\CGAME\DEBUG\CGAME.DLL.EMBED.MANIFEST
C:\WEB\TREPDEV\TREPIDATION\VMS-SOURCE\CODE\CGAME\DEBUG\CGAME.DLL.EMBED.MANIFEST.RES
C:\web\trepdev\trepidation\vms-source\code\cgame\Debug\cgame.dll.intermediate.manifest
C:\web\trepdev\trepidation\vms-source\code\cgame\Debug\cgame.vcxprojResolveAssemblyReference.cache
C:\web\trepdev\trepidation\vms-source\code\cgame\Debug\cgame.write.1.tlog
C:\web\trepdev\trepidation\vms-source\code\cgame\Debug\cgame_manifest.rc
C:\web\trepdev\trepidation\vms-source\code\cgame\Debug\cgamex86.exp
C:\web\trepdev\trepidation\vms-source\code\cgame\Debug\cgamex86.lib
C:\web\trepdev\trepidation\vms-source\code\cgame\Debug\cgamex86.pdb
C:\web\trepdev\trepidation\vms-source\code\cgame\Debug\cl.command.1.tlog
C:\web\trepdev\trepidation\vms-source\code\cgame\Debug\CL.read.1.tlog
C:\web\trepdev\trepidation\vms-source\code\cgame\Debug\CL.write.1.tlog
C:\web\trepdev\trepidation\vms-source\code\cgame\Debug\link.6788.read.1.tlog
C:\web\trepdev\trepidation\vms-source\code\cgame\Debug\link.6788.write.1.tlog
C:\web\trepdev\trepidation\vms-source\code\cgame\Debug\link.6788-cvtres.read.1.tlog
C:\web\trepdev\trepidation\vms-source\code\cgame\Debug\link.6788-cvtres.write.1.tlog
C:\web\trepdev\trepidation\vms-source\code\cgame\Debug\link.command.1.tlog
C:\web\trepdev\trepidation\vms-source\code\cgame\Debug\link.read.1.tlog
C:\web\trepdev\trepidation\vms-source\code\cgame\Debug\link.write.1.tlog
C:\web\trepdev\trepidation\vms-source\code\cgame\Debug\link-cvtres.read.1.tlog
C:\web\trepdev\trepidation\vms-source\code\cgame\Debug\link-cvtres.write.1.tlog
C:\web\trepdev\trepidation\vms-source\code\cgame\Debug\mt.command.1.tlog
C:\web\trepdev\trepidation\vms-source\code\cgame\Debug\mt.read.1.tlog
C:\web\trepdev\trepidation\vms-source\code\cgame\Debug\mt.write.1.tlog
C:\WEB\TREPDEV\TREPIDATION\VMS-SOURCE\CODE\CGAME\DEBUG\Q_MATH.OBJ
C:\WEB\TREPDEV\TREPIDATION\VMS-SOURCE\CODE\CGAME\DEBUG\Q_MATH.SBR
C:\WEB\TREPDEV\TREPIDATION\VMS-SOURCE\CODE\CGAME\DEBUG\Q_SHARED.OBJ
C:\WEB\TREPDEV\TREPIDATION\VMS-SOURCE\CODE\CGAME\DEBUG\Q_SHARED.SBR
C:\web\trepdev\trepidation\vms-source\code\cgame\Debug\rc.command.1.tlog
C:\web\trepdev\trepidation\vms-source\code\cgame\Debug\rc.read.1.tlog
C:\web\trepdev\trepidation\vms-source\code\cgame\Debug\rc.write.1.tlog
C:\WEB\TREPDEV\TREPIDATION\VMS-SOURCE\CODE\CGAME\DEBUG\UI_SHARED.OBJ
C:\WEB\TREPDEV\TREPIDATION\VMS-SOURCE\CODE\CGAME\DEBUG\UI_SHARED.SBR
C:\web\trepdev\trepidation\vms-source\code\cgame\Debug\vc100.idb
C:\WEB\TREPDEV\TREPIDATION\VMS-SOURCE\CODE\CGAME\DEBUG\VC100.PDB
