Build started 10/31/2016 9:09:01 PM.
     1>Project "C:\web\trepdev\trepidation\vms-source\code\cgame\cgame.vcxproj" on node 2 (build target(s)).
     1>InitializeBuildStatus:
         Touching ".\Debug\cgame.unsuccessfulbuild".
       ClCompile:
         C:\Program Files\Microsoft Visual Studio 10.0\VC\bin\CL.exe /c /ZI /nologo /W3 /WX- /Od /Oy- /D WIN32 /D _DEBUG /D _WINDOWS /D _VC80_UPGRADE=0x0600 /D _WINDLL /Gm /EHsc /MTd /GS /fp:precise /Zc:wchar_t /Zc:forScope /Fo".\Debug/" /Fd".\Debug/vc100.pdb" /FR".\Debug\\" /Gd /TC /analyze- /errorReport:prompt ..\game\bg_misc.c ..\game\bg_pmove.c ..\game\bg_slidemove.c cg_consolecmds.c cg_draw.c cg_drawtools.c cg_effects.c cg_ents.c cg_event.c cg_info.c cg_localents.c cg_main.c cg_marks.c cg_players.c cg_playerstate.c cg_predict.c cg_scanner.c cg_scoreboard.c cg_servercmds.c cg_snapshot.c cg_syscalls.c cg_unlagged.c cg_view.c cg_weapons.c ..\game\q_math.c ..\game\q_shared.c ..\ui\ui_shared.c
         ui_shared.c
     1>c:\web\trepdev\trepidation\vms-source\code\ui\ui_shared.c(169): warning C4996: 'strcpy': This function or variable may be unsafe. Consider using strcpy_s instead. To disable deprecation, use _CRT_SECURE_NO_WARNINGS. See online help for details.
                 c:\program files\microsoft visual studio 10.0\vc\include\string.h(105) : see declaration of 'strcpy'
     1>c:\web\trepdev\trepidation\vms-source\code\ui\ui_shared.c(240): warning C4996: 'vsprintf': This function or variable may be unsafe. Consider using vsprintf_s instead. To disable deprecation, use _CRT_SECURE_NO_WARNINGS. See online help for details.
                 c:\program files\microsoft visual studio 10.0\vc\include\stdio.h(371) : see declaration of 'vsprintf'
     1>c:\web\trepdev\trepidation\vms-source\code\ui\ui_shared.c(262): warning C4996: 'vsprintf': This function or variable may be unsafe. Consider using vsprintf_s instead. To disable deprecation, use _CRT_SECURE_NO_WARNINGS. See online help for details.
                 c:\program files\microsoft visual studio 10.0\vc\include\stdio.h(371) : see declaration of 'vsprintf'
     1>c:\web\trepdev\trepidation\vms-source\code\ui\ui_shared.c(2922): warning C4996: 'strncpy': This function or variable may be unsafe. Consider using strncpy_s instead. To disable deprecation, use _CRT_SECURE_NO_WARNINGS. See online help for details.
                 c:\program files\microsoft visual studio 10.0\vc\include\string.h(188) : see declaration of 'strncpy'
     1>c:\web\trepdev\trepidation\vms-source\code\ui\ui_shared.c(3352): warning C4996: 'strcat': This function or variable may be unsafe. Consider using strcat_s instead. To disable deprecation, use _CRT_SECURE_NO_WARNINGS. See online help for details.
                 c:\program files\microsoft visual studio 10.0\vc\include\string.h(110) : see declaration of 'strcat'
     1>c:\web\trepdev\trepidation\vms-source\code\ui\ui_shared.c(3353): warning C4996: 'strcat': This function or variable may be unsafe. Consider using strcat_s instead. To disable deprecation, use _CRT_SECURE_NO_WARNINGS. See online help for details.
                 c:\program files\microsoft visual studio 10.0\vc\include\string.h(110) : see declaration of 'strcat'
     1>c:\web\trepdev\trepidation\vms-source\code\ui\ui_shared.c(3358): warning C4996: 'strcpy': This function or variable may be unsafe. Consider using strcpy_s instead. To disable deprecation, use _CRT_SECURE_NO_WARNINGS. See online help for details.
                 c:\program files\microsoft visual studio 10.0\vc\include\string.h(105) : see declaration of 'strcpy'
         q_shared.c
     1>c:\web\trepdev\trepidation\vms-source\code\game\q_shared.c(248): warning C4996: 'vsprintf': This function or variable may be unsafe. Consider using vsprintf_s instead. To disable deprecation, use _CRT_SECURE_NO_WARNINGS. See online help for details.
                 c:\program files\microsoft visual studio 10.0\vc\include\stdio.h(371) : see declaration of 'vsprintf'
     1>c:\web\trepdev\trepidation\vms-source\code\game\q_shared.c(260): warning C4996: 'vsprintf': This function or variable may be unsafe. Consider using vsprintf_s instead. To disable deprecation, use _CRT_SECURE_NO_WARNINGS. See online help for details.
                 c:\program files\microsoft visual studio 10.0\vc\include\stdio.h(371) : see declaration of 'vsprintf'
     1>c:\web\trepdev\trepidation\vms-source\code\game\q_shared.c(703): warning C4996: 'strncpy': This function or variable may be unsafe. Consider using strncpy_s instead. To disable deprecation, use _CRT_SECURE_NO_WARNINGS. See online help for details.
                 c:\program files\microsoft visual studio 10.0\vc\include\string.h(188) : see declaration of 'strncpy'
     1>c:\web\trepdev\trepidation\vms-source\code\game\q_shared.c(856): warning C4996: 'vsprintf': This function or variable may be unsafe. Consider using vsprintf_s instead. To disable deprecation, use _CRT_SECURE_NO_WARNINGS. See online help for details.
                 c:\program files\microsoft visual studio 10.0\vc\include\stdio.h(371) : see declaration of 'vsprintf'
     1>c:\web\trepdev\trepidation\vms-source\code\game\q_shared.c(892): warning C4996: 'vsprintf': This function or variable may be unsafe. Consider using vsprintf_s instead. To disable deprecation, use _CRT_SECURE_NO_WARNINGS. See online help for details.
                 c:\program files\microsoft visual studio 10.0\vc\include\stdio.h(371) : see declaration of 'vsprintf'
     1>c:\web\trepdev\trepidation\vms-source\code\game\q_shared.c(1052): warning C4996: 'strcpy': This function or variable may be unsafe. Consider using strcpy_s instead. To disable deprecation, use _CRT_SECURE_NO_WARNINGS. See online help for details.
                 c:\program files\microsoft visual studio 10.0\vc\include\string.h(105) : see declaration of 'strcpy'
     1>c:\web\trepdev\trepidation\vms-source\code\game\q_shared.c(1107): warning C4996: 'strcpy': This function or variable may be unsafe. Consider using strcpy_s instead. To disable deprecation, use _CRT_SECURE_NO_WARNINGS. See online help for details.
                 c:\program files\microsoft visual studio 10.0\vc\include\string.h(105) : see declaration of 'strcpy'
     1>c:\web\trepdev\trepidation\vms-source\code\game\q_shared.c(1182): warning C4996: 'strcat': This function or variable may be unsafe. Consider using strcat_s instead. To disable deprecation, use _CRT_SECURE_NO_WARNINGS. See online help for details.
                 c:\program files\microsoft visual studio 10.0\vc\include\string.h(110) : see declaration of 'strcat'
     1>c:\web\trepdev\trepidation\vms-source\code\game\q_shared.c(1183): warning C4996: 'strcpy': This function or variable may be unsafe. Consider using strcpy_s instead. To disable deprecation, use _CRT_SECURE_NO_WARNINGS. See online help for details.
                 c:\program files\microsoft visual studio 10.0\vc\include\string.h(105) : see declaration of 'strcpy'
     1>c:\web\trepdev\trepidation\vms-source\code\game\q_shared.c(1230): warning C4996: 'strcat': This function or variable may be unsafe. Consider using strcat_s instead. To disable deprecation, use _CRT_SECURE_NO_WARNINGS. See online help for details.
                 c:\program files\microsoft visual studio 10.0\vc\include\string.h(110) : see declaration of 'strcat'
         q_math.c
         cg_weapons.c
     1>c:\web\trepdev\trepidation\vms-source\code\cgame\cg_weapons.c(702): warning C4996: 'strcpy': This function or variable may be unsafe. Consider using strcpy_s instead. To disable deprecation, use _CRT_SECURE_NO_WARNINGS. See online help for details.
                 c:\program files\microsoft visual studio 10.0\vc\include\string.h(105) : see declaration of 'strcpy'
     1>c:\web\trepdev\trepidation\vms-source\code\cgame\cg_weapons.c(704): warning C4996: 'strcat': This function or variable may be unsafe. Consider using strcat_s instead. To disable deprecation, use _CRT_SECURE_NO_WARNINGS. See online help for details.
                 c:\program files\microsoft visual studio 10.0\vc\include\string.h(110) : see declaration of 'strcat'
     1>c:\web\trepdev\trepidation\vms-source\code\cgame\cg_weapons.c(707): warning C4996: 'strcpy': This function or variable may be unsafe. Consider using strcpy_s instead. To disable deprecation, use _CRT_SECURE_NO_WARNINGS. See online help for details.
                 c:\program files\microsoft visual studio 10.0\vc\include\string.h(105) : see declaration of 'strcpy'
     1>c:\web\trepdev\trepidation\vms-source\code\cgame\cg_weapons.c(709): warning C4996: 'strcat': This function or variable may be unsafe. Consider using strcat_s instead. To disable deprecation, use _CRT_SECURE_NO_WARNINGS. See online help for details.
                 c:\program files\microsoft visual studio 10.0\vc\include\string.h(110) : see declaration of 'strcat'
     1>c:\web\trepdev\trepidation\vms-source\code\cgame\cg_weapons.c(712): warning C4996: 'strcpy': This function or variable may be unsafe. Consider using strcpy_s instead. To disable deprecation, use _CRT_SECURE_NO_WARNINGS. See online help for details.
                 c:\program files\microsoft visual studio 10.0\vc\include\string.h(105) : see declaration of 'strcpy'
     1>c:\web\trepdev\trepidation\vms-source\code\cgame\cg_weapons.c(714): warning C4996: 'strcat': This function or variable may be unsafe. Consider using strcat_s instead. To disable deprecation, use _CRT_SECURE_NO_WARNINGS. See online help for details.
                 c:\program files\microsoft visual studio 10.0\vc\include\string.h(110) : see declaration of 'strcat'
         cg_view.c
         cg_unlagged.c
         cg_syscalls.c
         cg_snapshot.c
         cg_servercmds.c
     1>c:\web\trepdev\trepidation\vms-source\code\cgame\cg_servercmds.c(234): warning C4996: 'strncpy': This function or variable may be unsafe. Consider using strncpy_s instead. To disable deprecation, use _CRT_SECURE_NO_WARNINGS. See online help for details.
                 c:\program files\microsoft visual studio 10.0\vc\include\string.h(188) : see declaration of 'strncpy'
     1>c:\web\trepdev\trepidation\vms-source\code\cgame\cg_servercmds.c(239): warning C4996: 'strncpy': This function or variable may be unsafe. Consider using strncpy_s instead. To disable deprecation, use _CRT_SECURE_NO_WARNINGS. See online help for details.
                 c:\program files\microsoft visual studio 10.0\vc\include\string.h(188) : see declaration of 'strncpy'
     1>c:\web\trepdev\trepidation\vms-source\code\cgame\cg_servercmds.c(247): warning C4996: 'strncpy': This function or variable may be unsafe. Consider using strncpy_s instead. To disable deprecation, use _CRT_SECURE_NO_WARNINGS. See online help for details.
                 c:\program files\microsoft visual studio 10.0\vc\include\string.h(188) : see declaration of 'strncpy'
         cg_scoreboard.c
         cg_scanner.c
         cg_predict.c
         cg_playerstate.c
         cg_players.c
         cg_marks.c
         cg_main.c
     1>c:\web\trepdev\trepidation\vms-source\code\cgame\cg_main.c(481): warning C4996: 'vsprintf': This function or variable may be unsafe. Consider using vsprintf_s instead. To disable deprecation, use _CRT_SECURE_NO_WARNINGS. See online help for details.
                 c:\program files\microsoft visual studio 10.0\vc\include\stdio.h(371) : see declaration of 'vsprintf'
     1>c:\web\trepdev\trepidation\vms-source\code\cgame\cg_main.c(492): warning C4996: 'vsprintf': This function or variable may be unsafe. Consider using vsprintf_s instead. To disable deprecation, use _CRT_SECURE_NO_WARNINGS. See online help for details.
                 c:\program files\microsoft visual studio 10.0\vc\include\stdio.h(371) : see declaration of 'vsprintf'
     1>c:\web\trepdev\trepidation\vms-source\code\cgame\cg_main.c(506): warning C4996: 'vsprintf': This function or variable may be unsafe. Consider using vsprintf_s instead. To disable deprecation, use _CRT_SECURE_NO_WARNINGS. See online help for details.
                 c:\program files\microsoft visual studio 10.0\vc\include\stdio.h(371) : see declaration of 'vsprintf'
     1>c:\web\trepdev\trepidation\vms-source\code\cgame\cg_main.c(517): warning C4996: 'vsprintf': This function or variable may be unsafe. Consider using vsprintf_s instead. To disable deprecation, use _CRT_SECURE_NO_WARNINGS. See online help for details.
                 c:\program files\microsoft visual studio 10.0\vc\include\stdio.h(371) : see declaration of 'vsprintf'
     1>c:\web\trepdev\trepidation\vms-source\code\cgame\cg_main.c(780): warning C4996: 'strcpy': This function or variable may be unsafe. Consider using strcpy_s instead. To disable deprecation, use _CRT_SECURE_NO_WARNINGS. See online help for details.
                 c:\program files\microsoft visual studio 10.0\vc\include\string.h(105) : see declaration of 'strcpy'
     1>c:\web\trepdev\trepidation\vms-source\code\cgame\cg_main.c(1131): warning C4996: 'strcpy': This function or variable may be unsafe. Consider using strcpy_s instead. To disable deprecation, use _CRT_SECURE_NO_WARNINGS. See online help for details.
                 c:\program files\microsoft visual studio 10.0\vc\include\string.h(105) : see declaration of 'strcpy'
         cg_localents.c
         cg_info.c
     1>c:\web\trepdev\trepidation\vms-source\code\cgame\cg_info.c(173): warning C4101: 'i' : unreferenced local variable
         cg_event.c
     1>c:\web\trepdev\trepidation\vms-source\code\cgame\cg_event.c(98): warning C4996: 'strcat': This function or variable may be unsafe. Consider using strcat_s instead. To disable deprecation, use _CRT_SECURE_NO_WARNINGS. See online help for details.
                 c:\program files\microsoft visual studio 10.0\vc\include\string.h(110) : see declaration of 'strcat'
     1>c:\web\trepdev\trepidation\vms-source\code\cgame\cg_event.c(259): warning C4996: 'strcpy': This function or variable may be unsafe. Consider using strcpy_s instead. To disable deprecation, use _CRT_SECURE_NO_WARNINGS. See online help for details.
                 c:\program files\microsoft visual studio 10.0\vc\include\string.h(105) : see declaration of 'strcpy'
     1>c:\web\trepdev\trepidation\vms-source\code\cgame\cg_event.c(262): warning C4996: 'strcat': This function or variable may be unsafe. Consider using strcat_s instead. To disable deprecation, use _CRT_SECURE_NO_WARNINGS. See online help for details.
                 c:\program files\microsoft visual studio 10.0\vc\include\string.h(110) : see declaration of 'strcat'
     1>c:\web\trepdev\trepidation\vms-source\code\cgame\cg_event.c(378): warning C4101: 'clientNum' : unreferenced local variable
     1>c:\web\trepdev\trepidation\vms-source\code\cgame\cg_event.c(377): warning C4101: 'ci' : unreferenced local variable
         cg_ents.c
         Generating Code...
         Compiling...
         cg_effects.c
         cg_drawtools.c
         cg_draw.c
         cg_consolecmds.c
         bg_slidemove.c
         bg_pmove.c
         bg_misc.c
         Generating Code...
       ManifestResourceCompile:
         C:\Program Files\Microsoft SDKs\Windows\v7.0A\bin\rc.exe /nologo /fo".\Debug\cgame.dll.embed.manifest.res" .\Debug\cgame_manifest.rc 
     1>C:\Program Files\MSBuild\Microsoft.Cpp\v4.0\Microsoft.CppBuild.targets(990,5): warning MSB8012: TargetPath(C:\web\trepdev\trepidation\vms-source\code\cgame\.\Debug\cgame.dll) does not match the Linker's OutputFile property value (C:\web\trepdev\trepidation\vms-source\code\Debug\cgamex86.dll). This may cause your project to build incorrectly. To correct this, please make sure that $(OutDir), $(TargetName) and $(TargetExt) property values match the value specified in %(Link.OutputFile).
     1>C:\Program Files\MSBuild\Microsoft.Cpp\v4.0\Microsoft.CppBuild.targets(992,5): warning MSB8012: TargetName(cgame) does not match the Linker's OutputFile property value (cgamex86). This may cause your project to build incorrectly. To correct this, please make sure that $(OutDir), $(TargetName) and $(TargetExt) property values match the value specified in %(Link.OutputFile).
       Link:
         C:\Program Files\Microsoft Visual Studio 10.0\VC\bin\link.exe /ERRORREPORT:PROMPT /OUT:"../Debug/cgamex86.dll" /INCREMENTAL /NOLOGO odbc32.lib odbccp32.lib kernel32.lib user32.lib gdi32.lib winspool.lib comdlg32.lib advapi32.lib shell32.lib ole32.lib oleaut32.lib uuid.lib odbc32.lib odbccp32.lib /DEF:".\cgame.def" /MANIFEST /ManifestFile:".\Debug\cgame.dll.intermediate.manifest" /MANIFESTUAC:"level='asInvoker' uiAccess='false'" /DEBUG /PDB:".\Debug/cgamex86.pdb" /MAP:".\Debug/cgamex86.map" /SUBSYSTEM:WINDOWS /TLBID:1 /BASE:"0x30000000" /DYNAMICBASE /NXCOMPAT /IMPLIB:".\Debug/cgamex86.lib" /MACHINE:X86 /DLL .\Debug\cgame.dll.embed.manifest.res
         .\Debug/bg_misc.obj
         .\Debug/bg_pmove.obj
         .\Debug/bg_slidemove.obj
         .\Debug/cg_consolecmds.obj
         .\Debug/cg_draw.obj
         .\Debug/cg_drawtools.obj
         .\Debug/cg_effects.obj
         .\Debug/cg_ents.obj
         .\Debug/cg_event.obj
         .\Debug/cg_info.obj
         .\Debug/cg_localents.obj
         .\Debug/cg_main.obj
         .\Debug/cg_marks.obj
         .\Debug/cg_players.obj
         .\Debug/cg_playerstate.obj
         .\Debug/cg_predict.obj
         .\Debug/cg_scanner.obj
         .\Debug/cg_scoreboard.obj
         .\Debug/cg_servercmds.obj
         .\Debug/cg_snapshot.obj
         .\Debug/cg_syscalls.obj
         .\Debug/cg_unlagged.obj
         .\Debug/cg_view.obj
         .\Debug/cg_weapons.obj
         .\Debug/q_math.obj
         .\Debug/q_shared.obj
         .\Debug/ui_shared.obj
            Creating library .\Debug/cgamex86.lib and object .\Debug/cgamex86.exp
       Manifest:
         C:\Program Files\Microsoft SDKs\Windows\v7.0A\bin\mt.exe /nologo /verbose /out:".\Debug\cgame.dll.embed.manifest" /manifest .\Debug\cgame.dll.intermediate.manifest
         C:\Program Files\Microsoft SDKs\Windows\v7.0A\bin\rc.exe /nologo /fo".\Debug\cgame.dll.embed.manifest.res" .\Debug\cgame_manifest.rc 
       LinkEmbedManifest:
         C:\Program Files\Microsoft Visual Studio 10.0\VC\bin\link.exe /ERRORREPORT:PROMPT /OUT:"../Debug/cgamex86.dll" /INCREMENTAL /NOLOGO odbc32.lib odbccp32.lib kernel32.lib user32.lib gdi32.lib winspool.lib comdlg32.lib advapi32.lib shell32.lib ole32.lib oleaut32.lib uuid.lib odbc32.lib odbccp32.lib /DEF:".\cgame.def" /MANIFEST /ManifestFile:".\Debug\cgame.dll.intermediate.manifest" /MANIFESTUAC:"level='asInvoker' uiAccess='false'" /DEBUG /PDB:".\Debug/cgamex86.pdb" /MAP:".\Debug/cgamex86.map" /SUBSYSTEM:WINDOWS /TLBID:1 /BASE:"0x30000000" /DYNAMICBASE /NXCOMPAT /IMPLIB:".\Debug/cgamex86.lib" /MACHINE:X86 /DLL .\Debug\cgame.dll.embed.manifest.res
         .\Debug/bg_misc.obj
         .\Debug/bg_pmove.obj
         .\Debug/bg_slidemove.obj
         .\Debug/cg_consolecmds.obj
         .\Debug/cg_draw.obj
         .\Debug/cg_drawtools.obj
         .\Debug/cg_effects.obj
         .\Debug/cg_ents.obj
         .\Debug/cg_event.obj
         .\Debug/cg_info.obj
         .\Debug/cg_localents.obj
         .\Debug/cg_main.obj
         .\Debug/cg_marks.obj
         .\Debug/cg_players.obj
         .\Debug/cg_playerstate.obj
         .\Debug/cg_predict.obj
         .\Debug/cg_scanner.obj
         .\Debug/cg_scoreboard.obj
         .\Debug/cg_servercmds.obj
         .\Debug/cg_snapshot.obj
         .\Debug/cg_syscalls.obj
         .\Debug/cg_unlagged.obj
         .\Debug/cg_view.obj
         .\Debug/cg_weapons.obj
         .\Debug/q_math.obj
         .\Debug/q_shared.obj
         .\Debug/ui_shared.obj
            Creating library .\Debug/cgamex86.lib and object .\Debug/cgamex86.exp
         cgame.vcxproj -> C:\web\trepdev\trepidation\vms-source\code\cgame\.\Debug\cgame.dll
       BscMake:
         C:\Program Files\Microsoft Visual Studio 10.0\VC\bin\bscmake.exe /nologo /o".\Debug/cgame.bsc" .\Debug\bg_misc.sbr .\Debug\bg_pmove.sbr .\Debug\bg_slidemove.sbr .\Debug\cg_consolecmds.sbr .\Debug\cg_draw.sbr .\Debug\cg_drawtools.sbr .\Debug\cg_effects.sbr .\Debug\cg_ents.sbr .\Debug\cg_event.sbr .\Debug\cg_info.sbr .\Debug\cg_localents.sbr .\Debug\cg_main.sbr .\Debug\cg_marks.sbr .\Debug\cg_players.sbr .\Debug\cg_playerstate.sbr .\Debug\cg_predict.sbr .\Debug\cg_scanner.sbr .\Debug\cg_scoreboard.sbr .\Debug\cg_servercmds.sbr .\Debug\cg_snapshot.sbr .\Debug\cg_syscalls.sbr .\Debug\cg_unlagged.sbr .\Debug\cg_view.sbr .\Debug\cg_weapons.sbr .\Debug\q_math.sbr .\Debug\q_shared.sbr .\Debug\ui_shared.sbr
       FinalizeBuildStatus:
         Deleting file ".\Debug\cgame.unsuccessfulbuild".
         Touching ".\Debug\cgame.lastbuildstate".
     1>Done Building Project "C:\web\trepdev\trepidation\vms-source\code\cgame\cgame.vcxproj" (build target(s)).

Build succeeded.

Time Elapsed 00:00:04.78
