Build started 11/20/2011 10:51:32 PM.
     1>Project "C:\build\msys\1.0\trepidation-current\trep-engine\misc\msvc\quake3.vcxproj" on node 2 (build target(s)).
     1>InitializeBuildStatus:
         Touching "..\..\build\quake3_debug\quake3.unsuccessfulbuild".
       ClCompile:
         c:\Program Files\Microsoft Visual Studio 10.0\VC\bin\CL.exe /c /I..\..\code\libcurl /I..\..\code\AL /I..\..\code\libspeex\include /I..\..\code\SDL12\include /I..\..\code\zlib /ZI /nologo /W3 /WX- /Od /Oy- /D _WIN32 /D WIN32 /D _DEBUG /D _WINDOWS /D _CRT_SECURE_NO_DEPRECATE /D BOTLIB /D USE_ICON /D USE_CURL /D USE_CURL_DLOPEN /D USE_OPENAL /D USE_OPENAL_DLOPEN /D USE_VOIP /D HAVE_CONFIG_H /Gm- /EHsc /MDd /GS /fp:precise /Zc:wchar_t /Zc:forScope /Fo"..\..\build\quake3_debug\\" /Fd"..\..\build\quake3_debug\vc100.pdb" /FR"..\..\build\quake3_debug\\" /Gd /TC /analyze- /errorReport:prompt ..\..\code\client\cl_avi.c ..\..\code\client\cl_cgame.c ..\..\code\client\cl_cin.c ..\..\code\client\cl_console.c ..\..\code\client\cl_curl.c ..\..\code\client\cl_input.c ..\..\code\client\cl_keys.c ..\..\code\client\cl_main.c ..\..\code\client\cl_net_chan.c ..\..\code\client\cl_parse.c ..\..\code\client\cl_scrn.c ..\..\code\client\cl_ui.c ..\..\code\qcommon\cm_load.c ..\..\code\qcommon\cm_patch.c ..\..\code\qcommon\cm_polylib.c ..\..\code\qcommon\cm_test.c ..\..\code\qcommon\cm_trace.c ..\..\code\qcommon\cmd.c ..\..\code\qcommon\common.c ..\..\code\sys\con_log.c ..\..\code\sys\con_passive.c ..\..\code\qcommon\cvar.c ..\..\code\qcommon\files.c ..\..\code\qcommon\huffman.c ..\..\code\qcommon\md4.c ..\..\code\qcommon\md5.c ..\..\code\qcommon\msg.c ..\..\code\qcommon\net_chan.c ..\..\code\qcommon\net_ip.c ..\..\code\qcommon\puff.c ..\..\code\qcommon\q_math.c ..\..\code\qcommon\q_shared.c ..\..\code\client\qal.c ..\..\code\sdl\sdl_gamma.c ..\..\code\sdl\sdl_glimp.c ..\..\code\sdl\sdl_input.c ..\..\code\sdl\sdl_snd.c ..\..\code\client\snd_adpcm.c ..\..\code\client\snd_codec.c ..\..\code\client\snd_codec_ogg.c ..\..\code\client\snd_codec_wav.c ..\..\code\client\snd_dma.c ..\..\code\client\snd_main.c ..\..\code\client\snd_mem.c ..\..\code\client\snd_mix.c ..\..\code\client\snd_openal.c ..\..\code\client\snd_wavelet.c ..\..\code\server\sv_bot.c ..\..\code\server\sv_ccmds.c ..\..\code\server\sv_client.c ..\..\code\server\sv_game.c ..\..\code\server\sv_init.c ..\..\code\server\sv_main.c ..\..\code\server\sv_net_chan.c ..\..\code\server\sv_snapshot.c ..\..\code\server\sv_world.c ..\..\code\sys\sys_main.c ..\..\code\sys\sys_win32.c ..\..\code\qcommon\unzip.c ..\..\code\qcommon\ioapi.c ..\..\code\qcommon\vm.c ..\..\code\qcommon\vm_interpreted.c ..\..\code\qcommon\vm_x86.c "..\..\code\jpeg-6b\jcapimin.c" "..\..\code\jpeg-6b\jcapistd.c" "..\..\code\jpeg-6b\jccoefct.c" "..\..\code\jpeg-6b\jccolor.c" "..\..\code\jpeg-6b\jcdctmgr.c" "..\..\code\jpeg-6b\jchuff.c" "..\..\code\jpeg-6b\jcinit.c" "..\..\code\jpeg-6b\jcmainct.c" "..\..\code\jpeg-6b\jcmarker.c" "..\..\code\jpeg-6b\jcmaster.c" "..\..\code\jpeg-6b\jcomapi.c" "..\..\code\jpeg-6b\jcparam.c" "..\..\code\jpeg-6b\jcphuff.c" "..\..\code\jpeg-6b\jcprepct.c" "..\..\code\jpeg-6b\jcsample.c" "..\..\code\jpeg-6b\jdapimin.c" "..\..\code\jpeg-6b\jdapistd.c" "..\..\code\jpeg-6b\jdatasrc.c" "..\..\code\jpeg-6b\jdcoefct.c" "..\..\code\jpeg-6b\jdcolor.c" "..\..\code\jpeg-6b\jddctmgr.c" "..\..\code\jpeg-6b\jdhuff.c" "..\..\code\jpeg-6b\jdinput.c" "..\..\code\jpeg-6b\jdmainct.c" "..\..\code\jpeg-6b\jdmarker.c" "..\..\code\jpeg-6b\jdmaster.c" "..\..\code\jpeg-6b\jdpostct.c" "..\..\code\jpeg-6b\jdsample.c" "..\..\code\jpeg-6b\jdtrans.c" "..\..\code\jpeg-6b\jerror.c" "..\..\code\jpeg-6b\jfdctflt.c" "..\..\code\jpeg-6b\jidctflt.c" "..\..\code\jpeg-6b\jmemmgr.c" "..\..\code\jpeg-6b\jmemnobs.c" "..\..\code\jpeg-6b\jutils.c" ..\..\code\botlib\be_aas_bspq3.c ..\..\code\botlib\be_aas_cluster.c ..\..\code\botlib\be_aas_debug.c ..\..\code\botlib\be_aas_entity.c ..\..\code\botlib\be_aas_file.c ..\..\code\botlib\be_aas_main.c ..\..\code\botlib\be_aas_move.c ..\..\code\botlib\be_aas_optimize.c ..\..\code\botlib\be_aas_reach.c ..\..\code\botlib\be_aas_route.c ..\..\code\botlib\be_aas_routealt.c ..\..\code\botlib\be_aas_sample.c ..\..\code\botlib\be_ai_char.c ..\..\code\botlib\be_ai_chat.c ..\..\code\botlib\be_ai_gen.c ..\..\code\botlib\be_ai_goal.c ..\..\code\botlib\be_ai_move.c ..\..\code\botlib\be_ai_weap.c ..\..\code\botlib\be_ai_weight.c ..\..\code\botlib\be_ea.c ..\..\code\botlib\be_interface.c ..\..\code\botlib\l_crc.c ..\..\code\botlib\l_libvar.c ..\..\code\botlib\l_log.c ..\..\code\botlib\l_memory.c ..\..\code\botlib\l_precomp.c ..\..\code\botlib\l_script.c ..\..\code\botlib\l_struct.c ..\..\code\renderer\tr_animation.c ..\..\code\renderer\tr_backend.c ..\..\code\renderer\tr_bsp.c ..\..\code\renderer\tr_cmds.c ..\..\code\renderer\tr_curve.c ..\..\code\renderer\tr_flares.c ..\..\code\renderer\tr_font.c ..\..\code\renderer\tr_image.c ..\..\code\renderer\tr_image_bmp.c ..\..\code\renderer\tr_image_jpg.c ..\..\code\renderer\tr_image_pcx.c ..\..\code\renderer\tr_image_png.c ..\..\code\renderer\tr_image_tga.c ..\..\code\renderer\tr_init.c ..\..\code\renderer\tr_light.c ..\..\code\renderer\tr_main.c ..\..\code\renderer\tr_marks.c ..\..\code\renderer\tr_mesh.c ..\..\code\renderer\tr_model.c ..\..\code\renderer\tr_noise.c ..\..\code\renderer\tr_scene.c ..\..\code\renderer\tr_shade.c ..\..\code\renderer\tr_shade_calc.c ..\..\code\renderer\tr_shader.c ..\..\code\renderer\tr_shadows.c ..\..\code\renderer\tr_sky.c ..\..\code\renderer\tr_surface.c ..\..\code\renderer\tr_world.c ..\..\code\libspeex\bits.c ..\..\code\libspeex\buffer.c ..\..\code\libspeex\cb_search.c ..\..\code\libspeex\exc_10_16_table.c ..\..\code\libspeex\exc_10_32_table.c ..\..\code\libspeex\exc_20_32_table.c ..\..\code\libspeex\exc_5_256_table.c ..\..\code\libspeex\exc_5_64_table.c ..\..\code\libspeex\exc_8_128_table.c ..\..\code\libspeex\fftwrap.c ..\..\code\libspeex\filterbank.c ..\..\code\libspeex\filters.c ..\..\code\libspeex\gain_table.c ..\..\code\libspeex\gain_table_lbr.c ..\..\code\libspeex\hexc_10_32_table.c ..\..\code\libspeex\hexc_table.c ..\..\code\libspeex\high_lsp_tables.c ..\..\code\libspeex\jitter.c ..\..\code\libspeex\kiss_fft.c ..\..\code\libspeex\kiss_fftr.c ..\..\code\libspeex\lpc.c ..\..\code\libspeex\lsp.c ..\..\code\libspeex\lsp_tables_nb.c ..\..\code\libspeex\ltp.c ..\..\code\libspeex\mdf.c ..\..\code\libspeex\modes.c ..\..\code\libspeex\modes_wb.c ..\..\code\libspeex\nb_celp.c ..\..\code\libspeex\preprocess.c ..\..\code\libspeex\quant_lsp.c ..\..\code\libspeex\resample.c ..\..\code\libspeex\sb_celp.c ..\..\code\libspeex\smallft.c ..\..\code\libspeex\speex.c ..\..\code\libspeex\speex_callbacks.c ..\..\code\libspeex\speex_header.c ..\..\code\libspeex\stereo.c ..\..\code\libspeex\vbr.c ..\..\code\libspeex\vq.c ..\..\code\libspeex\window.c ..\..\code\zlib\adler32.c ..\..\code\zlib\crc32.c ..\..\code\zlib\inffast.c ..\..\code\zlib\inflate.c ..\..\code\zlib\inftrees.c ..\..\code\zlib\zutil.c
         cl_avi.c
         cl_cgame.c
         cl_cin.c
         cl_console.c
         cl_curl.c
         cl_input.c
         cl_keys.c
         cl_main.c
         cl_net_chan.c
         cl_parse.c
         cl_scrn.c
         cl_ui.c
         cm_load.c
         cm_patch.c
         cm_polylib.c
         cm_test.c
         cm_trace.c
         cmd.c
         common.c
         con_log.c
         Generating Code...
         Compiling...
         con_passive.c
         cvar.c
         files.c
     1>c:\build\msys\1.0\trepidation-current\trep-engine\code\qcommon\files.c(2907): warning C4101: 'path' : unreferenced local variable
         huffman.c
         md4.c
         md5.c
         msg.c
         net_chan.c
         net_ip.c
         puff.c
         q_math.c
         q_shared.c
         qal.c
         sdl_gamma.c
         sdl_glimp.c
         sdl_input.c
         sdl_snd.c
         snd_adpcm.c
         snd_codec.c
         snd_codec_ogg.c
         Generating Code...
         Compiling...
         snd_codec_wav.c
         snd_dma.c
         snd_main.c
         snd_mem.c
         snd_mix.c
         snd_openal.c
         snd_wavelet.c
         sv_bot.c
         sv_ccmds.c
         sv_client.c
         sv_game.c
         sv_init.c
         sv_main.c
         sv_net_chan.c
         sv_snapshot.c
         sv_world.c
         sys_main.c
         sys_win32.c
         unzip.c
         ioapi.c
         Generating Code...
         Compiling...
         vm.c
         vm_interpreted.c
         vm_x86.c
         jcapimin.c
         jcapistd.c
         jccoefct.c
         jccolor.c
         jcdctmgr.c
         jchuff.c
         jcinit.c
         jcmainct.c
         jcmarker.c
         jcmaster.c
         jcomapi.c
         jcparam.c
         jcphuff.c
         jcprepct.c
         jcsample.c
         jdapimin.c
         jdapistd.c
         Generating Code...
         Compiling...
         jdatasrc.c
         jdcoefct.c
         jdcolor.c
         jddctmgr.c
         jdhuff.c
         jdinput.c
         jdmainct.c
         jdmarker.c
         jdmaster.c
         jdpostct.c
         jdsample.c
         jdtrans.c
         jerror.c
         jfdctflt.c
         jidctflt.c
         jmemmgr.c
         jmemnobs.c
         jutils.c
         be_aas_bspq3.c
         be_aas_cluster.c
         Generating Code...
         Compiling...
         be_aas_debug.c
         be_aas_entity.c
         be_aas_file.c
         be_aas_main.c
         be_aas_move.c
         be_aas_optimize.c
         be_aas_reach.c
         be_aas_route.c
         be_aas_routealt.c
         be_aas_sample.c
         be_ai_char.c
         be_ai_chat.c
         be_ai_gen.c
         be_ai_goal.c
         be_ai_move.c
         be_ai_weap.c
         be_ai_weight.c
         be_ea.c
         be_interface.c
         l_crc.c
         Generating Code...
         Compiling...
         l_libvar.c
         l_log.c
         l_memory.c
         l_precomp.c
         l_script.c
         l_struct.c
         tr_animation.c
         tr_backend.c
         tr_bsp.c
         tr_cmds.c
         tr_curve.c
         tr_flares.c
         tr_font.c
         tr_image.c
         tr_image_bmp.c
         tr_image_jpg.c
         tr_image_pcx.c
         tr_image_png.c
         tr_image_tga.c
         tr_init.c
         Generating Code...
         Compiling...
         tr_light.c
         tr_main.c
         tr_marks.c
         tr_mesh.c
         tr_model.c
         tr_noise.c
         tr_scene.c
         tr_shade.c
         tr_shade_calc.c
         tr_shader.c
         tr_shadows.c
         tr_sky.c
         tr_surface.c
         tr_world.c
         bits.c
         buffer.c
         cb_search.c
     1>c:\build\msys\1.0\trepidation-current\trep-engine\code\libspeex\math_approx.h(57): warning C4244: 'return' : conversion from 'double' to 'spx_word16_t', possible loss of data
     1>c:\build\msys\1.0\trepidation-current\trep-engine\code\libspeex\math_approx.h(323): warning C4244: '=' : conversion from 'double' to 'spx_word16_t', possible loss of data
     1>c:\build\msys\1.0\trepidation-current\trep-engine\code\libspeex\cb_search.c(195): warning C4244: '=' : conversion from 'double' to 'spx_sig_t', possible loss of data
     1>c:\build\msys\1.0\trepidation-current\trep-engine\code\libspeex\cb_search.c(216): warning C4244: '=' : conversion from 'double' to 'spx_word16_t', possible loss of data
     1>c:\build\msys\1.0\trepidation-current\trep-engine\code\libspeex\cb_search.c(439): warning C4244: '=' : conversion from 'double' to 'spx_word16_t', possible loss of data
     1>c:\build\msys\1.0\trepidation-current\trep-engine\code\libspeex\cb_search.c(493): warning C4244: '=' : conversion from 'double' to 'spx_sig_t', possible loss of data
     1>c:\build\msys\1.0\trepidation-current\trep-engine\code\libspeex\cb_search.c(567): warning C4244: '+=' : conversion from 'double' to 'spx_sig_t', possible loss of data
         exc_10_16_table.c
         exc_10_32_table.c
         exc_20_32_table.c
         Generating Code...
         Compiling...
         exc_5_256_table.c
         exc_5_64_table.c
         exc_8_128_table.c
         fftwrap.c
     1>c:\build\msys\1.0\trepidation-current\trep-engine\code\libspeex\fftwrap.c(107): warning C4244: 'initializing' : conversion from 'double' to 'float', possible loss of data
     1>c:\build\msys\1.0\trepidation-current\trep-engine\code\libspeex\fftwrap.c(113): warning C4244: 'initializing' : conversion from 'double' to 'float', possible loss of data
         filterbank.c
     1>c:\build\msys\1.0\trepidation-current\trep-engine\code\libspeex\math_approx.h(57): warning C4244: 'return' : conversion from 'double' to 'spx_word16_t', possible loss of data
     1>c:\build\msys\1.0\trepidation-current\trep-engine\code\libspeex\math_approx.h(323): warning C4244: '=' : conversion from 'double' to 'spx_word16_t', possible loss of data
     1>c:\build\msys\1.0\trepidation-current\trep-engine\code\libspeex\filterbank.c(63): warning C4244: '=' : conversion from 'double' to 'spx_word32_t', possible loss of data
     1>c:\build\msys\1.0\trepidation-current\trep-engine\code\libspeex\filterbank.c(83): warning C4244: '=' : conversion from 'double' to 'spx_word32_t', possible loss of data
         filters.c
     1>c:\build\msys\1.0\trepidation-current\trep-engine\code\libspeex\math_approx.h(57): warning C4244: 'return' : conversion from 'double' to 'spx_word16_t', possible loss of data
     1>c:\build\msys\1.0\trepidation-current\trep-engine\code\libspeex\math_approx.h(323): warning C4244: '=' : conversion from 'double' to 'spx_word16_t', possible loss of data
     1>c:\build\msys\1.0\trepidation-current\trep-engine\code\libspeex\filters.c(308): warning C4244: 'return' : conversion from 'double' to 'spx_word16_t', possible loss of data
     1>c:\build\msys\1.0\trepidation-current\trep-engine\code\libspeex\filters.c(735): warning C4244: '=' : conversion from 'double' to 'spx_word16_t', possible loss of data
     1>c:\build\msys\1.0\trepidation-current\trep-engine\code\libspeex\filters.c(736): warning C4244: '=' : conversion from 'double' to 'spx_word16_t', possible loss of data
     1>c:\build\msys\1.0\trepidation-current\trep-engine\code\libspeex\filters.c(737): warning C4244: '=' : conversion from 'double' to 'spx_word16_t', possible loss of data
     1>c:\build\msys\1.0\trepidation-current\trep-engine\code\libspeex\filters.c(767): warning C4244: '=' : conversion from 'double' to 'spx_word16_t', possible loss of data
     1>c:\build\msys\1.0\trepidation-current\trep-engine\code\libspeex\filters.c(768): warning C4244: '=' : conversion from 'double' to 'spx_word16_t', possible loss of data
     1>c:\build\msys\1.0\trepidation-current\trep-engine\code\libspeex\filters.c(789): warning C4244: '=' : conversion from 'double' to 'spx_word16_t', possible loss of data
     1>c:\build\msys\1.0\trepidation-current\trep-engine\code\libspeex\filters.c(790): warning C4244: '=' : conversion from 'double' to 'spx_word16_t', possible loss of data
     1>c:\build\msys\1.0\trepidation-current\trep-engine\code\libspeex\filters.c(792): warning C4244: '=' : conversion from 'double' to 'spx_word16_t', possible loss of data
     1>c:\build\msys\1.0\trepidation-current\trep-engine\code\libspeex\filters.c(793): warning C4244: '=' : conversion from 'double' to 'spx_word16_t', possible loss of data
         gain_table.c
         gain_table_lbr.c
         hexc_10_32_table.c
         hexc_table.c
         high_lsp_tables.c
         jitter.c
     1>c:\build\msys\1.0\trepidation-current\trep-engine\code\libspeex\jitter.c(203): warning C4244: '=' : conversion from 'int' to 'float', possible loss of data
     1>c:\build\msys\1.0\trepidation-current\trep-engine\code\libspeex\jitter.c(236): warning C4244: '=' : conversion from 'float' to 'spx_int32_t', possible loss of data
     1>c:\build\msys\1.0\trepidation-current\trep-engine\code\libspeex\jitter.c(444): warning C4018: '<' : signed/unsigned mismatch
     1>c:\build\msys\1.0\trepidation-current\trep-engine\code\libspeex\jitter.c(693): warning C4018: '<' : signed/unsigned mismatch
         kiss_fft.c
     1>c:\build\msys\1.0\trepidation-current\trep-engine\code\libspeex\math_approx.h(57): warning C4244: 'return' : conversion from 'double' to 'spx_word16_t', possible loss of data
     1>c:\build\msys\1.0\trepidation-current\trep-engine\code\libspeex\math_approx.h(323): warning C4244: '=' : conversion from 'double' to 'spx_word16_t', possible loss of data
     1>c:\build\msys\1.0\trepidation-current\trep-engine\code\libspeex\kiss_fft.c(197): warning C4244: '=' : conversion from 'double' to 'float', possible loss of data
     1>c:\build\msys\1.0\trepidation-current\trep-engine\code\libspeex\kiss_fft.c(198): warning C4244: '=' : conversion from 'double' to 'float', possible loss of data
         kiss_fftr.c
     1>c:\build\msys\1.0\trepidation-current\trep-engine\code\libspeex\math_approx.h(57): warning C4244: 'return' : conversion from 'double' to 'spx_word16_t', possible loss of data
     1>c:\build\msys\1.0\trepidation-current\trep-engine\code\libspeex\math_approx.h(323): warning C4244: '=' : conversion from 'double' to 'spx_word16_t', possible loss of data
     1>c:\build\msys\1.0\trepidation-current\trep-engine\code\libspeex\kiss_fftr.c(129): warning C4244: '=' : conversion from 'double' to 'float', possible loss of data
     1>c:\build\msys\1.0\trepidation-current\trep-engine\code\libspeex\kiss_fftr.c(130): warning C4244: '=' : conversion from 'double' to 'float', possible loss of data
     1>c:\build\msys\1.0\trepidation-current\trep-engine\code\libspeex\kiss_fftr.c(131): warning C4244: '=' : conversion from 'double' to 'float', possible loss of data
     1>c:\build\msys\1.0\trepidation-current\trep-engine\code\libspeex\kiss_fftr.c(132): warning C4244: '=' : conversion from 'double' to 'float', possible loss of data
         lpc.c
     1>c:\build\msys\1.0\trepidation-current\trep-engine\code\libspeex\lpc.c(99): warning C4244: '=' : conversion from 'double' to 'spx_word16_t', possible loss of data
         lsp.c
     1>c:\build\msys\1.0\trepidation-current\trep-engine\code\libspeex\math_approx.h(57): warning C4244: 'return' : conversion from 'double' to 'spx_word16_t', possible loss of data
     1>c:\build\msys\1.0\trepidation-current\trep-engine\code\libspeex\math_approx.h(323): warning C4244: '=' : conversion from 'double' to 'spx_word16_t', possible loss of data
     1>c:\build\msys\1.0\trepidation-current\trep-engine\code\libspeex\lsp.c(196): warning C4244: 'return' : conversion from 'double' to 'float', possible loss of data
     1>c:\build\msys\1.0\trepidation-current\trep-engine\code\libspeex\lsp.c(335): warning C4244: '=' : conversion from 'double' to 'spx_word16_t', possible loss of data
     1>c:\build\msys\1.0\trepidation-current\trep-engine\code\libspeex\lsp.c(362): warning C4244: '=' : conversion from 'double' to 'spx_word16_t', possible loss of data
     1>c:\build\msys\1.0\trepidation-current\trep-engine\code\libspeex\lsp.c(377): warning C4244: '=' : conversion from 'double' to 'spx_lsp_t', possible loss of data
     1>c:\build\msys\1.0\trepidation-current\trep-engine\code\libspeex\lsp.c(634): warning C4244: '=' : conversion from 'double' to 'spx_lsp_t', possible loss of data
         lsp_tables_nb.c
         ltp.c
     1>c:\build\msys\1.0\trepidation-current\trep-engine\code\libspeex\math_approx.h(57): warning C4244: 'return' : conversion from 'double' to 'spx_word16_t', possible loss of data
     1>c:\build\msys\1.0\trepidation-current\trep-engine\code\libspeex\math_approx.h(323): warning C4244: '=' : conversion from 'double' to 'spx_word16_t', possible loss of data
     1>c:\build\msys\1.0\trepidation-current\trep-engine\code\libspeex\ltp.c(479): warning C4244: '*=' : conversion from 'double' to 'spx_word32_t', possible loss of data
     1>c:\build\msys\1.0\trepidation-current\trep-engine\code\libspeex\ltp.c(480): warning C4244: '*=' : conversion from 'double' to 'spx_word32_t', possible loss of data
     1>c:\build\msys\1.0\trepidation-current\trep-engine\code\libspeex\ltp.c(481): warning C4244: '*=' : conversion from 'double' to 'spx_word32_t', possible loss of data
     1>c:\build\msys\1.0\trepidation-current\trep-engine\code\libspeex\ltp.c(492): warning C4244: '=' : conversion from 'double' to 'spx_word16_t', possible loss of data
     1>c:\build\msys\1.0\trepidation-current\trep-engine\code\libspeex\ltp.c(493): warning C4244: '=' : conversion from 'double' to 'spx_word16_t', possible loss of data
     1>c:\build\msys\1.0\trepidation-current\trep-engine\code\libspeex\ltp.c(494): warning C4244: '=' : conversion from 'double' to 'spx_word16_t', possible loss of data
     1>c:\build\msys\1.0\trepidation-current\trep-engine\code\libspeex\ltp.c(638): warning C4244: '=' : conversion from 'double' to 'spx_word32_t', possible loss of data
     1>c:\build\msys\1.0\trepidation-current\trep-engine\code\libspeex\ltp.c(694): warning C4244: '=' : conversion from 'double' to 'spx_word16_t', possible loss of data
     1>c:\build\msys\1.0\trepidation-current\trep-engine\code\libspeex\ltp.c(695): warning C4244: '=' : conversion from 'double' to 'spx_word16_t', possible loss of data
     1>c:\build\msys\1.0\trepidation-current\trep-engine\code\libspeex\ltp.c(696): warning C4244: '=' : conversion from 'double' to 'spx_word16_t', possible loss of data
     1>c:\build\msys\1.0\trepidation-current\trep-engine\code\libspeex\ltp.c(708): warning C4244: 'initializing' : conversion from 'double' to 'spx_word16_t', possible loss of data
     1>c:\build\msys\1.0\trepidation-current\trep-engine\code\libspeex\ltp.c(710): warning C4305: '=' : truncation from 'double' to 'spx_word16_t'
     1>c:\build\msys\1.0\trepidation-current\trep-engine\code\libspeex\ltp.c(712): warning C4244: '=' : conversion from 'double' to 'spx_word16_t', possible loss of data
     1>c:\build\msys\1.0\trepidation-current\trep-engine\code\libspeex\ltp.c(786): warning C4305: '=' : truncation from 'double' to 'spx_word16_t'
     1>c:\build\msys\1.0\trepidation-current\trep-engine\code\libspeex\ltp.c(829): warning C4305: '=' : truncation from 'double' to 'spx_word16_t'
         mdf.c
     1>c:\build\msys\1.0\trepidation-current\trep-engine\code\libspeex\math_approx.h(57): warning C4244: 'return' : conversion from 'double' to 'spx_word16_t', possible loss of data
     1>c:\build\msys\1.0\trepidation-current\trep-engine\code\libspeex\math_approx.h(323): warning C4244: '=' : conversion from 'double' to 'spx_word16_t', possible loss of data
     1>c:\build\msys\1.0\trepidation-current\trep-engine\code\libspeex\mdf.c(192): warning C4244: '=' : conversion from 'double' to 'spx_word16_t', possible loss of data
     1>c:\build\msys\1.0\trepidation-current\trep-engine\code\libspeex\mdf.c(347): warning C4244: '=' : conversion from 'double' to 'spx_word16_t', possible loss of data
     1>c:\build\msys\1.0\trepidation-current\trep-engine\code\libspeex\mdf.c(449): warning C4244: '=' : conversion from 'double' to 'spx_word16_t', possible loss of data
     1>c:\build\msys\1.0\trepidation-current\trep-engine\code\libspeex\mdf.c(458): warning C4244: 'initializing' : conversion from 'double' to 'spx_word16_t', possible loss of data
     1>c:\build\msys\1.0\trepidation-current\trep-engine\code\libspeex\mdf.c(459): warning C4305: '=' : truncation from 'double' to 'spx_word16_t'
     1>c:\build\msys\1.0\trepidation-current\trep-engine\code\libspeex\mdf.c(473): warning C4305: '=' : truncation from 'double' to 'spx_word16_t'
     1>c:\build\msys\1.0\trepidation-current\trep-engine\code\libspeex\mdf.c(475): warning C4305: '=' : truncation from 'double' to 'spx_word16_t'
     1>c:\build\msys\1.0\trepidation-current\trep-engine\code\libspeex\mdf.c(477): warning C4305: '=' : truncation from 'double' to 'spx_word16_t'
     1>c:\build\msys\1.0\trepidation-current\trep-engine\code\libspeex\mdf.c(479): warning C4305: '=' : truncation from 'double' to 'spx_word16_t'
     1>c:\build\msys\1.0\trepidation-current\trep-engine\code\libspeex\mdf.c(669): warning C4244: '=' : conversion from 'double' to 'spx_word16_t', possible loss of data
     1>c:\build\msys\1.0\trepidation-current\trep-engine\code\libspeex\mdf.c(991): warning C4244: '=' : conversion from 'double' to 'float', possible loss of data
     1>c:\build\msys\1.0\trepidation-current\trep-engine\code\libspeex\mdf.c(1036): warning C4244: '=' : conversion from 'double' to 'spx_word16_t', possible loss of data
     1>c:\build\msys\1.0\trepidation-current\trep-engine\code\libspeex\mdf.c(1064): warning C4244: '=' : conversion from 'double' to 'spx_word32_t', possible loss of data
     1>c:\build\msys\1.0\trepidation-current\trep-engine\code\libspeex\mdf.c(1066): warning C4244: '=' : conversion from 'double' to 'spx_word32_t', possible loss of data
     1>c:\build\msys\1.0\trepidation-current\trep-engine\code\libspeex\mdf.c(1082): warning C4244: '=' : conversion from 'double' to 'spx_word32_t', possible loss of data
     1>c:\build\msys\1.0\trepidation-current\trep-engine\code\libspeex\mdf.c(1101): warning C4244: '=' : conversion from 'int' to 'spx_word16_t', possible loss of data
     1>c:\build\msys\1.0\trepidation-current\trep-engine\code\libspeex\mdf.c(1140): warning C4244: '=' : conversion from 'spx_int32_t' to 'spx_word32_t', possible loss of data
     1>c:\build\msys\1.0\trepidation-current\trep-engine\code\libspeex\mdf.c(1163): warning C4305: '=' : truncation from 'double' to 'spx_word16_t'
     1>c:\build\msys\1.0\trepidation-current\trep-engine\code\libspeex\mdf.c(1165): warning C4305: '=' : truncation from 'double' to 'spx_word16_t'
     1>c:\build\msys\1.0\trepidation-current\trep-engine\code\libspeex\mdf.c(1167): warning C4305: '=' : truncation from 'double' to 'spx_word16_t'
         modes.c
     1>c:\build\msys\1.0\trepidation-current\trep-engine\code\libspeex\modes.c(209): warning C4305: 'initializing' : truncation from 'double' to 'spx_word16_t'
     1>c:\build\msys\1.0\trepidation-current\trep-engine\code\libspeex\modes.c(230): warning C4305: 'initializing' : truncation from 'double' to 'spx_word16_t'
     1>c:\build\msys\1.0\trepidation-current\trep-engine\code\libspeex\modes.c(251): warning C4305: 'initializing' : truncation from 'double' to 'spx_word16_t'
     1>c:\build\msys\1.0\trepidation-current\trep-engine\code\libspeex\modes.c(272): warning C4305: 'initializing' : truncation from 'double' to 'spx_word16_t'
     1>c:\build\msys\1.0\trepidation-current\trep-engine\code\libspeex\modes.c(293): warning C4305: 'initializing' : truncation from 'double' to 'spx_word16_t'
     1>c:\build\msys\1.0\trepidation-current\trep-engine\code\libspeex\modes.c(314): warning C4305: 'initializing' : truncation from 'double' to 'spx_word16_t'
     1>c:\build\msys\1.0\trepidation-current\trep-engine\code\libspeex\modes.c(329): warning C4305: 'initializing' : truncation from 'double' to 'spx_word16_t'
     1>c:\build\msys\1.0\trepidation-current\trep-engine\code\libspeex\modes.c(329): warning C4305: 'initializing' : truncation from 'double' to 'spx_word16_t'
     1>c:\build\msys\1.0\trepidation-current\trep-engine\code\libspeex\modes.c(331): warning C4305: 'initializing' : truncation from 'double' to 'spx_word16_t'
         Generating Code...
         Compiling...
         modes_wb.c
     1>c:\build\msys\1.0\trepidation-current\trep-engine\code\libspeex\modes_wb.c(188): warning C4305: 'initializing' : truncation from 'double' to 'spx_word16_t'
     1>c:\build\msys\1.0\trepidation-current\trep-engine\code\libspeex\modes_wb.c(188): warning C4305: 'initializing' : truncation from 'double' to 'spx_word16_t'
     1>c:\build\msys\1.0\trepidation-current\trep-engine\code\libspeex\modes_wb.c(190): warning C4305: 'initializing' : truncation from 'double' to 'spx_word16_t'
     1>c:\build\msys\1.0\trepidation-current\trep-engine\code\libspeex\modes_wb.c(234): warning C4305: 'initializing' : truncation from 'double' to 'spx_word16_t'
     1>c:\build\msys\1.0\trepidation-current\trep-engine\code\libspeex\modes_wb.c(234): warning C4305: 'initializing' : truncation from 'double' to 'spx_word16_t'
     1>c:\build\msys\1.0\trepidation-current\trep-engine\code\libspeex\modes_wb.c(236): warning C4305: 'initializing' : truncation from 'double' to 'spx_word16_t'
         nb_celp.c
     1>c:\build\msys\1.0\trepidation-current\trep-engine\code\libspeex\math_approx.h(57): warning C4244: 'return' : conversion from 'double' to 'spx_word16_t', possible loss of data
     1>c:\build\msys\1.0\trepidation-current\trep-engine\code\libspeex\math_approx.h(323): warning C4244: '=' : conversion from 'double' to 'spx_word16_t', possible loss of data
     1>c:\build\msys\1.0\trepidation-current\trep-engine\code\libspeex\nb_celp.c(437): warning C4244: '=' : conversion from 'double' to 'float', possible loss of data
     1>c:\build\msys\1.0\trepidation-current\trep-engine\code\libspeex\nb_celp.c(439): warning C4305: '=' : truncation from 'double' to 'float'
     1>c:\build\msys\1.0\trepidation-current\trep-engine\code\libspeex\nb_celp.c(441): warning C4305: '=' : truncation from 'double' to 'float'
     1>c:\build\msys\1.0\trepidation-current\trep-engine\code\libspeex\nb_celp.c(508): warning C4244: '=' : conversion from 'double' to 'float', possible loss of data
     1>c:\build\msys\1.0\trepidation-current\trep-engine\code\libspeex\nb_celp.c(593): warning C4244: '=' : conversion from 'double' to 'spx_word16_t', possible loss of data
     1>c:\build\msys\1.0\trepidation-current\trep-engine\code\libspeex\nb_celp.c(604): warning C4244: '=' : conversion from 'double' to 'spx_word16_t', possible loss of data
     1>c:\build\msys\1.0\trepidation-current\trep-engine\code\libspeex\nb_celp.c(623): warning C4244: '=' : conversion from 'double' to 'spx_word32_t', possible loss of data
     1>c:\build\msys\1.0\trepidation-current\trep-engine\code\libspeex\nb_celp.c(1016): warning C4305: 'initializing' : truncation from 'double' to 'const spx_word16_t'
     1>c:\build\msys\1.0\trepidation-current\trep-engine\code\libspeex\nb_celp.c(1016): warning C4305: 'initializing' : truncation from 'double' to 'const spx_word16_t'
     1>c:\build\msys\1.0\trepidation-current\trep-engine\code\libspeex\nb_celp.c(1016): warning C4305: 'initializing' : truncation from 'double' to 'const spx_word16_t'
     1>c:\build\msys\1.0\trepidation-current\trep-engine\code\libspeex\nb_celp.c(1016): warning C4305: 'initializing' : truncation from 'double' to 'const spx_word16_t'
     1>c:\build\msys\1.0\trepidation-current\trep-engine\code\libspeex\nb_celp.c(1016): warning C4305: 'initializing' : truncation from 'double' to 'const spx_word16_t'
     1>c:\build\msys\1.0\trepidation-current\trep-engine\code\libspeex\nb_celp.c(1016): warning C4305: 'initializing' : truncation from 'double' to 'const spx_word16_t'
     1>c:\build\msys\1.0\trepidation-current\trep-engine\code\libspeex\nb_celp.c(1016): warning C4305: 'initializing' : truncation from 'double' to 'const spx_word16_t'
     1>c:\build\msys\1.0\trepidation-current\trep-engine\code\libspeex\nb_celp.c(1016): warning C4305: 'initializing' : truncation from 'double' to 'const spx_word16_t'
     1>c:\build\msys\1.0\trepidation-current\trep-engine\code\libspeex\nb_celp.c(1016): warning C4305: 'initializing' : truncation from 'double' to 'const spx_word16_t'
     1>c:\build\msys\1.0\trepidation-current\trep-engine\code\libspeex\nb_celp.c(1047): warning C4305: '=' : truncation from 'double' to 'spx_word16_t'
     1>c:\build\msys\1.0\trepidation-current\trep-engine\code\libspeex\nb_celp.c(1057): warning C4244: 'function' : conversion from 'int' to 'spx_word16_t', possible loss of data
     1>c:\build\msys\1.0\trepidation-current\trep-engine\code\libspeex\nb_celp.c(1068): warning C4305: 'function' : truncation from 'double' to 'spx_word16_t'
     1>c:\build\msys\1.0\trepidation-current\trep-engine\code\libspeex\nb_celp.c(1242): warning C4244: '=' : conversion from 'double' to 'spx_word16_t', possible loss of data
     1>c:\build\msys\1.0\trepidation-current\trep-engine\code\libspeex\nb_celp.c(1266): warning C4244: '=' : conversion from 'double' to 'spx_word16_t', possible loss of data
     1>c:\build\msys\1.0\trepidation-current\trep-engine\code\libspeex\nb_celp.c(1277): warning C4244: '=' : conversion from 'double' to 'spx_word32_t', possible loss of data
     1>c:\build\msys\1.0\trepidation-current\trep-engine\code\libspeex\nb_celp.c(1364): warning C4244: '=' : conversion from 'double' to 'spx_word16_t', possible loss of data
     1>c:\build\msys\1.0\trepidation-current\trep-engine\code\libspeex\nb_celp.c(1565): warning C4244: '=' : conversion from 'double' to 'spx_word16_t', possible loss of data
     1>c:\build\msys\1.0\trepidation-current\trep-engine\code\libspeex\nb_celp.c(1629): warning C4244: '=' : conversion from 'spx_int32_t' to 'float', possible loss of data
     1>c:\build\msys\1.0\trepidation-current\trep-engine\code\libspeex\nb_celp.c(1860): warning C4244: '=' : conversion from 'double' to 'float', possible loss of data
         preprocess.c
     1>c:\build\msys\1.0\trepidation-current\trep-engine\code\libspeex\math_approx.h(57): warning C4244: 'return' : conversion from 'double' to 'spx_word16_t', possible loss of data
     1>c:\build\msys\1.0\trepidation-current\trep-engine\code\libspeex\math_approx.h(323): warning C4244: '=' : conversion from 'double' to 'spx_word16_t', possible loss of data
     1>c:\build\msys\1.0\trepidation-current\trep-engine\code\libspeex\preprocess.c(280): warning C4244: '=' : conversion from 'double' to 'spx_word16_t', possible loss of data
     1>c:\build\msys\1.0\trepidation-current\trep-engine\code\libspeex\preprocess.c(283): warning C4244: '=' : conversion from 'double' to 'spx_word16_t', possible loss of data
     1>c:\build\msys\1.0\trepidation-current\trep-engine\code\libspeex\preprocess.c(364): warning C4244: '=' : conversion from 'double' to 'float', possible loss of data
     1>c:\build\msys\1.0\trepidation-current\trep-engine\code\libspeex\preprocess.c(369): warning C4244: 'return' : conversion from 'double' to 'spx_word32_t', possible loss of data
     1>c:\build\msys\1.0\trepidation-current\trep-engine\code\libspeex\preprocess.c(371): warning C4244: 'return' : conversion from 'double' to 'spx_word32_t', possible loss of data
     1>c:\build\msys\1.0\trepidation-current\trep-engine\code\libspeex\preprocess.c(385): warning C4244: '=' : conversion from 'double' to 'float', possible loss of data
     1>c:\build\msys\1.0\trepidation-current\trep-engine\code\libspeex\preprocess.c(386): warning C4244: '=' : conversion from 'double' to 'float', possible loss of data
     1>c:\build\msys\1.0\trepidation-current\trep-engine\code\libspeex\preprocess.c(390): warning C4244: '=' : conversion from 'double' to 'spx_word16_t', possible loss of data
     1>c:\build\msys\1.0\trepidation-current\trep-engine\code\libspeex\preprocess.c(445): warning C4244: 'function' : conversion from 'int' to 'spx_word32_t', possible loss of data
     1>c:\build\msys\1.0\trepidation-current\trep-engine\code\libspeex\preprocess.c(507): warning C4244: 'initializing' : conversion from 'double' to 'float', possible loss of data
     1>c:\build\msys\1.0\trepidation-current\trep-engine\code\libspeex\preprocess.c(509): warning C4244: '=' : conversion from 'double' to 'float', possible loss of data
     1>c:\build\msys\1.0\trepidation-current\trep-engine\code\libspeex\preprocess.c(515): warning C4305: '=' : truncation from 'double' to 'float'
     1>c:\build\msys\1.0\trepidation-current\trep-engine\code\libspeex\preprocess.c(519): warning C4244: '=' : conversion from 'double' to 'float', possible loss of data
     1>c:\build\msys\1.0\trepidation-current\trep-engine\code\libspeex\preprocess.c(520): warning C4244: '=' : conversion from 'double' to 'float', possible loss of data
     1>c:\build\msys\1.0\trepidation-current\trep-engine\code\libspeex\preprocess.c(581): warning C4244: '=' : conversion from 'double' to 'float', possible loss of data
     1>c:\build\msys\1.0\trepidation-current\trep-engine\code\libspeex\preprocess.c(588): warning C4244: '=' : conversion from 'double' to 'float', possible loss of data
     1>c:\build\msys\1.0\trepidation-current\trep-engine\code\libspeex\preprocess.c(589): warning C4244: '=' : conversion from 'double' to 'float', possible loss of data
     1>c:\build\msys\1.0\trepidation-current\trep-engine\code\libspeex\preprocess.c(596): warning C4244: '=' : conversion from 'double' to 'float', possible loss of data
     1>c:\build\msys\1.0\trepidation-current\trep-engine\code\libspeex\preprocess.c(745): warning C4244: '=' : conversion from 'double' to 'spx_word16_t', possible loss of data
     1>c:\build\msys\1.0\trepidation-current\trep-engine\code\libspeex\preprocess.c(830): warning C4244: 'function' : conversion from 'spx_word16_t' to 'int', possible loss of data
     1>c:\build\msys\1.0\trepidation-current\trep-engine\code\libspeex\preprocess.c(869): warning C4244: '=' : conversion from 'double' to 'spx_word16_t', possible loss of data
     1>c:\build\msys\1.0\trepidation-current\trep-engine\code\libspeex\preprocess.c(919): warning C4244: '=' : conversion from 'double' to 'spx_word16_t', possible loss of data
     1>c:\build\msys\1.0\trepidation-current\trep-engine\code\libspeex\preprocess.c(931): warning C4244: '=' : conversion from 'double' to 'spx_word16_t', possible loss of data
     1>c:\build\msys\1.0\trepidation-current\trep-engine\code\libspeex\preprocess.c(972): warning C4244: '=' : conversion from 'double' to 'float', possible loss of data
     1>c:\build\msys\1.0\trepidation-current\trep-engine\code\libspeex\preprocess.c(988): warning C4244: '=' : conversion from 'spx_word16_t' to 'spx_int16_t', possible loss of data
     1>c:\build\msys\1.0\trepidation-current\trep-engine\code\libspeex\preprocess.c(990): warning C4244: '=' : conversion from 'spx_word16_t' to 'spx_int16_t', possible loss of data
     1>c:\build\msys\1.0\trepidation-current\trep-engine\code\libspeex\preprocess.c(1081): warning C4244: '=' : conversion from 'double' to 'float', possible loss of data
     1>c:\build\msys\1.0\trepidation-current\trep-engine\code\libspeex\preprocess.c(1084): warning C4244: '=' : conversion from 'double' to 'spx_int32_t', possible loss of data
     1>c:\build\msys\1.0\trepidation-current\trep-engine\code\libspeex\preprocess.c(1087): warning C4244: '=' : conversion from 'double' to 'float', possible loss of data
     1>c:\build\msys\1.0\trepidation-current\trep-engine\code\libspeex\preprocess.c(1090): warning C4244: '=' : conversion from 'double' to 'spx_int32_t', possible loss of data
     1>c:\build\msys\1.0\trepidation-current\trep-engine\code\libspeex\preprocess.c(1093): warning C4244: '=' : conversion from 'double' to 'float', possible loss of data
     1>c:\build\msys\1.0\trepidation-current\trep-engine\code\libspeex\preprocess.c(1096): warning C4244: '=' : conversion from 'double' to 'spx_int32_t', possible loss of data
     1>c:\build\msys\1.0\trepidation-current\trep-engine\code\libspeex\preprocess.c(1139): warning C4244: '=' : conversion from 'spx_word16_t' to 'spx_int32_t', possible loss of data
     1>c:\build\msys\1.0\trepidation-current\trep-engine\code\libspeex\preprocess.c(1147): warning C4244: '=' : conversion from 'spx_word16_t' to 'spx_int32_t', possible loss of data
     1>c:\build\msys\1.0\trepidation-current\trep-engine\code\libspeex\preprocess.c(1176): warning C4244: '=' : conversion from 'double' to 'spx_int32_t', possible loss of data
         quant_lsp.c
     1>c:\build\msys\1.0\trepidation-current\trep-engine\code\libspeex\quant_lsp.c(82): warning C4244: '=' : conversion from 'double' to 'spx_word16_t', possible loss of data
     1>c:\build\msys\1.0\trepidation-current\trep-engine\code\libspeex\quant_lsp.c(90): warning C4244: '=' : conversion from 'double' to 'spx_word16_t', possible loss of data
     1>c:\build\msys\1.0\trepidation-current\trep-engine\code\libspeex\quant_lsp.c(171): warning C4244: '=' : conversion from 'double' to 'spx_lsp_t', possible loss of data
     1>c:\build\msys\1.0\trepidation-current\trep-engine\code\libspeex\quant_lsp.c(175): warning C4244: '=' : conversion from 'double' to 'spx_lsp_t', possible loss of data
     1>c:\build\msys\1.0\trepidation-current\trep-engine\code\libspeex\quant_lsp.c(206): warning C4244: '=' : conversion from 'double' to 'spx_lsp_t', possible loss of data
     1>c:\build\msys\1.0\trepidation-current\trep-engine\code\libspeex\quant_lsp.c(217): warning C4244: '=' : conversion from 'double' to 'spx_lsp_t', possible loss of data
     1>c:\build\msys\1.0\trepidation-current\trep-engine\code\libspeex\quant_lsp.c(222): warning C4244: '=' : conversion from 'double' to 'spx_lsp_t', possible loss of data
     1>c:\build\msys\1.0\trepidation-current\trep-engine\code\libspeex\quant_lsp.c(226): warning C4244: '=' : conversion from 'double' to 'spx_lsp_t', possible loss of data
     1>c:\build\msys\1.0\trepidation-current\trep-engine\code\libspeex\quant_lsp.c(230): warning C4244: '=' : conversion from 'double' to 'spx_lsp_t', possible loss of data
     1>c:\build\msys\1.0\trepidation-current\trep-engine\code\libspeex\quant_lsp.c(234): warning C4244: '=' : conversion from 'double' to 'spx_lsp_t', possible loss of data
     1>c:\build\msys\1.0\trepidation-current\trep-engine\code\libspeex\quant_lsp.c(238): warning C4244: '=' : conversion from 'double' to 'spx_lsp_t', possible loss of data
     1>c:\build\msys\1.0\trepidation-current\trep-engine\code\libspeex\quant_lsp.c(254): warning C4244: '=' : conversion from 'double' to 'spx_lsp_t', possible loss of data
     1>c:\build\msys\1.0\trepidation-current\trep-engine\code\libspeex\quant_lsp.c(257): warning C4244: '=' : conversion from 'double' to 'spx_lsp_t', possible loss of data
     1>c:\build\msys\1.0\trepidation-current\trep-engine\code\libspeex\quant_lsp.c(276): warning C4244: '=' : conversion from 'double' to 'spx_lsp_t', possible loss of data
     1>c:\build\msys\1.0\trepidation-current\trep-engine\code\libspeex\quant_lsp.c(287): warning C4244: '=' : conversion from 'double' to 'spx_lsp_t', possible loss of data
     1>c:\build\msys\1.0\trepidation-current\trep-engine\code\libspeex\quant_lsp.c(292): warning C4244: '+=' : conversion from 'double' to 'spx_lsp_t', possible loss of data
     1>c:\build\msys\1.0\trepidation-current\trep-engine\code\libspeex\quant_lsp.c(296): warning C4244: '+=' : conversion from 'double' to 'spx_lsp_t', possible loss of data
     1>c:\build\msys\1.0\trepidation-current\trep-engine\code\libspeex\quant_lsp.c(300): warning C4244: '+=' : conversion from 'double' to 'spx_lsp_t', possible loss of data
     1>c:\build\msys\1.0\trepidation-current\trep-engine\code\libspeex\quant_lsp.c(340): warning C4244: '=' : conversion from 'double' to 'spx_lsp_t', possible loss of data
     1>c:\build\msys\1.0\trepidation-current\trep-engine\code\libspeex\quant_lsp.c(343): warning C4244: '=' : conversion from 'double' to 'spx_lsp_t', possible loss of data
     1>c:\build\msys\1.0\trepidation-current\trep-engine\code\libspeex\quant_lsp.c(359): warning C4244: '=' : conversion from 'double' to 'spx_lsp_t', possible loss of data
     1>c:\build\msys\1.0\trepidation-current\trep-engine\code\libspeex\quant_lsp.c(371): warning C4244: '=' : conversion from 'double' to 'spx_lsp_t', possible loss of data
     1>c:\build\msys\1.0\trepidation-current\trep-engine\code\libspeex\quant_lsp.c(376): warning C4244: '+=' : conversion from 'double' to 'spx_lsp_t', possible loss of data
     1>c:\build\msys\1.0\trepidation-current\trep-engine\code\libspeex\quant_lsp.c(381): warning C4244: '+=' : conversion from 'double' to 'spx_lsp_t', possible loss of data
         resample.c
     1>c:\build\msys\1.0\trepidation-current\trep-engine\code\libspeex\resample.c(284): warning C4244: 'function' : conversion from 'double' to 'float', possible loss of data
     1>c:\build\msys\1.0\trepidation-current\trep-engine\code\libspeex\resample.c(284): warning C4244: 'return' : conversion from 'double' to 'spx_word16_t', possible loss of data
     1>c:\build\msys\1.0\trepidation-current\trep-engine\code\libspeex\resample.c(314): warning C4244: '=' : conversion from 'double' to 'spx_word16_t', possible loss of data
     1>c:\build\msys\1.0\trepidation-current\trep-engine\code\libspeex\resample.c(401): warning C4244: '=' : conversion from 'double' to 'spx_word16_t', possible loss of data
     1>c:\build\msys\1.0\trepidation-current\trep-engine\code\libspeex\resample.c(537): warning C4244: '=' : conversion from 'double' to 'spx_word32_t', possible loss of data
     1>c:\build\msys\1.0\trepidation-current\trep-engine\code\libspeex\resample.c(601): warning C4018: '<' : signed/unsigned mismatch
     1>c:\build\msys\1.0\trepidation-current\trep-engine\code\libspeex\resample.c(682): warning C4018: '<' : signed/unsigned mismatch
     1>c:\build\msys\1.0\trepidation-current\trep-engine\code\libspeex\resample.c(690): warning C4018: '<' : signed/unsigned mismatch
     1>c:\build\msys\1.0\trepidation-current\trep-engine\code\libspeex\resample.c(693): warning C4018: '<' : signed/unsigned mismatch
     1>c:\build\msys\1.0\trepidation-current\trep-engine\code\libspeex\resample.c(700): warning C4018: '<' : signed/unsigned mismatch
     1>c:\build\msys\1.0\trepidation-current\trep-engine\code\libspeex\resample.c(987): warning C4244: '=' : conversion from 'double' to 'spx_int16_t', possible loss of data
         sb_celp.c
     1>c:\build\msys\1.0\trepidation-current\trep-engine\code\libspeex\math_approx.h(57): warning C4244: 'return' : conversion from 'double' to 'spx_word16_t', possible loss of data
     1>c:\build\msys\1.0\trepidation-current\trep-engine\code\libspeex\math_approx.h(323): warning C4244: '=' : conversion from 'double' to 'spx_word16_t', possible loss of data
     1>c:\build\msys\1.0\trepidation-current\trep-engine\code\libspeex\sb_celp.c(129): warning C4305: 'initializing' : truncation from 'double' to 'const spx_word16_t'
     1>c:\build\msys\1.0\trepidation-current\trep-engine\code\libspeex\sb_celp.c(129): warning C4305: 'initializing' : truncation from 'double' to 'const spx_word16_t'
     1>c:\build\msys\1.0\trepidation-current\trep-engine\code\libspeex\sb_celp.c(129): warning C4305: 'initializing' : truncation from 'double' to 'const spx_word16_t'
     1>c:\build\msys\1.0\trepidation-current\trep-engine\code\libspeex\sb_celp.c(129): warning C4305: 'initializing' : truncation from 'double' to 'const spx_word16_t'
     1>c:\build\msys\1.0\trepidation-current\trep-engine\code\libspeex\sb_celp.c(129): warning C4305: 'initializing' : truncation from 'double' to 'const spx_word16_t'
     1>c:\build\msys\1.0\trepidation-current\trep-engine\code\libspeex\sb_celp.c(129): warning C4305: 'initializing' : truncation from 'double' to 'const spx_word16_t'
     1>c:\build\msys\1.0\trepidation-current\trep-engine\code\libspeex\sb_celp.c(129): warning C4305: 'initializing' : truncation from 'double' to 'const spx_word16_t'
     1>c:\build\msys\1.0\trepidation-current\trep-engine\code\libspeex\sb_celp.c(129): warning C4305: 'initializing' : truncation from 'double' to 'const spx_word16_t'
     1>c:\build\msys\1.0\trepidation-current\trep-engine\code\libspeex\sb_celp.c(130): warning C4305: 'initializing' : truncation from 'double' to 'const spx_word16_t'
     1>c:\build\msys\1.0\trepidation-current\trep-engine\code\libspeex\sb_celp.c(130): warning C4305: 'initializing' : truncation from 'double' to 'const spx_word16_t'
     1>c:\build\msys\1.0\trepidation-current\trep-engine\code\libspeex\sb_celp.c(130): warning C4305: 'initializing' : truncation from 'double' to 'const spx_word16_t'
     1>c:\build\msys\1.0\trepidation-current\trep-engine\code\libspeex\sb_celp.c(130): warning C4305: 'initializing' : truncation from 'double' to 'const spx_word16_t'
     1>c:\build\msys\1.0\trepidation-current\trep-engine\code\libspeex\sb_celp.c(130): warning C4305: 'initializing' : truncation from 'double' to 'const spx_word16_t'
     1>c:\build\msys\1.0\trepidation-current\trep-engine\code\libspeex\sb_celp.c(130): warning C4305: 'initializing' : truncation from 'double' to 'const spx_word16_t'
     1>c:\build\msys\1.0\trepidation-current\trep-engine\code\libspeex\sb_celp.c(130): warning C4305: 'initializing' : truncation from 'double' to 'const spx_word16_t'
     1>c:\build\msys\1.0\trepidation-current\trep-engine\code\libspeex\sb_celp.c(130): warning C4305: 'initializing' : truncation from 'double' to 'const spx_word16_t'
     1>c:\build\msys\1.0\trepidation-current\trep-engine\code\libspeex\sb_celp.c(132): warning C4305: 'initializing' : truncation from 'double' to 'const spx_word16_t'
     1>c:\build\msys\1.0\trepidation-current\trep-engine\code\libspeex\sb_celp.c(132): warning C4305: 'initializing' : truncation from 'double' to 'const spx_word16_t'
     1>c:\build\msys\1.0\trepidation-current\trep-engine\code\libspeex\sb_celp.c(132): warning C4305: 'initializing' : truncation from 'double' to 'const spx_word16_t'
     1>c:\build\msys\1.0\trepidation-current\trep-engine\code\libspeex\sb_celp.c(132): warning C4305: 'initializing' : truncation from 'double' to 'const spx_word16_t'
     1>c:\build\msys\1.0\trepidation-current\trep-engine\code\libspeex\sb_celp.c(132): warning C4305: 'initializing' : truncation from 'double' to 'const spx_word16_t'
     1>c:\build\msys\1.0\trepidation-current\trep-engine\code\libspeex\sb_celp.c(132): warning C4305: 'initializing' : truncation from 'double' to 'const spx_word16_t'
     1>c:\build\msys\1.0\trepidation-current\trep-engine\code\libspeex\sb_celp.c(132): warning C4305: 'initializing' : truncation from 'double' to 'const spx_word16_t'
     1>c:\build\msys\1.0\trepidation-current\trep-engine\code\libspeex\sb_celp.c(132): warning C4305: 'initializing' : truncation from 'double' to 'const spx_word16_t'
     1>c:\build\msys\1.0\trepidation-current\trep-engine\code\libspeex\sb_celp.c(133): warning C4305: 'initializing' : truncation from 'double' to 'const spx_word16_t'
     1>c:\build\msys\1.0\trepidation-current\trep-engine\code\libspeex\sb_celp.c(133): warning C4305: 'initializing' : truncation from 'double' to 'const spx_word16_t'
     1>c:\build\msys\1.0\trepidation-current\trep-engine\code\libspeex\sb_celp.c(133): warning C4305: 'initializing' : truncation from 'double' to 'const spx_word16_t'
     1>c:\build\msys\1.0\trepidation-current\trep-engine\code\libspeex\sb_celp.c(133): warning C4305: 'initializing' : truncation from 'double' to 'const spx_word16_t'
     1>c:\build\msys\1.0\trepidation-current\trep-engine\code\libspeex\sb_celp.c(133): warning C4305: 'initializing' : truncation from 'double' to 'const spx_word16_t'
     1>c:\build\msys\1.0\trepidation-current\trep-engine\code\libspeex\sb_celp.c(133): warning C4305: 'initializing' : truncation from 'double' to 'const spx_word16_t'
     1>c:\build\msys\1.0\trepidation-current\trep-engine\code\libspeex\sb_celp.c(133): warning C4305: 'initializing' : truncation from 'double' to 'const spx_word16_t'
     1>c:\build\msys\1.0\trepidation-current\trep-engine\code\libspeex\sb_celp.c(133): warning C4305: 'initializing' : truncation from 'double' to 'const spx_word16_t'
     1>c:\build\msys\1.0\trepidation-current\trep-engine\code\libspeex\sb_celp.c(134): warning C4305: 'initializing' : truncation from 'double' to 'const spx_word16_t'
     1>c:\build\msys\1.0\trepidation-current\trep-engine\code\libspeex\sb_celp.c(134): warning C4305: 'initializing' : truncation from 'double' to 'const spx_word16_t'
     1>c:\build\msys\1.0\trepidation-current\trep-engine\code\libspeex\sb_celp.c(134): warning C4305: 'initializing' : truncation from 'double' to 'const spx_word16_t'
     1>c:\build\msys\1.0\trepidation-current\trep-engine\code\libspeex\sb_celp.c(134): warning C4305: 'initializing' : truncation from 'double' to 'const spx_word16_t'
     1>c:\build\msys\1.0\trepidation-current\trep-engine\code\libspeex\sb_celp.c(134): warning C4305: 'initializing' : truncation from 'double' to 'const spx_word16_t'
     1>c:\build\msys\1.0\trepidation-current\trep-engine\code\libspeex\sb_celp.c(134): warning C4305: 'initializing' : truncation from 'double' to 'const spx_word16_t'
     1>c:\build\msys\1.0\trepidation-current\trep-engine\code\libspeex\sb_celp.c(134): warning C4305: 'initializing' : truncation from 'double' to 'const spx_word16_t'
     1>c:\build\msys\1.0\trepidation-current\trep-engine\code\libspeex\sb_celp.c(134): warning C4305: 'initializing' : truncation from 'double' to 'const spx_word16_t'
     1>c:\build\msys\1.0\trepidation-current\trep-engine\code\libspeex\sb_celp.c(135): warning C4305: 'initializing' : truncation from 'double' to 'const spx_word16_t'
     1>c:\build\msys\1.0\trepidation-current\trep-engine\code\libspeex\sb_celp.c(135): warning C4305: 'initializing' : truncation from 'double' to 'const spx_word16_t'
     1>c:\build\msys\1.0\trepidation-current\trep-engine\code\libspeex\sb_celp.c(135): warning C4305: 'initializing' : truncation from 'double' to 'const spx_word16_t'
     1>c:\build\msys\1.0\trepidation-current\trep-engine\code\libspeex\sb_celp.c(135): warning C4305: 'initializing' : truncation from 'double' to 'const spx_word16_t'
     1>c:\build\msys\1.0\trepidation-current\trep-engine\code\libspeex\sb_celp.c(135): warning C4305: 'initializing' : truncation from 'double' to 'const spx_word16_t'
     1>c:\build\msys\1.0\trepidation-current\trep-engine\code\libspeex\sb_celp.c(135): warning C4305: 'initializing' : truncation from 'double' to 'const spx_word16_t'
     1>c:\build\msys\1.0\trepidation-current\trep-engine\code\libspeex\sb_celp.c(135): warning C4305: 'initializing' : truncation from 'double' to 'const spx_word16_t'
     1>c:\build\msys\1.0\trepidation-current\trep-engine\code\libspeex\sb_celp.c(135): warning C4305: 'initializing' : truncation from 'double' to 'const spx_word16_t'
     1>c:\build\msys\1.0\trepidation-current\trep-engine\code\libspeex\sb_celp.c(411): warning C4305: 'function' : truncation from 'double' to 'spx_word16_t'
     1>c:\build\msys\1.0\trepidation-current\trep-engine\code\libspeex\sb_celp.c(414): warning C4305: 'function' : truncation from 'double' to 'spx_word16_t'
     1>c:\build\msys\1.0\trepidation-current\trep-engine\code\libspeex\sb_celp.c(435): warning C4244: '=' : conversion from 'double' to 'float', possible loss of data
     1>c:\build\msys\1.0\trepidation-current\trep-engine\code\libspeex\sb_celp.c(437): warning C4305: '=' : truncation from 'double' to 'float'
     1>c:\build\msys\1.0\trepidation-current\trep-engine\code\libspeex\sb_celp.c(439): warning C4305: '=' : truncation from 'double' to 'float'
     1>c:\build\msys\1.0\trepidation-current\trep-engine\code\libspeex\sb_celp.c(449): warning C4244: '=' : conversion from 'double' to 'float', possible loss of data
     1>c:\build\msys\1.0\trepidation-current\trep-engine\code\libspeex\sb_celp.c(461): warning C4244: '+=' : conversion from 'double' to 'float', possible loss of data
     1>c:\build\msys\1.0\trepidation-current\trep-engine\code\libspeex\sb_celp.c(484): warning C4244: '=' : conversion from 'double' to 'float', possible loss of data
     1>c:\build\msys\1.0\trepidation-current\trep-engine\code\libspeex\sb_celp.c(569): warning C4305: 'function' : truncation from 'double' to 'spx_word16_t'
     1>c:\build\msys\1.0\trepidation-current\trep-engine\code\libspeex\sb_celp.c(570): warning C4305: 'function' : truncation from 'double' to 'spx_word16_t'
     1>c:\build\msys\1.0\trepidation-current\trep-engine\code\libspeex\sb_celp.c(592): warning C4244: '=' : conversion from 'double' to 'spx_word16_t', possible loss of data
     1>c:\build\msys\1.0\trepidation-current\trep-engine\code\libspeex\sb_celp.c(656): warning C4244: '=' : conversion from 'double' to 'spx_word16_t', possible loss of data
     1>c:\build\msys\1.0\trepidation-current\trep-engine\code\libspeex\sb_celp.c(1002): warning C4305: 'function' : truncation from 'double' to 'spx_word16_t'
     1>c:\build\msys\1.0\trepidation-current\trep-engine\code\libspeex\sb_celp.c(1022): warning C4244: '=' : conversion from 'double' to 'spx_word16_t', possible loss of data
     1>c:\build\msys\1.0\trepidation-current\trep-engine\code\libspeex\sb_celp.c(1032): warning C4244: '=' : conversion from 'double' to 'spx_word32_t', possible loss of data
     1>c:\build\msys\1.0\trepidation-current\trep-engine\code\libspeex\sb_celp.c(1048): warning C4244: '=' : conversion from 'double' to 'spx_word16_t', possible loss of data
     1>c:\build\msys\1.0\trepidation-current\trep-engine\code\libspeex\sb_celp.c(1089): warning C4244: '=' : conversion from 'double' to 'spx_word16_t', possible loss of data
     1>c:\build\msys\1.0\trepidation-current\trep-engine\code\libspeex\sb_celp.c(1148): warning C4244: 'initializing' : conversion from 'double' to 'float', possible loss of data
     1>c:\build\msys\1.0\trepidation-current\trep-engine\code\libspeex\sb_celp.c(1181): warning C4244: '=' : conversion from 'spx_int32_t' to 'float', possible loss of data
         smallft.c
     1>c:\build\msys\1.0\trepidation-current\trep-engine\code\libspeex\smallft.c(101): warning C4244: '=' : conversion from 'double' to 'float', possible loss of data
     1>c:\build\msys\1.0\trepidation-current\trep-engine\code\libspeex\smallft.c(102): warning C4244: '=' : conversion from 'double' to 'float', possible loss of data
     1>c:\build\msys\1.0\trepidation-current\trep-engine\code\libspeex\smallft.c(285): warning C4244: '=' : conversion from 'double' to 'float', possible loss of data
     1>c:\build\msys\1.0\trepidation-current\trep-engine\code\libspeex\smallft.c(286): warning C4244: '=' : conversion from 'double' to 'float', possible loss of data
     1>c:\build\msys\1.0\trepidation-current\trep-engine\code\libspeex\smallft.c(855): warning C4244: '=' : conversion from 'double' to 'float', possible loss of data
     1>c:\build\msys\1.0\trepidation-current\trep-engine\code\libspeex\smallft.c(856): warning C4244: '=' : conversion from 'double' to 'float', possible loss of data
         speex.c
         speex_callbacks.c
     1>c:\build\msys\1.0\trepidation-current\trep-engine\code\libspeex\speex_callbacks.c(121): warning C4244: '=' : conversion from 'unsigned int' to 'float', possible loss of data
         speex_header.c
         stereo.c
     1>c:\build\msys\1.0\trepidation-current\trep-engine\code\libspeex\math_approx.h(57): warning C4244: 'return' : conversion from 'double' to 'spx_word16_t', possible loss of data
     1>c:\build\msys\1.0\trepidation-current\trep-engine\code\libspeex\math_approx.h(323): warning C4244: '=' : conversion from 'double' to 'spx_word16_t', possible loss of data
     1>c:\build\msys\1.0\trepidation-current\trep-engine\code\libspeex\stereo.c(117): warning C4244: '=' : conversion from 'double' to 'float', possible loss of data
     1>c:\build\msys\1.0\trepidation-current\trep-engine\code\libspeex\stereo.c(127): warning C4244: '=' : conversion from 'double' to 'float', possible loss of data
     1>c:\build\msys\1.0\trepidation-current\trep-engine\code\libspeex\stereo.c(134): warning C4244: '=' : conversion from 'double' to 'float', possible loss of data
     1>c:\build\msys\1.0\trepidation-current\trep-engine\code\libspeex\stereo.c(170): warning C4244: '=' : conversion from 'double' to 'spx_int16_t', possible loss of data
     1>c:\build\msys\1.0\trepidation-current\trep-engine\code\libspeex\stereo.c(195): warning C4244: '=' : conversion from 'double' to 'spx_word32_t', possible loss of data
     1>c:\build\msys\1.0\trepidation-current\trep-engine\code\libspeex\stereo.c(196): warning C4244: '=' : conversion from 'double' to 'spx_word32_t', possible loss of data
     1>c:\build\msys\1.0\trepidation-current\trep-engine\code\libspeex\stereo.c(197): warning C4244: '=' : conversion from 'double' to 'int', possible loss of data
     1>c:\build\msys\1.0\trepidation-current\trep-engine\code\libspeex\stereo.c(212): warning C4244: '=' : conversion from 'double' to 'spx_word32_t', possible loss of data
     1>c:\build\msys\1.0\trepidation-current\trep-engine\code\libspeex\stereo.c(286): warning C4244: '=' : conversion from 'unsigned int' to 'spx_word16_t', possible loss of data
     1>c:\build\msys\1.0\trepidation-current\trep-engine\code\libspeex\stereo.c(288): warning C4244: '=' : conversion from 'double' to 'spx_word32_t', possible loss of data
         vbr.c
     1>c:\build\msys\1.0\trepidation-current\trep-engine\code\libspeex\vbr.c(83): warning C4305: '=' : truncation from 'double' to 'float'
     1>c:\build\msys\1.0\trepidation-current\trep-engine\code\libspeex\vbr.c(88): warning C4244: '=' : conversion from 'double' to 'float', possible loss of data
     1>c:\build\msys\1.0\trepidation-current\trep-engine\code\libspeex\vbr.c(89): warning C4305: '=' : truncation from 'double' to 'float'
     1>c:\build\msys\1.0\trepidation-current\trep-engine\code\libspeex\vbr.c(95): warning C4244: '=' : conversion from 'double' to 'float', possible loss of data
     1>c:\build\msys\1.0\trepidation-current\trep-engine\code\libspeex\vbr.c(142): warning C4244: '=' : conversion from 'double' to 'float', possible loss of data
     1>c:\build\msys\1.0\trepidation-current\trep-engine\code\libspeex\vbr.c(149): warning C4244: '=' : conversion from 'double' to 'float', possible loss of data
     1>c:\build\msys\1.0\trepidation-current\trep-engine\code\libspeex\vbr.c(152): warning C4244: '=' : conversion from 'double' to 'float', possible loss of data
     1>c:\build\msys\1.0\trepidation-current\trep-engine\code\libspeex\vbr.c(154): warning C4244: '=' : conversion from 'double' to 'float', possible loss of data
     1>c:\build\msys\1.0\trepidation-current\trep-engine\code\libspeex\vbr.c(170): warning C4244: '=' : conversion from 'double' to 'float', possible loss of data
     1>c:\build\msys\1.0\trepidation-current\trep-engine\code\libspeex\vbr.c(171): warning C4244: '=' : conversion from 'double' to 'float', possible loss of data
     1>c:\build\msys\1.0\trepidation-current\trep-engine\code\libspeex\vbr.c(180): warning C4244: '=' : conversion from 'double' to 'float', possible loss of data
     1>c:\build\msys\1.0\trepidation-current\trep-engine\code\libspeex\vbr.c(181): warning C4244: '=' : conversion from 'double' to 'float', possible loss of data
     1>c:\build\msys\1.0\trepidation-current\trep-engine\code\libspeex\vbr.c(187): warning C4305: '-=' : truncation from 'double' to 'float'
     1>c:\build\msys\1.0\trepidation-current\trep-engine\code\libspeex\vbr.c(189): warning C4305: '-=' : truncation from 'double' to 'float'
     1>c:\build\msys\1.0\trepidation-current\trep-engine\code\libspeex\vbr.c(191): warning C4305: '-=' : truncation from 'double' to 'float'
     1>c:\build\msys\1.0\trepidation-current\trep-engine\code\libspeex\vbr.c(194): warning C4244: '=' : conversion from 'double' to 'float', possible loss of data
     1>c:\build\msys\1.0\trepidation-current\trep-engine\code\libspeex\vbr.c(195): warning C4244: '=' : conversion from 'double' to 'float', possible loss of data
     1>c:\build\msys\1.0\trepidation-current\trep-engine\code\libspeex\vbr.c(204): warning C4244: '+=' : conversion from 'double' to 'float', possible loss of data
     1>c:\build\msys\1.0\trepidation-current\trep-engine\code\libspeex\vbr.c(206): warning C4244: '+=' : conversion from 'double' to 'float', possible loss of data
     1>c:\build\msys\1.0\trepidation-current\trep-engine\code\libspeex\vbr.c(211): warning C4244: '+=' : conversion from 'double' to 'float', possible loss of data
     1>c:\build\msys\1.0\trepidation-current\trep-engine\code\libspeex\vbr.c(218): warning C4244: '=' : conversion from 'double' to 'float', possible loss of data
     1>c:\build\msys\1.0\trepidation-current\trep-engine\code\libspeex\vbr.c(219): warning C4244: '+=' : conversion from 'double' to 'float', possible loss of data
     1>c:\build\msys\1.0\trepidation-current\trep-engine\code\libspeex\vbr.c(222): warning C4244: '=' : conversion from 'double' to 'float', possible loss of data
     1>c:\build\msys\1.0\trepidation-current\trep-engine\code\libspeex\vbr.c(240): warning C4244: '-=' : conversion from 'double' to 'float', possible loss of data
     1>c:\build\msys\1.0\trepidation-current\trep-engine\code\libspeex\vbr.c(247): warning C4244: '-=' : conversion from 'double' to 'float', possible loss of data
     1>c:\build\msys\1.0\trepidation-current\trep-engine\code\libspeex\vbr.c(249): warning C4244: '-=' : conversion from 'double' to 'float', possible loss of data
     1>c:\build\msys\1.0\trepidation-current\trep-engine\code\libspeex\vbr.c(252): warning C4244: '+=' : conversion from 'double' to 'float', possible loss of data
         vq.c
         window.c
     1>c:\build\msys\1.0\trepidation-current\trep-engine\code\libspeex\window.c(72): warning C4305: 'initializing' : truncation from 'double' to 'const spx_word16_t'
     1>c:\build\msys\1.0\trepidation-current\trep-engine\code\libspeex\window.c(72): warning C4305: 'initializing' : truncation from 'double' to 'const spx_word16_t'
     1>c:\build\msys\1.0\trepidation-current\trep-engine\code\libspeex\window.c(72): warning C4305: 'initializing' : truncation from 'double' to 'const spx_word16_t'
     1>c:\build\msys\1.0\trepidation-current\trep-engine\code\libspeex\window.c(72): warning C4305: 'initializing' : truncation from 'double' to 'const spx_word16_t'
     1>c:\build\msys\1.0\trepidation-current\trep-engine\code\libspeex\window.c(72): warning C4305: 'initializing' : truncation from 'double' to 'const spx_word16_t'
     1>c:\build\msys\1.0\trepidation-current\trep-engine\code\libspeex\window.c(72): warning C4305: 'initializing' : truncation from 'double' to 'const spx_word16_t'
     1>c:\build\msys\1.0\trepidation-current\trep-engine\code\libspeex\window.c(72): warning C4305: 'initializing' : truncation from 'double' to 'const spx_word16_t'
     1>c:\build\msys\1.0\trepidation-current\trep-engine\code\libspeex\window.c(72): warning C4305: 'initializing' : truncation from 'double' to 'const spx_word16_t'
     1>c:\build\msys\1.0\trepidation-current\trep-engine\code\libspeex\window.c(72): warning C4305: 'initializing' : truncation from 'double' to 'const spx_word16_t'
     1>c:\build\msys\1.0\trepidation-current\trep-engine\code\libspeex\window.c(73): warning C4305: 'initializing' : truncation from 'double' to 'const spx_word16_t'
         adler32.c
         crc32.c
         inffast.c
         inflate.c
         inftrees.c
         zutil.c
         Generating Code...
       ResourceCompile:
         C:\Program Files\Microsoft SDKs\Windows\v7.0A\bin\rc.exe /D _DEBUG /l"0x0409" /nologo /fo"..\winquake.res" ..\..\code\sys\win_resource.rc 
       ManifestResourceCompile:
         C:\Program Files\Microsoft SDKs\Windows\v7.0A\bin\rc.exe /nologo /fo"..\..\build\quake3_debug\quake3.exe.embed.manifest.res" ..\..\build\quake3_debug\quake3_manifest.rc 
     1>C:\Program Files\MSBuild\Microsoft.Cpp\v4.0\Microsoft.CppBuild.targets(990,5): warning MSB8012: TargetPath(C:\build\msys\1.0\trepidation-current\trep-engine\misc\msvc\..\..\build\quake3_debug\quake3.exe) does not match the Linker's OutputFile property value (C:\build\msys\1.0\trepidation-current\trep-engine\build\quake3_debug\ioquake3.exe). This may cause your project to build incorrectly. To correct this, please make sure that $(OutDir), $(TargetName) and $(TargetExt) property values match the value specified in %(Link.OutputFile).
     1>C:\Program Files\MSBuild\Microsoft.Cpp\v4.0\Microsoft.CppBuild.targets(992,5): warning MSB8012: TargetName(quake3) does not match the Linker's OutputFile property value (ioquake3). This may cause your project to build incorrectly. To correct this, please make sure that $(OutDir), $(TargetName) and $(TargetExt) property values match the value specified in %(Link.OutputFile).
       Link:
         c:\Program Files\Microsoft Visual Studio 10.0\VC\bin\link.exe /ERRORREPORT:PROMPT /OUT:"..\..\build\quake3_debug\ioquake3.exe" /INCREMENTAL /NOLOGO user32.lib advapi32.lib winmm.lib wsock32.lib ws2_32.lib SDLmain.lib SDL.lib OpenGL32.lib msvcrt.lib kernel32.lib user32.lib gdi32.lib winspool.lib comdlg32.lib advapi32.lib shell32.lib ole32.lib oleaut32.lib uuid.lib odbc32.lib odbccp32.lib /MANIFEST /ManifestFile:"..\..\build\quake3_debug\quake3.exe.intermediate.manifest" /MANIFESTUAC:"level='asInvoker' uiAccess='false'" /DEBUG /PDB:"..\..\build\quake3_debug\quake3.pdb" /MAP:"..\..\build\quake3_debug\quake3.map" /SUBSYSTEM:WINDOWS /STACK:"8388608" /TLBID:1 /DYNAMICBASE /NXCOMPAT /IMPLIB:"..\..\build\quake3_debug\quake3.lib" /MACHINE:X86 ..\winquake.res
         ..\..\build\quake3_debug\quake3.exe.embed.manifest.res
         ..\..\build\quake3_debug\cl_avi.obj
         ..\..\build\quake3_debug\cl_cgame.obj
         ..\..\build\quake3_debug\cl_cin.obj
         ..\..\build\quake3_debug\cl_console.obj
         ..\..\build\quake3_debug\cl_curl.obj
         ..\..\build\quake3_debug\cl_input.obj
         ..\..\build\quake3_debug\cl_keys.obj
         ..\..\build\quake3_debug\cl_main.obj
         ..\..\build\quake3_debug\cl_net_chan.obj
         ..\..\build\quake3_debug\cl_parse.obj
         ..\..\build\quake3_debug\cl_scrn.obj
         ..\..\build\quake3_debug\cl_ui.obj
         ..\..\build\quake3_debug\cm_load.obj
         ..\..\build\quake3_debug\cm_patch.obj
         ..\..\build\quake3_debug\cm_polylib.obj
         ..\..\build\quake3_debug\cm_test.obj
         ..\..\build\quake3_debug\cm_trace.obj
         ..\..\build\quake3_debug\cmd.obj
         ..\..\build\quake3_debug\common.obj
         ..\..\build\quake3_debug\con_log.obj
         ..\..\build\quake3_debug\con_passive.obj
         ..\..\build\quake3_debug\cvar.obj
         ..\..\build\quake3_debug\files.obj
         ..\..\build\quake3_debug\huffman.obj
         ..\..\build\quake3_debug\md4.obj
         ..\..\build\quake3_debug\md5.obj
         ..\..\build\quake3_debug\msg.obj
         ..\..\build\quake3_debug\net_chan.obj
         ..\..\build\quake3_debug\net_ip.obj
         ..\..\build\quake3_debug\puff.obj
         ..\..\build\quake3_debug\q_math.obj
         ..\..\build\quake3_debug\q_shared.obj
         ..\..\build\quake3_debug\qal.obj
         ..\..\build\quake3_debug\sdl_gamma.obj
         ..\..\build\quake3_debug\sdl_glimp.obj
         ..\..\build\quake3_debug\sdl_input.obj
         ..\..\build\quake3_debug\sdl_snd.obj
         ..\..\build\quake3_debug\snd_adpcm.obj
         ..\..\build\quake3_debug\snd_codec.obj
         ..\..\build\quake3_debug\snd_codec_ogg.obj
         ..\..\build\quake3_debug\snd_codec_wav.obj
         ..\..\build\quake3_debug\snd_dma.obj
         ..\..\build\quake3_debug\snd_main.obj
         ..\..\build\quake3_debug\snd_mem.obj
         ..\..\build\quake3_debug\snd_mix.obj
         ..\..\build\quake3_debug\snd_openal.obj
         ..\..\build\quake3_debug\snd_wavelet.obj
         ..\..\build\quake3_debug\sv_bot.obj
         ..\..\build\quake3_debug\sv_ccmds.obj
         ..\..\build\quake3_debug\sv_client.obj
         ..\..\build\quake3_debug\sv_game.obj
         ..\..\build\quake3_debug\sv_init.obj
         ..\..\build\quake3_debug\sv_main.obj
         ..\..\build\quake3_debug\sv_net_chan.obj
         ..\..\build\quake3_debug\sv_snapshot.obj
         ..\..\build\quake3_debug\sv_world.obj
         ..\..\build\quake3_debug\sys_main.obj
         ..\..\build\quake3_debug\sys_win32.obj
         ..\..\build\quake3_debug\unzip.obj
         ..\..\build\quake3_debug\ioapi.obj
         ..\..\build\quake3_debug\vm.obj
         ..\..\build\quake3_debug\vm_interpreted.obj
         ..\..\build\quake3_debug\vm_x86.obj
         ..\..\build\quake3_debug\jcapimin.obj
         ..\..\build\quake3_debug\jcapistd.obj
         ..\..\build\quake3_debug\jccoefct.obj
         ..\..\build\quake3_debug\jccolor.obj
         ..\..\build\quake3_debug\jcdctmgr.obj
         ..\..\build\quake3_debug\jchuff.obj
         ..\..\build\quake3_debug\jcinit.obj
         ..\..\build\quake3_debug\jcmainct.obj
         ..\..\build\quake3_debug\jcmarker.obj
         ..\..\build\quake3_debug\jcmaster.obj
         ..\..\build\quake3_debug\jcomapi.obj
         ..\..\build\quake3_debug\jcparam.obj
         ..\..\build\quake3_debug\jcphuff.obj
         ..\..\build\quake3_debug\jcprepct.obj
         ..\..\build\quake3_debug\jcsample.obj
         ..\..\build\quake3_debug\jdapimin.obj
         ..\..\build\quake3_debug\jdapistd.obj
         ..\..\build\quake3_debug\jdatasrc.obj
         ..\..\build\quake3_debug\jdcoefct.obj
         ..\..\build\quake3_debug\jdcolor.obj
         ..\..\build\quake3_debug\jddctmgr.obj
         ..\..\build\quake3_debug\jdhuff.obj
         ..\..\build\quake3_debug\jdinput.obj
         ..\..\build\quake3_debug\jdmainct.obj
         ..\..\build\quake3_debug\jdmarker.obj
         ..\..\build\quake3_debug\jdmaster.obj
         ..\..\build\quake3_debug\jdpostct.obj
         ..\..\build\quake3_debug\jdsample.obj
         ..\..\build\quake3_debug\jdtrans.obj
         ..\..\build\quake3_debug\jerror.obj
         ..\..\build\quake3_debug\jfdctflt.obj
         ..\..\build\quake3_debug\jidctflt.obj
         ..\..\build\quake3_debug\jmemmgr.obj
         ..\..\build\quake3_debug\jmemnobs.obj
         ..\..\build\quake3_debug\jutils.obj
         ..\..\build\quake3_debug\be_aas_bspq3.obj
         ..\..\build\quake3_debug\be_aas_cluster.obj
         ..\..\build\quake3_debug\be_aas_debug.obj
         ..\..\build\quake3_debug\be_aas_entity.obj
         ..\..\build\quake3_debug\be_aas_file.obj
         ..\..\build\quake3_debug\be_aas_main.obj
         ..\..\build\quake3_debug\be_aas_move.obj
         ..\..\build\quake3_debug\be_aas_optimize.obj
         ..\..\build\quake3_debug\be_aas_reach.obj
         ..\..\build\quake3_debug\be_aas_route.obj
         ..\..\build\quake3_debug\be_aas_routealt.obj
         ..\..\build\quake3_debug\be_aas_sample.obj
         ..\..\build\quake3_debug\be_ai_char.obj
         ..\..\build\quake3_debug\be_ai_chat.obj
         ..\..\build\quake3_debug\be_ai_gen.obj
         ..\..\build\quake3_debug\be_ai_goal.obj
         ..\..\build\quake3_debug\be_ai_move.obj
         ..\..\build\quake3_debug\be_ai_weap.obj
         ..\..\build\quake3_debug\be_ai_weight.obj
         ..\..\build\quake3_debug\be_ea.obj
         ..\..\build\quake3_debug\be_interface.obj
         ..\..\build\quake3_debug\l_crc.obj
         ..\..\build\quake3_debug\l_libvar.obj
         ..\..\build\quake3_debug\l_log.obj
         ..\..\build\quake3_debug\l_memory.obj
         ..\..\build\quake3_debug\l_precomp.obj
         ..\..\build\quake3_debug\l_script.obj
         ..\..\build\quake3_debug\l_struct.obj
         ..\..\build\quake3_debug\tr_animation.obj
         ..\..\build\quake3_debug\tr_backend.obj
         ..\..\build\quake3_debug\tr_bsp.obj
         ..\..\build\quake3_debug\tr_cmds.obj
         ..\..\build\quake3_debug\tr_curve.obj
         ..\..\build\quake3_debug\tr_flares.obj
         ..\..\build\quake3_debug\tr_font.obj
         ..\..\build\quake3_debug\tr_image.obj
         ..\..\build\quake3_debug\tr_image_bmp.obj
         ..\..\build\quake3_debug\tr_image_jpg.obj
         ..\..\build\quake3_debug\tr_image_pcx.obj
         ..\..\build\quake3_debug\tr_image_png.obj
         ..\..\build\quake3_debug\tr_image_tga.obj
         ..\..\build\quake3_debug\tr_init.obj
         ..\..\build\quake3_debug\tr_light.obj
         ..\..\build\quake3_debug\tr_main.obj
         ..\..\build\quake3_debug\tr_marks.obj
         ..\..\build\quake3_debug\tr_mesh.obj
         ..\..\build\quake3_debug\tr_model.obj
         ..\..\build\quake3_debug\tr_noise.obj
         ..\..\build\quake3_debug\tr_scene.obj
         ..\..\build\quake3_debug\tr_shade.obj
         ..\..\build\quake3_debug\tr_shade_calc.obj
         ..\..\build\quake3_debug\tr_shader.obj
         ..\..\build\quake3_debug\tr_shadows.obj
         ..\..\build\quake3_debug\tr_sky.obj
         ..\..\build\quake3_debug\tr_surface.obj
         ..\..\build\quake3_debug\tr_world.obj
         ..\..\build\quake3_debug\bits.obj
         ..\..\build\quake3_debug\buffer.obj
         ..\..\build\quake3_debug\cb_search.obj
         ..\..\build\quake3_debug\exc_10_16_table.obj
         ..\..\build\quake3_debug\exc_10_32_table.obj
         ..\..\build\quake3_debug\exc_20_32_table.obj
         ..\..\build\quake3_debug\exc_5_256_table.obj
         ..\..\build\quake3_debug\exc_5_64_table.obj
         ..\..\build\quake3_debug\exc_8_128_table.obj
         ..\..\build\quake3_debug\fftwrap.obj
         ..\..\build\quake3_debug\filterbank.obj
         ..\..\build\quake3_debug\filters.obj
         ..\..\build\quake3_debug\gain_table.obj
         ..\..\build\quake3_debug\gain_table_lbr.obj
         ..\..\build\quake3_debug\hexc_10_32_table.obj
         ..\..\build\quake3_debug\hexc_table.obj
         ..\..\build\quake3_debug\high_lsp_tables.obj
         ..\..\build\quake3_debug\jitter.obj
         ..\..\build\quake3_debug\kiss_fft.obj
         ..\..\build\quake3_debug\kiss_fftr.obj
         ..\..\build\quake3_debug\lpc.obj
         ..\..\build\quake3_debug\lsp.obj
         ..\..\build\quake3_debug\lsp_tables_nb.obj
         ..\..\build\quake3_debug\ltp.obj
         ..\..\build\quake3_debug\mdf.obj
         ..\..\build\quake3_debug\modes.obj
         ..\..\build\quake3_debug\modes_wb.obj
         ..\..\build\quake3_debug\nb_celp.obj
         ..\..\build\quake3_debug\preprocess.obj
         ..\..\build\quake3_debug\quant_lsp.obj
         ..\..\build\quake3_debug\resample.obj
         ..\..\build\quake3_debug\sb_celp.obj
         ..\..\build\quake3_debug\smallft.obj
         ..\..\build\quake3_debug\speex.obj
         ..\..\build\quake3_debug\speex_callbacks.obj
         ..\..\build\quake3_debug\speex_header.obj
         ..\..\build\quake3_debug\stereo.obj
         ..\..\build\quake3_debug\vbr.obj
         ..\..\build\quake3_debug\vq.obj
         ..\..\build\quake3_debug\window.obj
         ..\..\build\quake3_debug\adler32.obj
         ..\..\build\quake3_debug\crc32.obj
         ..\..\build\quake3_debug\inffast.obj
         ..\..\build\quake3_debug\inflate.obj
         ..\..\build\quake3_debug\inftrees.obj
         ..\..\build\quake3_debug\zutil.obj
     1>LINK : fatal error LNK1104: cannot open file 'SDLmain.lib'
     1>Done Building Project "C:\build\msys\1.0\trepidation-current\trep-engine\misc\msvc\quake3.vcxproj" (build target(s)) -- FAILED.

Build FAILED.

Time Elapsed 00:00:44.76
