.\q3_ui___Win32_Debug\q3_ui.bsc
C:\WEB\TREPDEV\TREPIDATION\VMS-SOURCE\CODE\DEBUG\UI.PDB
C:\WEB\TREPDEV\TREPIDATION\VMS-SOURCE\CODE\DEBUG\UIX86.DLL
C:\WEB\TREPDEV\TREPIDATION\VMS-SOURCE\CODE\DEBUG\UIX86.ILK
C:\web\trepdev\trepidation\vms-source\code\q3_ui\.\q3_ui___Win32_Debug\q3_ui.dll.intermediate.manifest
C:\WEB\TREPDEV\TREPIDATION\VMS-SOURCE\CODE\Q3_UI\DEBUG\BG_MISC.OBJ
C:\WEB\TREPDEV\TREPIDATION\VMS-SOURCE\CODE\Q3_UI\DEBUG\Q_MATH.OBJ
C:\WEB\TREPDEV\TREPIDATION\VMS-SOURCE\CODE\Q3_UI\DEBUG\Q_SHARED.OBJ
C:\WEB\TREPDEV\TREPIDATION\VMS-SOURCE\CODE\Q3_UI\DEBUG\UI_ADDBOTS.OBJ
C:\WEB\TREPDEV\TREPIDATION\VMS-SOURCE\CODE\Q3_UI\DEBUG\UI_ATOMS.OBJ
C:\WEB\TREPDEV\TREPIDATION\VMS-SOURCE\CODE\Q3_UI\DEBUG\UI_CDKEY.OBJ
C:\WEB\TREPDEV\TREPIDATION\VMS-SOURCE\CODE\Q3_UI\DEBUG\UI_CINEMATICS.OBJ
C:\WEB\TREPDEV\TREPIDATION\VMS-SOURCE\CODE\Q3_UI\DEBUG\UI_CONFIRM.OBJ
C:\WEB\TREPDEV\TREPIDATION\VMS-SOURCE\CODE\Q3_UI\DEBUG\UI_CONNECT.OBJ
C:\WEB\TREPDEV\TREPIDATION\VMS-SOURCE\CODE\Q3_UI\DEBUG\UI_CONTROLS2.OBJ
C:\WEB\TREPDEV\TREPIDATION\VMS-SOURCE\CODE\Q3_UI\DEBUG\UI_CREDITS.OBJ
C:\WEB\TREPDEV\TREPIDATION\VMS-SOURCE\CODE\Q3_UI\DEBUG\UI_DEMO2.OBJ
C:\WEB\TREPDEV\TREPIDATION\VMS-SOURCE\CODE\Q3_UI\DEBUG\UI_DISPLAY.OBJ
C:\WEB\TREPDEV\TREPIDATION\VMS-SOURCE\CODE\Q3_UI\DEBUG\UI_GAMEINFO.OBJ
C:\WEB\TREPDEV\TREPIDATION\VMS-SOURCE\CODE\Q3_UI\DEBUG\UI_INGAME.OBJ
C:\WEB\TREPDEV\TREPIDATION\VMS-SOURCE\CODE\Q3_UI\DEBUG\UI_MAIN.OBJ
C:\WEB\TREPDEV\TREPIDATION\VMS-SOURCE\CODE\Q3_UI\DEBUG\UI_MENU.OBJ
C:\WEB\TREPDEV\TREPIDATION\VMS-SOURCE\CODE\Q3_UI\DEBUG\UI_MFIELD.OBJ
C:\WEB\TREPDEV\TREPIDATION\VMS-SOURCE\CODE\Q3_UI\DEBUG\UI_MODS.OBJ
C:\WEB\TREPDEV\TREPIDATION\VMS-SOURCE\CODE\Q3_UI\DEBUG\UI_NETWORK.OBJ
C:\WEB\TREPDEV\TREPIDATION\VMS-SOURCE\CODE\Q3_UI\DEBUG\UI_OFFLINE.OBJ
C:\WEB\TREPDEV\TREPIDATION\VMS-SOURCE\CODE\Q3_UI\DEBUG\UI_OPTIONS.OBJ
C:\WEB\TREPDEV\TREPIDATION\VMS-SOURCE\CODE\Q3_UI\DEBUG\UI_PLAYERMODEL.OBJ
C:\WEB\TREPDEV\TREPIDATION\VMS-SOURCE\CODE\Q3_UI\DEBUG\UI_PLAYERS.OBJ
C:\WEB\TREPDEV\TREPIDATION\VMS-SOURCE\CODE\Q3_UI\DEBUG\UI_PLAYERSETTINGS.OBJ
C:\WEB\TREPDEV\TREPIDATION\VMS-SOURCE\CODE\Q3_UI\DEBUG\UI_PREFERENCES.OBJ
C:\WEB\TREPDEV\TREPIDATION\VMS-SOURCE\CODE\Q3_UI\DEBUG\UI_QMENU.OBJ
C:\WEB\TREPDEV\TREPIDATION\VMS-SOURCE\CODE\Q3_UI\DEBUG\UI_REMOVEBOTS.OBJ
C:\WEB\TREPDEV\TREPIDATION\VMS-SOURCE\CODE\Q3_UI\DEBUG\UI_SERVERINFO.OBJ
C:\WEB\TREPDEV\TREPIDATION\VMS-SOURCE\CODE\Q3_UI\DEBUG\UI_SERVERS2.OBJ
C:\WEB\TREPDEV\TREPIDATION\VMS-SOURCE\CODE\Q3_UI\DEBUG\UI_SETUP.OBJ
C:\WEB\TREPDEV\TREPIDATION\VMS-SOURCE\CODE\Q3_UI\DEBUG\UI_SOUND.OBJ
C:\WEB\TREPDEV\TREPIDATION\VMS-SOURCE\CODE\Q3_UI\DEBUG\UI_SPARENA.OBJ
C:\WEB\TREPDEV\TREPIDATION\VMS-SOURCE\CODE\Q3_UI\DEBUG\UI_SPECIFYSERVER.OBJ
C:\WEB\TREPDEV\TREPIDATION\VMS-SOURCE\CODE\Q3_UI\DEBUG\UI_SPLEVEL.OBJ
C:\WEB\TREPDEV\TREPIDATION\VMS-SOURCE\CODE\Q3_UI\DEBUG\UI_SPPOSTGAME.OBJ
C:\WEB\TREPDEV\TREPIDATION\VMS-SOURCE\CODE\Q3_UI\DEBUG\UI_SPRESET.OBJ
C:\WEB\TREPDEV\TREPIDATION\VMS-SOURCE\CODE\Q3_UI\DEBUG\UI_SPSKILL.OBJ
C:\WEB\TREPDEV\TREPIDATION\VMS-SOURCE\CODE\Q3_UI\DEBUG\UI_STARTSERVER.OBJ
C:\WEB\TREPDEV\TREPIDATION\VMS-SOURCE\CODE\Q3_UI\DEBUG\UI_SYSCALLS.OBJ
C:\WEB\TREPDEV\TREPIDATION\VMS-SOURCE\CODE\Q3_UI\DEBUG\UI_TEAM.OBJ
C:\WEB\TREPDEV\TREPIDATION\VMS-SOURCE\CODE\Q3_UI\DEBUG\UI_TEAMORDERS.OBJ
C:\WEB\TREPDEV\TREPIDATION\VMS-SOURCE\CODE\Q3_UI\DEBUG\UI_VIDEO.OBJ
C:\WEB\TREPDEV\TREPIDATION\VMS-SOURCE\CODE\Q3_UI\DEBUG\UI_VOIP.OBJ
C:\web\trepdev\trepidation\vms-source\code\q3_ui\Debug\uix86.exp
C:\web\trepdev\trepidation\vms-source\code\q3_ui\Debug\uix86.lib
C:\WEB\TREPDEV\TREPIDATION\VMS-SOURCE\CODE\Q3_UI\DEBUG\UIX86.MAP
C:\WEB\TREPDEV\TREPIDATION\VMS-SOURCE\CODE\Q3_UI\DEBUG\VC100.PDB
C:\WEB\TREPDEV\TREPIDATION\VMS-SOURCE\CODE\Q3_UI\Q3_UI___WIN32_DEBUG\BG_MISC.SBR
C:\web\trepdev\trepidation\vms-source\code\q3_ui\q3_ui___Win32_Debug\BscMake.command.1.tlog
C:\web\trepdev\trepidation\vms-source\code\q3_ui\q3_ui___Win32_Debug\bscmake.read.1.tlog
C:\web\trepdev\trepidation\vms-source\code\q3_ui\q3_ui___Win32_Debug\bscmake.write.1.tlog
C:\web\trepdev\trepidation\vms-source\code\q3_ui\q3_ui___Win32_Debug\cl.command.1.tlog
C:\web\trepdev\trepidation\vms-source\code\q3_ui\q3_ui___Win32_Debug\CL.read.1.tlog
C:\web\trepdev\trepidation\vms-source\code\q3_ui\q3_ui___Win32_Debug\CL.write.1.tlog
C:\web\trepdev\trepidation\vms-source\code\q3_ui\q3_ui___Win32_Debug\link.command.1.tlog
C:\web\trepdev\trepidation\vms-source\code\q3_ui\q3_ui___Win32_Debug\link.read.1.tlog
C:\web\trepdev\trepidation\vms-source\code\q3_ui\q3_ui___Win32_Debug\link.write.1.tlog
C:\web\trepdev\trepidation\vms-source\code\q3_ui\q3_ui___Win32_Debug\link-cvtres.read.1.tlog
C:\web\trepdev\trepidation\vms-source\code\q3_ui\q3_ui___Win32_Debug\link-cvtres.write.1.tlog
C:\web\trepdev\trepidation\vms-source\code\q3_ui\q3_ui___Win32_Debug\mt.command.1.tlog
C:\web\trepdev\trepidation\vms-source\code\q3_ui\q3_ui___Win32_Debug\mt.read.1.tlog
C:\web\trepdev\trepidation\vms-source\code\q3_ui\q3_ui___Win32_Debug\mt.write.1.tlog
C:\WEB\TREPDEV\TREPIDATION\VMS-SOURCE\CODE\Q3_UI\Q3_UI___WIN32_DEBUG\Q_MATH.SBR
C:\WEB\TREPDEV\TREPIDATION\VMS-SOURCE\CODE\Q3_UI\Q3_UI___WIN32_DEBUG\Q_SHARED.SBR
C:\WEB\TREPDEV\TREPIDATION\VMS-SOURCE\CODE\Q3_UI\Q3_UI___WIN32_DEBUG\Q3_UI.BSC
C:\WEB\TREPDEV\TREPIDATION\VMS-SOURCE\CODE\Q3_UI\Q3_UI___WIN32_DEBUG\Q3_UI.DLL.EMBED.MANIFEST
C:\WEB\TREPDEV\TREPIDATION\VMS-SOURCE\CODE\Q3_UI\Q3_UI___WIN32_DEBUG\Q3_UI.DLL.EMBED.MANIFEST.RES
C:\WEB\TREPDEV\TREPIDATION\VMS-SOURCE\CODE\Q3_UI\Q3_UI___WIN32_DEBUG\Q3_UI.DLL.INTERMEDIATE.MANIFEST
C:\web\trepdev\trepidation\vms-source\code\q3_ui\q3_ui___Win32_Debug\q3_ui.write.1.tlog
C:\web\trepdev\trepidation\vms-source\code\q3_ui\q3_ui___Win32_Debug\q3_ui_manifest.rc
C:\web\trepdev\trepidation\vms-source\code\q3_ui\q3_ui___Win32_Debug\rc.command.1.tlog
C:\web\trepdev\trepidation\vms-source\code\q3_ui\q3_ui___Win32_Debug\rc.read.1.tlog
C:\web\trepdev\trepidation\vms-source\code\q3_ui\q3_ui___Win32_Debug\rc.write.1.tlog
C:\WEB\TREPDEV\TREPIDATION\VMS-SOURCE\CODE\Q3_UI\Q3_UI___WIN32_DEBUG\UI_ADDBOTS.SBR
C:\WEB\TREPDEV\TREPIDATION\VMS-SOURCE\CODE\Q3_UI\Q3_UI___WIN32_DEBUG\UI_ATOMS.SBR
C:\WEB\TREPDEV\TREPIDATION\VMS-SOURCE\CODE\Q3_UI\Q3_UI___WIN32_DEBUG\UI_CDKEY.SBR
C:\WEB\TREPDEV\TREPIDATION\VMS-SOURCE\CODE\Q3_UI\Q3_UI___WIN32_DEBUG\UI_CINEMATICS.SBR
C:\WEB\TREPDEV\TREPIDATION\VMS-SOURCE\CODE\Q3_UI\Q3_UI___WIN32_DEBUG\UI_CONFIRM.SBR
C:\WEB\TREPDEV\TREPIDATION\VMS-SOURCE\CODE\Q3_UI\Q3_UI___WIN32_DEBUG\UI_CONNECT.SBR
C:\WEB\TREPDEV\TREPIDATION\VMS-SOURCE\CODE\Q3_UI\Q3_UI___WIN32_DEBUG\UI_CONTROLS2.SBR
C:\WEB\TREPDEV\TREPIDATION\VMS-SOURCE\CODE\Q3_UI\Q3_UI___WIN32_DEBUG\UI_CREDITS.SBR
C:\WEB\TREPDEV\TREPIDATION\VMS-SOURCE\CODE\Q3_UI\Q3_UI___WIN32_DEBUG\UI_DEMO2.SBR
C:\WEB\TREPDEV\TREPIDATION\VMS-SOURCE\CODE\Q3_UI\Q3_UI___WIN32_DEBUG\UI_DISPLAY.SBR
C:\WEB\TREPDEV\TREPIDATION\VMS-SOURCE\CODE\Q3_UI\Q3_UI___WIN32_DEBUG\UI_GAMEINFO.SBR
C:\WEB\TREPDEV\TREPIDATION\VMS-SOURCE\CODE\Q3_UI\Q3_UI___WIN32_DEBUG\UI_INGAME.SBR
C:\WEB\TREPDEV\TREPIDATION\VMS-SOURCE\CODE\Q3_UI\Q3_UI___WIN32_DEBUG\UI_MAIN.SBR
C:\WEB\TREPDEV\TREPIDATION\VMS-SOURCE\CODE\Q3_UI\Q3_UI___WIN32_DEBUG\UI_MENU.SBR
C:\WEB\TREPDEV\TREPIDATION\VMS-SOURCE\CODE\Q3_UI\Q3_UI___WIN32_DEBUG\UI_MFIELD.SBR
C:\WEB\TREPDEV\TREPIDATION\VMS-SOURCE\CODE\Q3_UI\Q3_UI___WIN32_DEBUG\UI_MODS.SBR
C:\WEB\TREPDEV\TREPIDATION\VMS-SOURCE\CODE\Q3_UI\Q3_UI___WIN32_DEBUG\UI_NETWORK.SBR
C:\WEB\TREPDEV\TREPIDATION\VMS-SOURCE\CODE\Q3_UI\Q3_UI___WIN32_DEBUG\UI_OFFLINE.SBR
C:\WEB\TREPDEV\TREPIDATION\VMS-SOURCE\CODE\Q3_UI\Q3_UI___WIN32_DEBUG\UI_OPTIONS.SBR
C:\WEB\TREPDEV\TREPIDATION\VMS-SOURCE\CODE\Q3_UI\Q3_UI___WIN32_DEBUG\UI_PLAYERMODEL.SBR
C:\WEB\TREPDEV\TREPIDATION\VMS-SOURCE\CODE\Q3_UI\Q3_UI___WIN32_DEBUG\UI_PLAYERS.SBR
C:\WEB\TREPDEV\TREPIDATION\VMS-SOURCE\CODE\Q3_UI\Q3_UI___WIN32_DEBUG\UI_PLAYERSETTINGS.SBR
C:\WEB\TREPDEV\TREPIDATION\VMS-SOURCE\CODE\Q3_UI\Q3_UI___WIN32_DEBUG\UI_PREFERENCES.SBR
C:\WEB\TREPDEV\TREPIDATION\VMS-SOURCE\CODE\Q3_UI\Q3_UI___WIN32_DEBUG\UI_QMENU.SBR
C:\WEB\TREPDEV\TREPIDATION\VMS-SOURCE\CODE\Q3_UI\Q3_UI___WIN32_DEBUG\UI_REMOVEBOTS.SBR
C:\WEB\TREPDEV\TREPIDATION\VMS-SOURCE\CODE\Q3_UI\Q3_UI___WIN32_DEBUG\UI_SERVERINFO.SBR
C:\WEB\TREPDEV\TREPIDATION\VMS-SOURCE\CODE\Q3_UI\Q3_UI___WIN32_DEBUG\UI_SERVERS2.SBR
C:\WEB\TREPDEV\TREPIDATION\VMS-SOURCE\CODE\Q3_UI\Q3_UI___WIN32_DEBUG\UI_SETUP.SBR
C:\WEB\TREPDEV\TREPIDATION\VMS-SOURCE\CODE\Q3_UI\Q3_UI___WIN32_DEBUG\UI_SOUND.SBR
C:\WEB\TREPDEV\TREPIDATION\VMS-SOURCE\CODE\Q3_UI\Q3_UI___WIN32_DEBUG\UI_SPARENA.SBR
C:\WEB\TREPDEV\TREPIDATION\VMS-SOURCE\CODE\Q3_UI\Q3_UI___WIN32_DEBUG\UI_SPECIFYSERVER.SBR
C:\WEB\TREPDEV\TREPIDATION\VMS-SOURCE\CODE\Q3_UI\Q3_UI___WIN32_DEBUG\UI_SPLEVEL.SBR
C:\WEB\TREPDEV\TREPIDATION\VMS-SOURCE\CODE\Q3_UI\Q3_UI___WIN32_DEBUG\UI_SPPOSTGAME.SBR
C:\WEB\TREPDEV\TREPIDATION\VMS-SOURCE\CODE\Q3_UI\Q3_UI___WIN32_DEBUG\UI_SPRESET.SBR
C:\WEB\TREPDEV\TREPIDATION\VMS-SOURCE\CODE\Q3_UI\Q3_UI___WIN32_DEBUG\UI_SPSKILL.SBR
C:\WEB\TREPDEV\TREPIDATION\VMS-SOURCE\CODE\Q3_UI\Q3_UI___WIN32_DEBUG\UI_STARTSERVER.SBR
C:\WEB\TREPDEV\TREPIDATION\VMS-SOURCE\CODE\Q3_UI\Q3_UI___WIN32_DEBUG\UI_SYSCALLS.SBR
C:\WEB\TREPDEV\TREPIDATION\VMS-SOURCE\CODE\Q3_UI\Q3_UI___WIN32_DEBUG\UI_TEAM.SBR
C:\WEB\TREPDEV\TREPIDATION\VMS-SOURCE\CODE\Q3_UI\Q3_UI___WIN32_DEBUG\UI_TEAMORDERS.SBR
C:\WEB\TREPDEV\TREPIDATION\VMS-SOURCE\CODE\Q3_UI\Q3_UI___WIN32_DEBUG\UI_VIDEO.SBR
C:\WEB\TREPDEV\TREPIDATION\VMS-SOURCE\CODE\Q3_UI\Q3_UI___WIN32_DEBUG\UI_VOIP.SBR
