C:\web\trepdev\trepidation\vms-source\code\game\.\Debug\game.dll.intermediate.manifest
C:\WEB\TREPDEV\TREPIDATION\VMS-SOURCE\CODE\GAME\DEBUG\AI_CHAT.OBJ
C:\WEB\TREPDEV\TREPIDATION\VMS-SOURCE\CODE\GAME\DEBUG\AI_CHAT.SBR
C:\WEB\TREPDEV\TREPIDATION\VMS-SOURCE\CODE\GAME\DEBUG\AI_CMD.OBJ
C:\WEB\TREPDEV\TREPIDATION\VMS-SOURCE\CODE\GAME\DEBUG\AI_CMD.SBR
C:\WEB\TREPDEV\TREPIDATION\VMS-SOURCE\CODE\GAME\DEBUG\AI_DMNET.OBJ
C:\WEB\TREPDEV\TREPIDATION\VMS-SOURCE\CODE\GAME\DEBUG\AI_DMNET.SBR
C:\WEB\TREPDEV\TREPIDATION\VMS-SOURCE\CODE\GAME\DEBUG\AI_DMQ3.OBJ
C:\WEB\TREPDEV\TREPIDATION\VMS-SOURCE\CODE\GAME\DEBUG\AI_DMQ3.SBR
C:\WEB\TREPDEV\TREPIDATION\VMS-SOURCE\CODE\GAME\DEBUG\AI_MAIN.OBJ
C:\WEB\TREPDEV\TREPIDATION\VMS-SOURCE\CODE\GAME\DEBUG\AI_MAIN.SBR
C:\WEB\TREPDEV\TREPIDATION\VMS-SOURCE\CODE\GAME\DEBUG\AI_TEAM.OBJ
C:\WEB\TREPDEV\TREPIDATION\VMS-SOURCE\CODE\GAME\DEBUG\AI_TEAM.SBR
C:\WEB\TREPDEV\TREPIDATION\VMS-SOURCE\CODE\GAME\DEBUG\AI_VCMD.OBJ
C:\WEB\TREPDEV\TREPIDATION\VMS-SOURCE\CODE\GAME\DEBUG\AI_VCMD.SBR
C:\WEB\TREPDEV\TREPIDATION\VMS-SOURCE\CODE\GAME\DEBUG\BG_MISC.OBJ
C:\WEB\TREPDEV\TREPIDATION\VMS-SOURCE\CODE\GAME\DEBUG\BG_MISC.SBR
C:\WEB\TREPDEV\TREPIDATION\VMS-SOURCE\CODE\GAME\DEBUG\BG_PMOVE.OBJ
C:\WEB\TREPDEV\TREPIDATION\VMS-SOURCE\CODE\GAME\DEBUG\BG_PMOVE.SBR
C:\WEB\TREPDEV\TREPIDATION\VMS-SOURCE\CODE\GAME\DEBUG\BG_SLIDEMOVE.OBJ
C:\WEB\TREPDEV\TREPIDATION\VMS-SOURCE\CODE\GAME\DEBUG\BG_SLIDEMOVE.SBR
C:\web\trepdev\trepidation\vms-source\code\game\Debug\cl.command.1.tlog
C:\web\trepdev\trepidation\vms-source\code\game\Debug\CL.read.1.tlog
C:\web\trepdev\trepidation\vms-source\code\game\Debug\CL.write.1.tlog
C:\WEB\TREPDEV\TREPIDATION\VMS-SOURCE\CODE\GAME\DEBUG\G_ACTIVE.OBJ
C:\WEB\TREPDEV\TREPIDATION\VMS-SOURCE\CODE\GAME\DEBUG\G_ACTIVE.SBR
C:\WEB\TREPDEV\TREPIDATION\VMS-SOURCE\CODE\GAME\DEBUG\G_ARENAS.OBJ
C:\WEB\TREPDEV\TREPIDATION\VMS-SOURCE\CODE\GAME\DEBUG\G_ARENAS.SBR
C:\WEB\TREPDEV\TREPIDATION\VMS-SOURCE\CODE\GAME\DEBUG\G_BOT.OBJ
C:\WEB\TREPDEV\TREPIDATION\VMS-SOURCE\CODE\GAME\DEBUG\G_BOT.SBR
C:\WEB\TREPDEV\TREPIDATION\VMS-SOURCE\CODE\GAME\DEBUG\G_BUILDABLES.OBJ
C:\WEB\TREPDEV\TREPIDATION\VMS-SOURCE\CODE\GAME\DEBUG\G_BUILDABLES.SBR
C:\WEB\TREPDEV\TREPIDATION\VMS-SOURCE\CODE\GAME\DEBUG\G_CLIENT.OBJ
C:\WEB\TREPDEV\TREPIDATION\VMS-SOURCE\CODE\GAME\DEBUG\G_CLIENT.SBR
C:\WEB\TREPDEV\TREPIDATION\VMS-SOURCE\CODE\GAME\DEBUG\G_CMDS.OBJ
C:\WEB\TREPDEV\TREPIDATION\VMS-SOURCE\CODE\GAME\DEBUG\G_CMDS.SBR
C:\WEB\TREPDEV\TREPIDATION\VMS-SOURCE\CODE\GAME\DEBUG\G_COMBAT.OBJ
C:\WEB\TREPDEV\TREPIDATION\VMS-SOURCE\CODE\GAME\DEBUG\G_COMBAT.SBR
C:\WEB\TREPDEV\TREPIDATION\VMS-SOURCE\CODE\GAME\DEBUG\G_ITEMS.OBJ
C:\WEB\TREPDEV\TREPIDATION\VMS-SOURCE\CODE\GAME\DEBUG\G_ITEMS.SBR
C:\WEB\TREPDEV\TREPIDATION\VMS-SOURCE\CODE\GAME\DEBUG\G_MAIN.OBJ
C:\WEB\TREPDEV\TREPIDATION\VMS-SOURCE\CODE\GAME\DEBUG\G_MAIN.SBR
C:\WEB\TREPDEV\TREPIDATION\VMS-SOURCE\CODE\GAME\DEBUG\G_MEM.OBJ
C:\WEB\TREPDEV\TREPIDATION\VMS-SOURCE\CODE\GAME\DEBUG\G_MEM.SBR
C:\WEB\TREPDEV\TREPIDATION\VMS-SOURCE\CODE\GAME\DEBUG\G_MISC.OBJ
C:\WEB\TREPDEV\TREPIDATION\VMS-SOURCE\CODE\GAME\DEBUG\G_MISC.SBR
C:\WEB\TREPDEV\TREPIDATION\VMS-SOURCE\CODE\GAME\DEBUG\G_MISSILE.OBJ
C:\WEB\TREPDEV\TREPIDATION\VMS-SOURCE\CODE\GAME\DEBUG\G_MISSILE.SBR
C:\WEB\TREPDEV\TREPIDATION\VMS-SOURCE\CODE\GAME\DEBUG\G_MOVER.OBJ
C:\WEB\TREPDEV\TREPIDATION\VMS-SOURCE\CODE\GAME\DEBUG\G_MOVER.SBR
C:\WEB\TREPDEV\TREPIDATION\VMS-SOURCE\CODE\GAME\DEBUG\G_PLAYERCLASS.OBJ
C:\WEB\TREPDEV\TREPIDATION\VMS-SOURCE\CODE\GAME\DEBUG\G_PLAYERCLASS.SBR
C:\WEB\TREPDEV\TREPIDATION\VMS-SOURCE\CODE\GAME\DEBUG\G_SESSION.OBJ
C:\WEB\TREPDEV\TREPIDATION\VMS-SOURCE\CODE\GAME\DEBUG\G_SESSION.SBR
C:\WEB\TREPDEV\TREPIDATION\VMS-SOURCE\CODE\GAME\DEBUG\G_SPAWN.OBJ
C:\WEB\TREPDEV\TREPIDATION\VMS-SOURCE\CODE\GAME\DEBUG\G_SPAWN.SBR
C:\WEB\TREPDEV\TREPIDATION\VMS-SOURCE\CODE\GAME\DEBUG\G_SVCMDS.OBJ
C:\WEB\TREPDEV\TREPIDATION\VMS-SOURCE\CODE\GAME\DEBUG\G_SVCMDS.SBR
C:\WEB\TREPDEV\TREPIDATION\VMS-SOURCE\CODE\GAME\DEBUG\G_SYSCALLS.OBJ
C:\WEB\TREPDEV\TREPIDATION\VMS-SOURCE\CODE\GAME\DEBUG\G_SYSCALLS.SBR
C:\WEB\TREPDEV\TREPIDATION\VMS-SOURCE\CODE\GAME\DEBUG\G_TARGET.OBJ
C:\WEB\TREPDEV\TREPIDATION\VMS-SOURCE\CODE\GAME\DEBUG\G_TARGET.SBR
C:\WEB\TREPDEV\TREPIDATION\VMS-SOURCE\CODE\GAME\DEBUG\G_TEAM.OBJ
C:\WEB\TREPDEV\TREPIDATION\VMS-SOURCE\CODE\GAME\DEBUG\G_TEAM.SBR
C:\WEB\TREPDEV\TREPIDATION\VMS-SOURCE\CODE\GAME\DEBUG\G_TRIGGER.OBJ
C:\WEB\TREPDEV\TREPIDATION\VMS-SOURCE\CODE\GAME\DEBUG\G_TRIGGER.SBR
C:\WEB\TREPDEV\TREPIDATION\VMS-SOURCE\CODE\GAME\DEBUG\G_UNLAGGED.OBJ
C:\WEB\TREPDEV\TREPIDATION\VMS-SOURCE\CODE\GAME\DEBUG\G_UNLAGGED.SBR
C:\WEB\TREPDEV\TREPIDATION\VMS-SOURCE\CODE\GAME\DEBUG\G_UTILS.OBJ
C:\WEB\TREPDEV\TREPIDATION\VMS-SOURCE\CODE\GAME\DEBUG\G_UTILS.SBR
C:\WEB\TREPDEV\TREPIDATION\VMS-SOURCE\CODE\GAME\DEBUG\G_WEAPON.OBJ
C:\WEB\TREPDEV\TREPIDATION\VMS-SOURCE\CODE\GAME\DEBUG\G_WEAPON.SBR
C:\WEB\TREPDEV\TREPIDATION\VMS-SOURCE\CODE\GAME\DEBUG\GAME.DLL.EMBED.MANIFEST
C:\WEB\TREPDEV\TREPIDATION\VMS-SOURCE\CODE\GAME\DEBUG\GAME.DLL.EMBED.MANIFEST.RES
C:\web\trepdev\trepidation\vms-source\code\game\Debug\game.dll.intermediate.manifest
C:\web\trepdev\trepidation\vms-source\code\game\Debug\game.write.1.tlog
C:\web\trepdev\trepidation\vms-source\code\game\Debug\game_manifest.rc
C:\web\trepdev\trepidation\vms-source\code\game\Debug\link.5788.read.1.tlog
C:\web\trepdev\trepidation\vms-source\code\game\Debug\link.5788.write.1.tlog
C:\web\trepdev\trepidation\vms-source\code\game\Debug\link.command.1.tlog
C:\web\trepdev\trepidation\vms-source\code\game\Debug\link.read.1.tlog
C:\web\trepdev\trepidation\vms-source\code\game\Debug\link.write.1.tlog
C:\web\trepdev\trepidation\vms-source\code\game\Debug\link-cvtres.read.1.tlog
C:\web\trepdev\trepidation\vms-source\code\game\Debug\link-cvtres.write.1.tlog
C:\web\trepdev\trepidation\vms-source\code\game\Debug\mt.command.1.tlog
C:\web\trepdev\trepidation\vms-source\code\game\Debug\mt.read.1.tlog
C:\web\trepdev\trepidation\vms-source\code\game\Debug\mt.write.1.tlog
C:\WEB\TREPDEV\TREPIDATION\VMS-SOURCE\CODE\GAME\DEBUG\Q_MATH.OBJ
C:\WEB\TREPDEV\TREPIDATION\VMS-SOURCE\CODE\GAME\DEBUG\Q_MATH.SBR
C:\WEB\TREPDEV\TREPIDATION\VMS-SOURCE\CODE\GAME\DEBUG\Q_SHARED.OBJ
C:\WEB\TREPDEV\TREPIDATION\VMS-SOURCE\CODE\GAME\DEBUG\Q_SHARED.SBR
C:\web\trepdev\trepidation\vms-source\code\game\Debug\qagamex86.exp
C:\web\trepdev\trepidation\vms-source\code\game\Debug\qagamex86.lib
C:\web\trepdev\trepidation\vms-source\code\game\Debug\qagamex86.pdb
C:\web\trepdev\trepidation\vms-source\code\game\Debug\rc.command.1.tlog
C:\web\trepdev\trepidation\vms-source\code\game\Debug\rc.read.1.tlog
C:\web\trepdev\trepidation\vms-source\code\game\Debug\rc.write.1.tlog
C:\web\trepdev\trepidation\vms-source\code\game\Debug\vc100.idb
C:\WEB\TREPDEV\TREPIDATION\VMS-SOURCE\CODE\GAME\DEBUG\VC100.PDB
