C:\WEB\TREPDEV\TREPIDATION\TREP-ENGINE\BUILD\QUAKE3_RELEASE\ADLER32.OBJ
C:\WEB\TREPDEV\TREPIDATION\TREP-ENGINE\BUILD\QUAKE3_RELEASE\BE_AAS_BSPQ3.OBJ
C:\WEB\TREPDEV\TREPIDATION\TREP-ENGINE\BUILD\QUAKE3_RELEASE\BE_AAS_CLUSTER.OBJ
C:\WEB\TREPDEV\TREPIDATION\TREP-ENGINE\BUILD\QUAKE3_RELEASE\BE_AAS_DEBUG.OBJ
C:\WEB\TREPDEV\TREPIDATION\TREP-ENGINE\BUILD\QUAKE3_RELEASE\BE_AAS_ENTITY.OBJ
C:\WEB\TREPDEV\TREPIDATION\TREP-ENGINE\BUILD\QUAKE3_RELEASE\BE_AAS_FILE.OBJ
C:\WEB\TREPDEV\TREPIDATION\TREP-ENGINE\BUILD\QUAKE3_RELEASE\BE_AAS_MAIN.OBJ
C:\WEB\TREPDEV\TREPIDATION\TREP-ENGINE\BUILD\QUAKE3_RELEASE\BE_AAS_MOVE.OBJ
C:\WEB\TREPDEV\TREPIDATION\TREP-ENGINE\BUILD\QUAKE3_RELEASE\BE_AAS_OPTIMIZE.OBJ
C:\WEB\TREPDEV\TREPIDATION\TREP-ENGINE\BUILD\QUAKE3_RELEASE\BE_AAS_REACH.OBJ
C:\WEB\TREPDEV\TREPIDATION\TREP-ENGINE\BUILD\QUAKE3_RELEASE\BE_AAS_ROUTE.OBJ
C:\WEB\TREPDEV\TREPIDATION\TREP-ENGINE\BUILD\QUAKE3_RELEASE\BE_AAS_ROUTEALT.OBJ
C:\WEB\TREPDEV\TREPIDATION\TREP-ENGINE\BUILD\QUAKE3_RELEASE\BE_AAS_SAMPLE.OBJ
C:\WEB\TREPDEV\TREPIDATION\TREP-ENGINE\BUILD\QUAKE3_RELEASE\BE_AI_CHAR.OBJ
C:\WEB\TREPDEV\TREPIDATION\TREP-ENGINE\BUILD\QUAKE3_RELEASE\BE_AI_CHAT.OBJ
C:\WEB\TREPDEV\TREPIDATION\TREP-ENGINE\BUILD\QUAKE3_RELEASE\BE_AI_GEN.OBJ
C:\WEB\TREPDEV\TREPIDATION\TREP-ENGINE\BUILD\QUAKE3_RELEASE\BE_AI_GOAL.OBJ
C:\WEB\TREPDEV\TREPIDATION\TREP-ENGINE\BUILD\QUAKE3_RELEASE\BE_AI_MOVE.OBJ
C:\WEB\TREPDEV\TREPIDATION\TREP-ENGINE\BUILD\QUAKE3_RELEASE\BE_AI_WEAP.OBJ
C:\WEB\TREPDEV\TREPIDATION\TREP-ENGINE\BUILD\QUAKE3_RELEASE\BE_AI_WEIGHT.OBJ
C:\WEB\TREPDEV\TREPIDATION\TREP-ENGINE\BUILD\QUAKE3_RELEASE\BE_EA.OBJ
C:\WEB\TREPDEV\TREPIDATION\TREP-ENGINE\BUILD\QUAKE3_RELEASE\BE_INTERFACE.OBJ
C:\WEB\TREPDEV\TREPIDATION\TREP-ENGINE\BUILD\QUAKE3_RELEASE\BITS.OBJ
C:\WEB\TREPDEV\TREPIDATION\TREP-ENGINE\BUILD\QUAKE3_RELEASE\BUFFER.OBJ
C:\WEB\TREPDEV\TREPIDATION\TREP-ENGINE\BUILD\QUAKE3_RELEASE\CB_SEARCH.OBJ
C:\web\trepdev\trepidation\trep-engine\build\quake3_release\cl.command.1.tlog
C:\web\trepdev\trepidation\trep-engine\build\quake3_release\CL.read.1.tlog
C:\web\trepdev\trepidation\trep-engine\build\quake3_release\CL.write.1.tlog
C:\WEB\TREPDEV\TREPIDATION\TREP-ENGINE\BUILD\QUAKE3_RELEASE\CL_AVI.OBJ
C:\WEB\TREPDEV\TREPIDATION\TREP-ENGINE\BUILD\QUAKE3_RELEASE\CL_CGAME.OBJ
C:\WEB\TREPDEV\TREPIDATION\TREP-ENGINE\BUILD\QUAKE3_RELEASE\CL_CIN.OBJ
C:\WEB\TREPDEV\TREPIDATION\TREP-ENGINE\BUILD\QUAKE3_RELEASE\CL_CONSOLE.OBJ
C:\WEB\TREPDEV\TREPIDATION\TREP-ENGINE\BUILD\QUAKE3_RELEASE\CL_CURL.OBJ
C:\WEB\TREPDEV\TREPIDATION\TREP-ENGINE\BUILD\QUAKE3_RELEASE\CL_INPUT.OBJ
C:\WEB\TREPDEV\TREPIDATION\TREP-ENGINE\BUILD\QUAKE3_RELEASE\CL_KEYS.OBJ
C:\WEB\TREPDEV\TREPIDATION\TREP-ENGINE\BUILD\QUAKE3_RELEASE\CL_MAIN.OBJ
C:\WEB\TREPDEV\TREPIDATION\TREP-ENGINE\BUILD\QUAKE3_RELEASE\CL_NET_CHAN.OBJ
C:\WEB\TREPDEV\TREPIDATION\TREP-ENGINE\BUILD\QUAKE3_RELEASE\CL_PARSE.OBJ
C:\WEB\TREPDEV\TREPIDATION\TREP-ENGINE\BUILD\QUAKE3_RELEASE\CL_SCRN.OBJ
C:\WEB\TREPDEV\TREPIDATION\TREP-ENGINE\BUILD\QUAKE3_RELEASE\CL_UI.OBJ
C:\WEB\TREPDEV\TREPIDATION\TREP-ENGINE\BUILD\QUAKE3_RELEASE\CM_LOAD.OBJ
C:\WEB\TREPDEV\TREPIDATION\TREP-ENGINE\BUILD\QUAKE3_RELEASE\CM_PATCH.OBJ
C:\WEB\TREPDEV\TREPIDATION\TREP-ENGINE\BUILD\QUAKE3_RELEASE\CM_POLYLIB.OBJ
C:\WEB\TREPDEV\TREPIDATION\TREP-ENGINE\BUILD\QUAKE3_RELEASE\CM_TEST.OBJ
C:\WEB\TREPDEV\TREPIDATION\TREP-ENGINE\BUILD\QUAKE3_RELEASE\CM_TRACE.OBJ
C:\WEB\TREPDEV\TREPIDATION\TREP-ENGINE\BUILD\QUAKE3_RELEASE\CMD.OBJ
C:\WEB\TREPDEV\TREPIDATION\TREP-ENGINE\BUILD\QUAKE3_RELEASE\COMMON.OBJ
C:\WEB\TREPDEV\TREPIDATION\TREP-ENGINE\BUILD\QUAKE3_RELEASE\CON_LOG.OBJ
C:\WEB\TREPDEV\TREPIDATION\TREP-ENGINE\BUILD\QUAKE3_RELEASE\CON_PASSIVE.OBJ
C:\WEB\TREPDEV\TREPIDATION\TREP-ENGINE\BUILD\QUAKE3_RELEASE\CRC32.OBJ
C:\WEB\TREPDEV\TREPIDATION\TREP-ENGINE\BUILD\QUAKE3_RELEASE\CVAR.OBJ
C:\WEB\TREPDEV\TREPIDATION\TREP-ENGINE\BUILD\QUAKE3_RELEASE\EXC_10_16_TABLE.OBJ
C:\WEB\TREPDEV\TREPIDATION\TREP-ENGINE\BUILD\QUAKE3_RELEASE\EXC_10_32_TABLE.OBJ
C:\WEB\TREPDEV\TREPIDATION\TREP-ENGINE\BUILD\QUAKE3_RELEASE\EXC_20_32_TABLE.OBJ
C:\WEB\TREPDEV\TREPIDATION\TREP-ENGINE\BUILD\QUAKE3_RELEASE\EXC_5_256_TABLE.OBJ
C:\WEB\TREPDEV\TREPIDATION\TREP-ENGINE\BUILD\QUAKE3_RELEASE\EXC_5_64_TABLE.OBJ
C:\WEB\TREPDEV\TREPIDATION\TREP-ENGINE\BUILD\QUAKE3_RELEASE\EXC_8_128_TABLE.OBJ
C:\WEB\TREPDEV\TREPIDATION\TREP-ENGINE\BUILD\QUAKE3_RELEASE\FFTWRAP.OBJ
C:\WEB\TREPDEV\TREPIDATION\TREP-ENGINE\BUILD\QUAKE3_RELEASE\FILES.OBJ
C:\WEB\TREPDEV\TREPIDATION\TREP-ENGINE\BUILD\QUAKE3_RELEASE\FILTERBANK.OBJ
C:\WEB\TREPDEV\TREPIDATION\TREP-ENGINE\BUILD\QUAKE3_RELEASE\FILTERS.OBJ
C:\WEB\TREPDEV\TREPIDATION\TREP-ENGINE\BUILD\QUAKE3_RELEASE\GAIN_TABLE.OBJ
C:\WEB\TREPDEV\TREPIDATION\TREP-ENGINE\BUILD\QUAKE3_RELEASE\GAIN_TABLE_LBR.OBJ
C:\WEB\TREPDEV\TREPIDATION\TREP-ENGINE\BUILD\QUAKE3_RELEASE\HEXC_10_32_TABLE.OBJ
C:\WEB\TREPDEV\TREPIDATION\TREP-ENGINE\BUILD\QUAKE3_RELEASE\HEXC_TABLE.OBJ
C:\WEB\TREPDEV\TREPIDATION\TREP-ENGINE\BUILD\QUAKE3_RELEASE\HIGH_LSP_TABLES.OBJ
C:\WEB\TREPDEV\TREPIDATION\TREP-ENGINE\BUILD\QUAKE3_RELEASE\HUFFMAN.OBJ
C:\WEB\TREPDEV\TREPIDATION\TREP-ENGINE\BUILD\QUAKE3_RELEASE\INFFAST.OBJ
C:\WEB\TREPDEV\TREPIDATION\TREP-ENGINE\BUILD\QUAKE3_RELEASE\INFLATE.OBJ
C:\WEB\TREPDEV\TREPIDATION\TREP-ENGINE\BUILD\QUAKE3_RELEASE\INFTREES.OBJ
C:\WEB\TREPDEV\TREPIDATION\TREP-ENGINE\BUILD\QUAKE3_RELEASE\IOAPI.OBJ
C:\WEB\TREPDEV\TREPIDATION\TREP-ENGINE\BUILD\QUAKE3_RELEASE\JCAPIMIN.OBJ
C:\WEB\TREPDEV\TREPIDATION\TREP-ENGINE\BUILD\QUAKE3_RELEASE\JCAPISTD.OBJ
C:\WEB\TREPDEV\TREPIDATION\TREP-ENGINE\BUILD\QUAKE3_RELEASE\JCCOEFCT.OBJ
C:\WEB\TREPDEV\TREPIDATION\TREP-ENGINE\BUILD\QUAKE3_RELEASE\JCCOLOR.OBJ
C:\WEB\TREPDEV\TREPIDATION\TREP-ENGINE\BUILD\QUAKE3_RELEASE\JCDCTMGR.OBJ
C:\WEB\TREPDEV\TREPIDATION\TREP-ENGINE\BUILD\QUAKE3_RELEASE\JCHUFF.OBJ
C:\WEB\TREPDEV\TREPIDATION\TREP-ENGINE\BUILD\QUAKE3_RELEASE\JCINIT.OBJ
C:\WEB\TREPDEV\TREPIDATION\TREP-ENGINE\BUILD\QUAKE3_RELEASE\JCMAINCT.OBJ
C:\WEB\TREPDEV\TREPIDATION\TREP-ENGINE\BUILD\QUAKE3_RELEASE\JCMARKER.OBJ
C:\WEB\TREPDEV\TREPIDATION\TREP-ENGINE\BUILD\QUAKE3_RELEASE\JCMASTER.OBJ
C:\WEB\TREPDEV\TREPIDATION\TREP-ENGINE\BUILD\QUAKE3_RELEASE\JCOMAPI.OBJ
C:\WEB\TREPDEV\TREPIDATION\TREP-ENGINE\BUILD\QUAKE3_RELEASE\JCPARAM.OBJ
C:\WEB\TREPDEV\TREPIDATION\TREP-ENGINE\BUILD\QUAKE3_RELEASE\JCPHUFF.OBJ
C:\WEB\TREPDEV\TREPIDATION\TREP-ENGINE\BUILD\QUAKE3_RELEASE\JCPREPCT.OBJ
C:\WEB\TREPDEV\TREPIDATION\TREP-ENGINE\BUILD\QUAKE3_RELEASE\JCSAMPLE.OBJ
C:\WEB\TREPDEV\TREPIDATION\TREP-ENGINE\BUILD\QUAKE3_RELEASE\JDAPIMIN.OBJ
C:\WEB\TREPDEV\TREPIDATION\TREP-ENGINE\BUILD\QUAKE3_RELEASE\JDAPISTD.OBJ
C:\WEB\TREPDEV\TREPIDATION\TREP-ENGINE\BUILD\QUAKE3_RELEASE\JDATASRC.OBJ
C:\WEB\TREPDEV\TREPIDATION\TREP-ENGINE\BUILD\QUAKE3_RELEASE\JDCOEFCT.OBJ
C:\WEB\TREPDEV\TREPIDATION\TREP-ENGINE\BUILD\QUAKE3_RELEASE\JDCOLOR.OBJ
C:\WEB\TREPDEV\TREPIDATION\TREP-ENGINE\BUILD\QUAKE3_RELEASE\JDDCTMGR.OBJ
C:\WEB\TREPDEV\TREPIDATION\TREP-ENGINE\BUILD\QUAKE3_RELEASE\JDHUFF.OBJ
C:\WEB\TREPDEV\TREPIDATION\TREP-ENGINE\BUILD\QUAKE3_RELEASE\JDINPUT.OBJ
C:\WEB\TREPDEV\TREPIDATION\TREP-ENGINE\BUILD\QUAKE3_RELEASE\JDMAINCT.OBJ
C:\WEB\TREPDEV\TREPIDATION\TREP-ENGINE\BUILD\QUAKE3_RELEASE\JDMARKER.OBJ
C:\WEB\TREPDEV\TREPIDATION\TREP-ENGINE\BUILD\QUAKE3_RELEASE\JDMASTER.OBJ
C:\WEB\TREPDEV\TREPIDATION\TREP-ENGINE\BUILD\QUAKE3_RELEASE\JDPOSTCT.OBJ
C:\WEB\TREPDEV\TREPIDATION\TREP-ENGINE\BUILD\QUAKE3_RELEASE\JDSAMPLE.OBJ
C:\WEB\TREPDEV\TREPIDATION\TREP-ENGINE\BUILD\QUAKE3_RELEASE\JDTRANS.OBJ
C:\WEB\TREPDEV\TREPIDATION\TREP-ENGINE\BUILD\QUAKE3_RELEASE\JERROR.OBJ
C:\WEB\TREPDEV\TREPIDATION\TREP-ENGINE\BUILD\QUAKE3_RELEASE\JFDCTFLT.OBJ
C:\WEB\TREPDEV\TREPIDATION\TREP-ENGINE\BUILD\QUAKE3_RELEASE\JIDCTFLT.OBJ
C:\WEB\TREPDEV\TREPIDATION\TREP-ENGINE\BUILD\QUAKE3_RELEASE\JITTER.OBJ
C:\WEB\TREPDEV\TREPIDATION\TREP-ENGINE\BUILD\QUAKE3_RELEASE\JMEMMGR.OBJ
C:\WEB\TREPDEV\TREPIDATION\TREP-ENGINE\BUILD\QUAKE3_RELEASE\JMEMNOBS.OBJ
C:\WEB\TREPDEV\TREPIDATION\TREP-ENGINE\BUILD\QUAKE3_RELEASE\JUTILS.OBJ
C:\WEB\TREPDEV\TREPIDATION\TREP-ENGINE\BUILD\QUAKE3_RELEASE\KISS_FFT.OBJ
C:\WEB\TREPDEV\TREPIDATION\TREP-ENGINE\BUILD\QUAKE3_RELEASE\KISS_FFTR.OBJ
C:\WEB\TREPDEV\TREPIDATION\TREP-ENGINE\BUILD\QUAKE3_RELEASE\L_CRC.OBJ
C:\WEB\TREPDEV\TREPIDATION\TREP-ENGINE\BUILD\QUAKE3_RELEASE\L_LIBVAR.OBJ
C:\WEB\TREPDEV\TREPIDATION\TREP-ENGINE\BUILD\QUAKE3_RELEASE\L_LOG.OBJ
C:\WEB\TREPDEV\TREPIDATION\TREP-ENGINE\BUILD\QUAKE3_RELEASE\L_MEMORY.OBJ
C:\WEB\TREPDEV\TREPIDATION\TREP-ENGINE\BUILD\QUAKE3_RELEASE\L_PRECOMP.OBJ
C:\WEB\TREPDEV\TREPIDATION\TREP-ENGINE\BUILD\QUAKE3_RELEASE\L_SCRIPT.OBJ
C:\WEB\TREPDEV\TREPIDATION\TREP-ENGINE\BUILD\QUAKE3_RELEASE\L_STRUCT.OBJ
C:\WEB\TREPDEV\TREPIDATION\TREP-ENGINE\BUILD\QUAKE3_RELEASE\LPC.OBJ
C:\WEB\TREPDEV\TREPIDATION\TREP-ENGINE\BUILD\QUAKE3_RELEASE\LSP.OBJ
C:\WEB\TREPDEV\TREPIDATION\TREP-ENGINE\BUILD\QUAKE3_RELEASE\LSP_TABLES_NB.OBJ
C:\WEB\TREPDEV\TREPIDATION\TREP-ENGINE\BUILD\QUAKE3_RELEASE\LTP.OBJ
C:\WEB\TREPDEV\TREPIDATION\TREP-ENGINE\BUILD\QUAKE3_RELEASE\MD4.OBJ
C:\WEB\TREPDEV\TREPIDATION\TREP-ENGINE\BUILD\QUAKE3_RELEASE\MD5.OBJ
C:\WEB\TREPDEV\TREPIDATION\TREP-ENGINE\BUILD\QUAKE3_RELEASE\MDF.OBJ
C:\WEB\TREPDEV\TREPIDATION\TREP-ENGINE\BUILD\QUAKE3_RELEASE\MODES.OBJ
C:\WEB\TREPDEV\TREPIDATION\TREP-ENGINE\BUILD\QUAKE3_RELEASE\MODES_WB.OBJ
C:\WEB\TREPDEV\TREPIDATION\TREP-ENGINE\BUILD\QUAKE3_RELEASE\MSG.OBJ
C:\WEB\TREPDEV\TREPIDATION\TREP-ENGINE\BUILD\QUAKE3_RELEASE\NB_CELP.OBJ
C:\WEB\TREPDEV\TREPIDATION\TREP-ENGINE\BUILD\QUAKE3_RELEASE\NET_CHAN.OBJ
C:\WEB\TREPDEV\TREPIDATION\TREP-ENGINE\BUILD\QUAKE3_RELEASE\NET_IP.OBJ
C:\WEB\TREPDEV\TREPIDATION\TREP-ENGINE\BUILD\QUAKE3_RELEASE\PREPROCESS.OBJ
C:\WEB\TREPDEV\TREPIDATION\TREP-ENGINE\BUILD\QUAKE3_RELEASE\PUFF.OBJ
C:\WEB\TREPDEV\TREPIDATION\TREP-ENGINE\BUILD\QUAKE3_RELEASE\Q_MATH.OBJ
C:\WEB\TREPDEV\TREPIDATION\TREP-ENGINE\BUILD\QUAKE3_RELEASE\Q_SHARED.OBJ
C:\WEB\TREPDEV\TREPIDATION\TREP-ENGINE\BUILD\QUAKE3_RELEASE\QAL.OBJ
C:\web\trepdev\trepidation\trep-engine\build\quake3_release\quake3.write.1.tlog
C:\WEB\TREPDEV\TREPIDATION\TREP-ENGINE\BUILD\QUAKE3_RELEASE\QUANT_LSP.OBJ
C:\WEB\TREPDEV\TREPIDATION\TREP-ENGINE\BUILD\QUAKE3_RELEASE\RESAMPLE.OBJ
C:\WEB\TREPDEV\TREPIDATION\TREP-ENGINE\BUILD\QUAKE3_RELEASE\SB_CELP.OBJ
C:\WEB\TREPDEV\TREPIDATION\TREP-ENGINE\BUILD\QUAKE3_RELEASE\SDL_GAMMA.OBJ
C:\WEB\TREPDEV\TREPIDATION\TREP-ENGINE\BUILD\QUAKE3_RELEASE\SDL_GLIMP.OBJ
C:\WEB\TREPDEV\TREPIDATION\TREP-ENGINE\BUILD\QUAKE3_RELEASE\SDL_INPUT.OBJ
C:\WEB\TREPDEV\TREPIDATION\TREP-ENGINE\BUILD\QUAKE3_RELEASE\SDL_SND.OBJ
C:\WEB\TREPDEV\TREPIDATION\TREP-ENGINE\BUILD\QUAKE3_RELEASE\SMALLFT.OBJ
C:\WEB\TREPDEV\TREPIDATION\TREP-ENGINE\BUILD\QUAKE3_RELEASE\SND_ADPCM.OBJ
C:\WEB\TREPDEV\TREPIDATION\TREP-ENGINE\BUILD\QUAKE3_RELEASE\SND_CODEC.OBJ
C:\WEB\TREPDEV\TREPIDATION\TREP-ENGINE\BUILD\QUAKE3_RELEASE\SND_CODEC_OGG.OBJ
C:\WEB\TREPDEV\TREPIDATION\TREP-ENGINE\BUILD\QUAKE3_RELEASE\SND_CODEC_WAV.OBJ
C:\WEB\TREPDEV\TREPIDATION\TREP-ENGINE\BUILD\QUAKE3_RELEASE\SND_DMA.OBJ
C:\WEB\TREPDEV\TREPIDATION\TREP-ENGINE\BUILD\QUAKE3_RELEASE\SND_MAIN.OBJ
C:\WEB\TREPDEV\TREPIDATION\TREP-ENGINE\BUILD\QUAKE3_RELEASE\SND_MEM.OBJ
C:\WEB\TREPDEV\TREPIDATION\TREP-ENGINE\BUILD\QUAKE3_RELEASE\SND_MIX.OBJ
C:\WEB\TREPDEV\TREPIDATION\TREP-ENGINE\BUILD\QUAKE3_RELEASE\SND_WAVELET.OBJ
C:\WEB\TREPDEV\TREPIDATION\TREP-ENGINE\BUILD\QUAKE3_RELEASE\SPEEX.OBJ
C:\WEB\TREPDEV\TREPIDATION\TREP-ENGINE\BUILD\QUAKE3_RELEASE\SPEEX_CALLBACKS.OBJ
C:\WEB\TREPDEV\TREPIDATION\TREP-ENGINE\BUILD\QUAKE3_RELEASE\SPEEX_HEADER.OBJ
C:\WEB\TREPDEV\TREPIDATION\TREP-ENGINE\BUILD\QUAKE3_RELEASE\STEREO.OBJ
C:\WEB\TREPDEV\TREPIDATION\TREP-ENGINE\BUILD\QUAKE3_RELEASE\SV_BOT.OBJ
C:\WEB\TREPDEV\TREPIDATION\TREP-ENGINE\BUILD\QUAKE3_RELEASE\SV_CCMDS.OBJ
C:\WEB\TREPDEV\TREPIDATION\TREP-ENGINE\BUILD\QUAKE3_RELEASE\SV_CLIENT.OBJ
C:\WEB\TREPDEV\TREPIDATION\TREP-ENGINE\BUILD\QUAKE3_RELEASE\SV_GAME.OBJ
C:\WEB\TREPDEV\TREPIDATION\TREP-ENGINE\BUILD\QUAKE3_RELEASE\SV_INIT.OBJ
C:\WEB\TREPDEV\TREPIDATION\TREP-ENGINE\BUILD\QUAKE3_RELEASE\SV_MAIN.OBJ
C:\WEB\TREPDEV\TREPIDATION\TREP-ENGINE\BUILD\QUAKE3_RELEASE\SV_NET_CHAN.OBJ
C:\WEB\TREPDEV\TREPIDATION\TREP-ENGINE\BUILD\QUAKE3_RELEASE\SV_SNAPSHOT.OBJ
C:\WEB\TREPDEV\TREPIDATION\TREP-ENGINE\BUILD\QUAKE3_RELEASE\SV_WORLD.OBJ
C:\WEB\TREPDEV\TREPIDATION\TREP-ENGINE\BUILD\QUAKE3_RELEASE\SYS_MAIN.OBJ
C:\WEB\TREPDEV\TREPIDATION\TREP-ENGINE\BUILD\QUAKE3_RELEASE\SYS_WIN32.OBJ
C:\WEB\TREPDEV\TREPIDATION\TREP-ENGINE\BUILD\QUAKE3_RELEASE\TR_ANIMATION.OBJ
C:\WEB\TREPDEV\TREPIDATION\TREP-ENGINE\BUILD\QUAKE3_RELEASE\TR_BACKEND.OBJ
C:\WEB\TREPDEV\TREPIDATION\TREP-ENGINE\BUILD\QUAKE3_RELEASE\TR_BSP.OBJ
C:\WEB\TREPDEV\TREPIDATION\TREP-ENGINE\BUILD\QUAKE3_RELEASE\TR_CMDS.OBJ
C:\WEB\TREPDEV\TREPIDATION\TREP-ENGINE\BUILD\QUAKE3_RELEASE\TR_CURVE.OBJ
C:\WEB\TREPDEV\TREPIDATION\TREP-ENGINE\BUILD\QUAKE3_RELEASE\TR_FLARES.OBJ
C:\WEB\TREPDEV\TREPIDATION\TREP-ENGINE\BUILD\QUAKE3_RELEASE\TR_FONT.OBJ
C:\WEB\TREPDEV\TREPIDATION\TREP-ENGINE\BUILD\QUAKE3_RELEASE\TR_IMAGE.OBJ
C:\WEB\TREPDEV\TREPIDATION\TREP-ENGINE\BUILD\QUAKE3_RELEASE\TR_IMAGE_BMP.OBJ
C:\WEB\TREPDEV\TREPIDATION\TREP-ENGINE\BUILD\QUAKE3_RELEASE\TR_IMAGE_JPG.OBJ
C:\WEB\TREPDEV\TREPIDATION\TREP-ENGINE\BUILD\QUAKE3_RELEASE\TR_IMAGE_PCX.OBJ
C:\WEB\TREPDEV\TREPIDATION\TREP-ENGINE\BUILD\QUAKE3_RELEASE\TR_IMAGE_PNG.OBJ
C:\WEB\TREPDEV\TREPIDATION\TREP-ENGINE\BUILD\QUAKE3_RELEASE\TR_IMAGE_TGA.OBJ
C:\WEB\TREPDEV\TREPIDATION\TREP-ENGINE\BUILD\QUAKE3_RELEASE\TR_INIT.OBJ
C:\WEB\TREPDEV\TREPIDATION\TREP-ENGINE\BUILD\QUAKE3_RELEASE\TR_LIGHT.OBJ
C:\WEB\TREPDEV\TREPIDATION\TREP-ENGINE\BUILD\QUAKE3_RELEASE\TR_MAIN.OBJ
C:\WEB\TREPDEV\TREPIDATION\TREP-ENGINE\BUILD\QUAKE3_RELEASE\TR_MARKS.OBJ
C:\WEB\TREPDEV\TREPIDATION\TREP-ENGINE\BUILD\QUAKE3_RELEASE\TR_MESH.OBJ
C:\WEB\TREPDEV\TREPIDATION\TREP-ENGINE\BUILD\QUAKE3_RELEASE\TR_MODEL.OBJ
C:\WEB\TREPDEV\TREPIDATION\TREP-ENGINE\BUILD\QUAKE3_RELEASE\TR_NOISE.OBJ
C:\WEB\TREPDEV\TREPIDATION\TREP-ENGINE\BUILD\QUAKE3_RELEASE\TR_SCENE.OBJ
C:\WEB\TREPDEV\TREPIDATION\TREP-ENGINE\BUILD\QUAKE3_RELEASE\TR_SHADE.OBJ
C:\WEB\TREPDEV\TREPIDATION\TREP-ENGINE\BUILD\QUAKE3_RELEASE\TR_SHADE_CALC.OBJ
C:\WEB\TREPDEV\TREPIDATION\TREP-ENGINE\BUILD\QUAKE3_RELEASE\TR_SHADER.OBJ
C:\WEB\TREPDEV\TREPIDATION\TREP-ENGINE\BUILD\QUAKE3_RELEASE\TR_SHADOWS.OBJ
C:\WEB\TREPDEV\TREPIDATION\TREP-ENGINE\BUILD\QUAKE3_RELEASE\TR_SKY.OBJ
C:\WEB\TREPDEV\TREPIDATION\TREP-ENGINE\BUILD\QUAKE3_RELEASE\TR_SURFACE.OBJ
C:\WEB\TREPDEV\TREPIDATION\TREP-ENGINE\BUILD\QUAKE3_RELEASE\TR_WORLD.OBJ
C:\WEB\TREPDEV\TREPIDATION\TREP-ENGINE\BUILD\QUAKE3_RELEASE\UNZIP.OBJ
C:\WEB\TREPDEV\TREPIDATION\TREP-ENGINE\BUILD\QUAKE3_RELEASE\VBR.OBJ
C:\web\trepdev\trepidation\trep-engine\build\quake3_release\vc100.pdb
C:\WEB\TREPDEV\TREPIDATION\TREP-ENGINE\BUILD\QUAKE3_RELEASE\VM.OBJ
C:\WEB\TREPDEV\TREPIDATION\TREP-ENGINE\BUILD\QUAKE3_RELEASE\VM_INTERPRETED.OBJ
C:\WEB\TREPDEV\TREPIDATION\TREP-ENGINE\BUILD\QUAKE3_RELEASE\VM_X86.OBJ
C:\WEB\TREPDEV\TREPIDATION\TREP-ENGINE\BUILD\QUAKE3_RELEASE\VQ.OBJ
C:\WEB\TREPDEV\TREPIDATION\TREP-ENGINE\BUILD\QUAKE3_RELEASE\WINDOW.OBJ
C:\WEB\TREPDEV\TREPIDATION\TREP-ENGINE\BUILD\QUAKE3_RELEASE\ZUTIL.OBJ
