Build started 11/6/2016 12:53:06 AM.
     1>Project "C:\web\trepdev\trepidation\vms-source\code\q3_ui\q3_ui.vcxproj" on node 2 (LibLinkOnly target(s)).
     1>C:\Program Files\MSBuild\Microsoft.Cpp\v4.0\Microsoft.CppBuild.targets(990,5): warning MSB8012: TargetPath(C:\web\trepdev\trepidation\vms-source\code\q3_ui\.\Release\q3_ui.dll) does not match the Linker's OutputFile property value (C:\web\trepdev\trepidation\vms-source\code\Release\uix86.dll). This may cause your project to build incorrectly. To correct this, please make sure that $(OutDir), $(TargetName) and $(TargetExt) property values match the value specified in %(Link.OutputFile).
     1>C:\Program Files\MSBuild\Microsoft.Cpp\v4.0\Microsoft.CppBuild.targets(992,5): warning MSB8012: TargetName(q3_ui) does not match the Linker's OutputFile property value (uix86). This may cause your project to build incorrectly. To correct this, please make sure that $(OutDir), $(TargetName) and $(TargetExt) property values match the value specified in %(Link.OutputFile).
     1>Link:
         C:\Program Files\Microsoft Visual Studio 10.0\VC\bin\link.exe /ERRORREPORT:PROMPT /OUT:"../Release/uix86.dll" /INCREMENTAL:NO /NOLOGO kernel32.lib user32.lib gdi32.lib winspool.lib comdlg32.lib advapi32.lib shell32.lib ole32.lib oleaut32.lib uuid.lib odbc32.lib odbccp32.lib /DEF:".\ui.def" /MANIFEST /ManifestFile:".\Release\q3_ui.dll.intermediate.manifest" /MANIFESTUAC:"level='asInvoker' uiAccess='false'" /PDB:".\Release/uix86.pdb" /TLBID:1 /DYNAMICBASE /NXCOMPAT /IMPLIB:".\Release/uix86.lib" /MACHINE:X86 /DLL .\Release/bg_misc.obj
         .\Release/q_math.obj
         .\Release/q_shared.obj
         .\Release/ui_addbots.obj
         .\Release/ui_atoms.obj
         .\Release/ui_cdkey.obj
         .\Release/ui_cinematics.obj
         .\Release/ui_confirm.obj
         .\Release/ui_connect.obj
         .\Release/ui_controls2.obj
         .\Release/ui_credits.obj
         .\Release/ui_demo2.obj
         .\Release/ui_display.obj
         .\Release/ui_gameinfo.obj
         .\Release/ui_ingame.obj
         .\Release/ui_main.obj
         .\Release/ui_menu.obj
         .\Release/ui_mfield.obj
         .\Release/ui_mods.obj
         .\Release/ui_network.obj
         .\Release/ui_offline.obj
         .\Release/ui_options.obj
         .\Release/ui_playermodel.obj
         .\Release/ui_players.obj
         .\Release/ui_playersettings.obj
         .\Release/ui_preferences.obj
         .\Release/ui_qmenu.obj
         .\Release/ui_removebots.obj
         .\Release/ui_serverinfo.obj
         .\Release/ui_servers2.obj
         .\Release/ui_setup.obj
         .\Release/ui_singleplayer.obj
         .\Release/ui_sound.obj
         .\Release/ui_sparena.obj
         .\Release/ui_specifyserver.obj
         .\Release/ui_splevel.obj
         .\Release/ui_sppostgame.obj
         .\Release/ui_spreset.obj
         .\Release/ui_spskill.obj
         .\Release/ui_startserver.obj
         .\Release/ui_syscalls.obj
         .\Release/ui_team.obj
         .\Release/ui_teamorders.obj
         .\Release/ui_video.obj
         .\Release/ui_voip.obj
         "C:\web\trepdev\trepidation\vms-source\code\cgame\Release\cgamex86.lib"
         "C:\web\trepdev\trepidation\vms-source\code\game\Release\qagamex86.lib"
     1>LINK : fatal error LNK1181: cannot open input file 'C:\web\trepdev\trepidation\vms-source\code\cgame\Release\cgamex86.lib'
     1>Done Building Project "C:\web\trepdev\trepidation\vms-source\code\q3_ui\q3_ui.vcxproj" (LibLinkOnly target(s)) -- FAILED.

Build FAILED.

Time Elapsed 00:00:00.84
