C:\WEB\TREPDEV\TREPIDATION\VMS-SOURCE\CODE\Q3_UI\RELEASE\BG_MISC.OBJ
C:\WEB\TREPDEV\TREPIDATION\VMS-SOURCE\CODE\Q3_UI\RELEASE\BG_MISC.SBR
C:\web\trepdev\trepidation\vms-source\code\q3_ui\Release\cl.command.1.tlog
C:\web\trepdev\trepidation\vms-source\code\q3_ui\Release\CL.read.1.tlog
C:\web\trepdev\trepidation\vms-source\code\q3_ui\Release\CL.write.1.tlog
C:\web\trepdev\trepidation\vms-source\code\q3_ui\Release\link.command.1.tlog
C:\web\trepdev\trepidation\vms-source\code\q3_ui\Release\link.read.1.tlog
C:\web\trepdev\trepidation\vms-source\code\q3_ui\Release\link.write.1.tlog
C:\WEB\TREPDEV\TREPIDATION\VMS-SOURCE\CODE\Q3_UI\RELEASE\Q_MATH.OBJ
C:\WEB\TREPDEV\TREPIDATION\VMS-SOURCE\CODE\Q3_UI\RELEASE\Q_MATH.SBR
C:\WEB\TREPDEV\TREPIDATION\VMS-SOURCE\CODE\Q3_UI\RELEASE\Q_SHARED.OBJ
C:\WEB\TREPDEV\TREPIDATION\VMS-SOURCE\CODE\Q3_UI\RELEASE\Q_SHARED.SBR
C:\web\trepdev\trepidation\vms-source\code\q3_ui\Release\q3_ui.vcxprojResolveAssemblyReference.cache
C:\web\trepdev\trepidation\vms-source\code\q3_ui\Release\q3_ui.write.1.tlog
C:\WEB\TREPDEV\TREPIDATION\VMS-SOURCE\CODE\Q3_UI\RELEASE\UI_ADDBOTS.OBJ
C:\WEB\TREPDEV\TREPIDATION\VMS-SOURCE\CODE\Q3_UI\RELEASE\UI_ADDBOTS.SBR
C:\WEB\TREPDEV\TREPIDATION\VMS-SOURCE\CODE\Q3_UI\RELEASE\UI_ATOMS.OBJ
C:\WEB\TREPDEV\TREPIDATION\VMS-SOURCE\CODE\Q3_UI\RELEASE\UI_ATOMS.SBR
C:\WEB\TREPDEV\TREPIDATION\VMS-SOURCE\CODE\Q3_UI\RELEASE\UI_CDKEY.OBJ
C:\WEB\TREPDEV\TREPIDATION\VMS-SOURCE\CODE\Q3_UI\RELEASE\UI_CDKEY.SBR
C:\WEB\TREPDEV\TREPIDATION\VMS-SOURCE\CODE\Q3_UI\RELEASE\UI_CINEMATICS.OBJ
C:\WEB\TREPDEV\TREPIDATION\VMS-SOURCE\CODE\Q3_UI\RELEASE\UI_CINEMATICS.SBR
C:\WEB\TREPDEV\TREPIDATION\VMS-SOURCE\CODE\Q3_UI\RELEASE\UI_CONFIRM.OBJ
C:\WEB\TREPDEV\TREPIDATION\VMS-SOURCE\CODE\Q3_UI\RELEASE\UI_CONFIRM.SBR
C:\WEB\TREPDEV\TREPIDATION\VMS-SOURCE\CODE\Q3_UI\RELEASE\UI_CONNECT.OBJ
C:\WEB\TREPDEV\TREPIDATION\VMS-SOURCE\CODE\Q3_UI\RELEASE\UI_CONNECT.SBR
C:\WEB\TREPDEV\TREPIDATION\VMS-SOURCE\CODE\Q3_UI\RELEASE\UI_CONTROLS2.OBJ
C:\WEB\TREPDEV\TREPIDATION\VMS-SOURCE\CODE\Q3_UI\RELEASE\UI_CONTROLS2.SBR
C:\WEB\TREPDEV\TREPIDATION\VMS-SOURCE\CODE\Q3_UI\RELEASE\UI_CREDITS.OBJ
C:\WEB\TREPDEV\TREPIDATION\VMS-SOURCE\CODE\Q3_UI\RELEASE\UI_CREDITS.SBR
C:\WEB\TREPDEV\TREPIDATION\VMS-SOURCE\CODE\Q3_UI\RELEASE\UI_DEMO2.OBJ
C:\WEB\TREPDEV\TREPIDATION\VMS-SOURCE\CODE\Q3_UI\RELEASE\UI_DEMO2.SBR
C:\WEB\TREPDEV\TREPIDATION\VMS-SOURCE\CODE\Q3_UI\RELEASE\UI_DISPLAY.OBJ
C:\WEB\TREPDEV\TREPIDATION\VMS-SOURCE\CODE\Q3_UI\RELEASE\UI_DISPLAY.SBR
C:\WEB\TREPDEV\TREPIDATION\VMS-SOURCE\CODE\Q3_UI\RELEASE\UI_GAMEINFO.OBJ
C:\WEB\TREPDEV\TREPIDATION\VMS-SOURCE\CODE\Q3_UI\RELEASE\UI_GAMEINFO.SBR
C:\WEB\TREPDEV\TREPIDATION\VMS-SOURCE\CODE\Q3_UI\RELEASE\UI_INGAME.OBJ
C:\WEB\TREPDEV\TREPIDATION\VMS-SOURCE\CODE\Q3_UI\RELEASE\UI_INGAME.SBR
C:\WEB\TREPDEV\TREPIDATION\VMS-SOURCE\CODE\Q3_UI\RELEASE\UI_MAIN.OBJ
C:\WEB\TREPDEV\TREPIDATION\VMS-SOURCE\CODE\Q3_UI\RELEASE\UI_MAIN.SBR
C:\WEB\TREPDEV\TREPIDATION\VMS-SOURCE\CODE\Q3_UI\RELEASE\UI_MENU.OBJ
C:\WEB\TREPDEV\TREPIDATION\VMS-SOURCE\CODE\Q3_UI\RELEASE\UI_MENU.SBR
C:\WEB\TREPDEV\TREPIDATION\VMS-SOURCE\CODE\Q3_UI\RELEASE\UI_MFIELD.OBJ
C:\WEB\TREPDEV\TREPIDATION\VMS-SOURCE\CODE\Q3_UI\RELEASE\UI_MFIELD.SBR
C:\WEB\TREPDEV\TREPIDATION\VMS-SOURCE\CODE\Q3_UI\RELEASE\UI_MODS.OBJ
C:\WEB\TREPDEV\TREPIDATION\VMS-SOURCE\CODE\Q3_UI\RELEASE\UI_MODS.SBR
C:\WEB\TREPDEV\TREPIDATION\VMS-SOURCE\CODE\Q3_UI\RELEASE\UI_NETWORK.OBJ
C:\WEB\TREPDEV\TREPIDATION\VMS-SOURCE\CODE\Q3_UI\RELEASE\UI_NETWORK.SBR
C:\WEB\TREPDEV\TREPIDATION\VMS-SOURCE\CODE\Q3_UI\RELEASE\UI_OFFLINE.OBJ
C:\WEB\TREPDEV\TREPIDATION\VMS-SOURCE\CODE\Q3_UI\RELEASE\UI_OFFLINE.SBR
C:\WEB\TREPDEV\TREPIDATION\VMS-SOURCE\CODE\Q3_UI\RELEASE\UI_OPTIONS.OBJ
C:\WEB\TREPDEV\TREPIDATION\VMS-SOURCE\CODE\Q3_UI\RELEASE\UI_OPTIONS.SBR
C:\WEB\TREPDEV\TREPIDATION\VMS-SOURCE\CODE\Q3_UI\RELEASE\UI_PLAYERMODEL.OBJ
C:\WEB\TREPDEV\TREPIDATION\VMS-SOURCE\CODE\Q3_UI\RELEASE\UI_PLAYERMODEL.SBR
C:\WEB\TREPDEV\TREPIDATION\VMS-SOURCE\CODE\Q3_UI\RELEASE\UI_PLAYERS.OBJ
C:\WEB\TREPDEV\TREPIDATION\VMS-SOURCE\CODE\Q3_UI\RELEASE\UI_PLAYERS.SBR
C:\WEB\TREPDEV\TREPIDATION\VMS-SOURCE\CODE\Q3_UI\RELEASE\UI_PLAYERSETTINGS.OBJ
C:\WEB\TREPDEV\TREPIDATION\VMS-SOURCE\CODE\Q3_UI\RELEASE\UI_PLAYERSETTINGS.SBR
C:\WEB\TREPDEV\TREPIDATION\VMS-SOURCE\CODE\Q3_UI\RELEASE\UI_PREFERENCES.OBJ
C:\WEB\TREPDEV\TREPIDATION\VMS-SOURCE\CODE\Q3_UI\RELEASE\UI_PREFERENCES.SBR
C:\WEB\TREPDEV\TREPIDATION\VMS-SOURCE\CODE\Q3_UI\RELEASE\UI_QMENU.OBJ
C:\WEB\TREPDEV\TREPIDATION\VMS-SOURCE\CODE\Q3_UI\RELEASE\UI_QMENU.SBR
C:\WEB\TREPDEV\TREPIDATION\VMS-SOURCE\CODE\Q3_UI\RELEASE\UI_REMOVEBOTS.OBJ
C:\WEB\TREPDEV\TREPIDATION\VMS-SOURCE\CODE\Q3_UI\RELEASE\UI_REMOVEBOTS.SBR
C:\WEB\TREPDEV\TREPIDATION\VMS-SOURCE\CODE\Q3_UI\RELEASE\UI_SERVERINFO.OBJ
C:\WEB\TREPDEV\TREPIDATION\VMS-SOURCE\CODE\Q3_UI\RELEASE\UI_SERVERINFO.SBR
C:\WEB\TREPDEV\TREPIDATION\VMS-SOURCE\CODE\Q3_UI\RELEASE\UI_SERVERS2.OBJ
C:\WEB\TREPDEV\TREPIDATION\VMS-SOURCE\CODE\Q3_UI\RELEASE\UI_SERVERS2.SBR
C:\WEB\TREPDEV\TREPIDATION\VMS-SOURCE\CODE\Q3_UI\RELEASE\UI_SETUP.OBJ
C:\WEB\TREPDEV\TREPIDATION\VMS-SOURCE\CODE\Q3_UI\RELEASE\UI_SETUP.SBR
C:\WEB\TREPDEV\TREPIDATION\VMS-SOURCE\CODE\Q3_UI\RELEASE\UI_SINGLEPLAYER.OBJ
C:\WEB\TREPDEV\TREPIDATION\VMS-SOURCE\CODE\Q3_UI\RELEASE\UI_SINGLEPLAYER.SBR
C:\WEB\TREPDEV\TREPIDATION\VMS-SOURCE\CODE\Q3_UI\RELEASE\UI_SOUND.OBJ
C:\WEB\TREPDEV\TREPIDATION\VMS-SOURCE\CODE\Q3_UI\RELEASE\UI_SOUND.SBR
C:\WEB\TREPDEV\TREPIDATION\VMS-SOURCE\CODE\Q3_UI\RELEASE\UI_SPARENA.OBJ
C:\WEB\TREPDEV\TREPIDATION\VMS-SOURCE\CODE\Q3_UI\RELEASE\UI_SPARENA.SBR
C:\WEB\TREPDEV\TREPIDATION\VMS-SOURCE\CODE\Q3_UI\RELEASE\UI_SPECIFYSERVER.OBJ
C:\WEB\TREPDEV\TREPIDATION\VMS-SOURCE\CODE\Q3_UI\RELEASE\UI_SPECIFYSERVER.SBR
C:\WEB\TREPDEV\TREPIDATION\VMS-SOURCE\CODE\Q3_UI\RELEASE\UI_SPLEVEL.OBJ
C:\WEB\TREPDEV\TREPIDATION\VMS-SOURCE\CODE\Q3_UI\RELEASE\UI_SPLEVEL.SBR
C:\WEB\TREPDEV\TREPIDATION\VMS-SOURCE\CODE\Q3_UI\RELEASE\UI_SPPOSTGAME.OBJ
C:\WEB\TREPDEV\TREPIDATION\VMS-SOURCE\CODE\Q3_UI\RELEASE\UI_SPPOSTGAME.SBR
C:\WEB\TREPDEV\TREPIDATION\VMS-SOURCE\CODE\Q3_UI\RELEASE\UI_SPRESET.OBJ
C:\WEB\TREPDEV\TREPIDATION\VMS-SOURCE\CODE\Q3_UI\RELEASE\UI_SPRESET.SBR
C:\WEB\TREPDEV\TREPIDATION\VMS-SOURCE\CODE\Q3_UI\RELEASE\UI_SPSKILL.OBJ
C:\WEB\TREPDEV\TREPIDATION\VMS-SOURCE\CODE\Q3_UI\RELEASE\UI_SPSKILL.SBR
C:\WEB\TREPDEV\TREPIDATION\VMS-SOURCE\CODE\Q3_UI\RELEASE\UI_STARTSERVER.OBJ
C:\WEB\TREPDEV\TREPIDATION\VMS-SOURCE\CODE\Q3_UI\RELEASE\UI_STARTSERVER.SBR
C:\WEB\TREPDEV\TREPIDATION\VMS-SOURCE\CODE\Q3_UI\RELEASE\UI_SYSCALLS.OBJ
C:\WEB\TREPDEV\TREPIDATION\VMS-SOURCE\CODE\Q3_UI\RELEASE\UI_SYSCALLS.SBR
C:\WEB\TREPDEV\TREPIDATION\VMS-SOURCE\CODE\Q3_UI\RELEASE\UI_TEAM.OBJ
C:\WEB\TREPDEV\TREPIDATION\VMS-SOURCE\CODE\Q3_UI\RELEASE\UI_TEAM.SBR
C:\WEB\TREPDEV\TREPIDATION\VMS-SOURCE\CODE\Q3_UI\RELEASE\UI_TEAMORDERS.OBJ
C:\WEB\TREPDEV\TREPIDATION\VMS-SOURCE\CODE\Q3_UI\RELEASE\UI_TEAMORDERS.SBR
C:\WEB\TREPDEV\TREPIDATION\VMS-SOURCE\CODE\Q3_UI\RELEASE\UI_VIDEO.OBJ
C:\WEB\TREPDEV\TREPIDATION\VMS-SOURCE\CODE\Q3_UI\RELEASE\UI_VIDEO.SBR
C:\WEB\TREPDEV\TREPIDATION\VMS-SOURCE\CODE\Q3_UI\RELEASE\UI_VOIP.OBJ
C:\WEB\TREPDEV\TREPIDATION\VMS-SOURCE\CODE\Q3_UI\RELEASE\UI_VOIP.SBR
C:\WEB\TREPDEV\TREPIDATION\VMS-SOURCE\CODE\Q3_UI\RELEASE\VC100.PDB
