C:\WEB\TREPDEV\TREPIDATION\VMS-SOURCE\CODE\GAME\RELEASE\AI_CHAT.OBJ
C:\WEB\TREPDEV\TREPIDATION\VMS-SOURCE\CODE\GAME\RELEASE\AI_CMD.OBJ
C:\WEB\TREPDEV\TREPIDATION\VMS-SOURCE\CODE\GAME\RELEASE\AI_DMNET.OBJ
C:\WEB\TREPDEV\TREPIDATION\VMS-SOURCE\CODE\GAME\RELEASE\AI_DMQ3.OBJ
C:\WEB\TREPDEV\TREPIDATION\VMS-SOURCE\CODE\GAME\RELEASE\AI_MAIN.OBJ
C:\WEB\TREPDEV\TREPIDATION\VMS-SOURCE\CODE\GAME\RELEASE\AI_TEAM.OBJ
C:\WEB\TREPDEV\TREPIDATION\VMS-SOURCE\CODE\GAME\RELEASE\AI_VCMD.OBJ
C:\WEB\TREPDEV\TREPIDATION\VMS-SOURCE\CODE\GAME\RELEASE\BG_MISC.OBJ
C:\WEB\TREPDEV\TREPIDATION\VMS-SOURCE\CODE\GAME\RELEASE\BG_PMOVE.OBJ
C:\WEB\TREPDEV\TREPIDATION\VMS-SOURCE\CODE\GAME\RELEASE\BG_SLIDEMOVE.OBJ
C:\web\trepdev\trepidation\vms-source\code\game\Release\cl.command.1.tlog
C:\web\trepdev\trepidation\vms-source\code\game\Release\CL.read.1.tlog
C:\web\trepdev\trepidation\vms-source\code\game\Release\CL.write.1.tlog
C:\WEB\TREPDEV\TREPIDATION\VMS-SOURCE\CODE\GAME\RELEASE\G_ACTIVE.OBJ
C:\WEB\TREPDEV\TREPIDATION\VMS-SOURCE\CODE\GAME\RELEASE\G_ARENAS.OBJ
C:\WEB\TREPDEV\TREPIDATION\VMS-SOURCE\CODE\GAME\RELEASE\G_BOT.OBJ
C:\WEB\TREPDEV\TREPIDATION\VMS-SOURCE\CODE\GAME\RELEASE\G_BUILDABLES.OBJ
C:\WEB\TREPDEV\TREPIDATION\VMS-SOURCE\CODE\GAME\RELEASE\G_CLIENT.OBJ
C:\WEB\TREPDEV\TREPIDATION\VMS-SOURCE\CODE\GAME\RELEASE\G_CMDS.OBJ
C:\WEB\TREPDEV\TREPIDATION\VMS-SOURCE\CODE\GAME\RELEASE\G_COMBAT.OBJ
C:\WEB\TREPDEV\TREPIDATION\VMS-SOURCE\CODE\GAME\RELEASE\G_ITEMS.OBJ
C:\WEB\TREPDEV\TREPIDATION\VMS-SOURCE\CODE\GAME\RELEASE\G_MEM.OBJ
C:\WEB\TREPDEV\TREPIDATION\VMS-SOURCE\CODE\GAME\RELEASE\G_MISC.OBJ
C:\WEB\TREPDEV\TREPIDATION\VMS-SOURCE\CODE\GAME\RELEASE\G_MISSILE.OBJ
C:\WEB\TREPDEV\TREPIDATION\VMS-SOURCE\CODE\GAME\RELEASE\G_MOVER.OBJ
C:\WEB\TREPDEV\TREPIDATION\VMS-SOURCE\CODE\GAME\RELEASE\G_PLAYERCLASS.OBJ
C:\WEB\TREPDEV\TREPIDATION\VMS-SOURCE\CODE\GAME\RELEASE\G_SESSION.OBJ
C:\WEB\TREPDEV\TREPIDATION\VMS-SOURCE\CODE\GAME\RELEASE\G_SPAWN.OBJ
C:\WEB\TREPDEV\TREPIDATION\VMS-SOURCE\CODE\GAME\RELEASE\G_SVCMDS.OBJ
C:\WEB\TREPDEV\TREPIDATION\VMS-SOURCE\CODE\GAME\RELEASE\G_SYSCALLS.OBJ
C:\WEB\TREPDEV\TREPIDATION\VMS-SOURCE\CODE\GAME\RELEASE\G_TARGET.OBJ
C:\WEB\TREPDEV\TREPIDATION\VMS-SOURCE\CODE\GAME\RELEASE\G_TEAM.OBJ
C:\WEB\TREPDEV\TREPIDATION\VMS-SOURCE\CODE\GAME\RELEASE\G_TRIGGER.OBJ
C:\WEB\TREPDEV\TREPIDATION\VMS-SOURCE\CODE\GAME\RELEASE\G_UNLAGGED.OBJ
C:\WEB\TREPDEV\TREPIDATION\VMS-SOURCE\CODE\GAME\RELEASE\G_UTILS.OBJ
C:\WEB\TREPDEV\TREPIDATION\VMS-SOURCE\CODE\GAME\RELEASE\G_WEAPON.OBJ
C:\web\trepdev\trepidation\vms-source\code\game\Release\game.vcxprojResolveAssemblyReference.cache
C:\web\trepdev\trepidation\vms-source\code\game\Release\game.write.1.tlog
C:\WEB\TREPDEV\TREPIDATION\VMS-SOURCE\CODE\GAME\RELEASE\Q_MATH.OBJ
C:\WEB\TREPDEV\TREPIDATION\VMS-SOURCE\CODE\GAME\RELEASE\Q_SHARED.OBJ
C:\web\trepdev\trepidation\vms-source\code\game\Release\vc100.pdb
